[2023-03-03T13:20:42.055+0000] {processor.py:153} INFO - Started process (PID=74) to work on /home/airflow/.local/lib/python3.7/site-packages/airflow/example_dags/example_nested_branch_dag.py
[2023-03-03T13:20:42.057+0000] {processor.py:743} INFO - Processing file /home/airflow/.local/lib/python3.7/site-packages/airflow/example_dags/example_nested_branch_dag.py for tasks to queue
[2023-03-03T13:20:42.057+0000] {logging_mixin.py:137} INFO - [2023-03-03T13:20:42.057+0000] {dagbag.py:538} INFO - Filling up the DagBag from /home/airflow/.local/lib/python3.7/site-packages/airflow/example_dags/example_nested_branch_dag.py
[2023-03-03T13:20:42.102+0000] {processor.py:753} INFO - DAG(s) dict_keys(['example_nested_branch_dag']) retrieved from /home/airflow/.local/lib/python3.7/site-packages/airflow/example_dags/example_nested_branch_dag.py
[2023-03-03T13:20:42.141+0000] {logging_mixin.py:137} INFO - [2023-03-03T13:20:42.140+0000] {dag.py:2690} INFO - Sync 1 DAGs
[2023-03-03T13:20:42.181+0000] {logging_mixin.py:137} INFO - [2023-03-03T13:20:42.180+0000] {dag.py:3441} INFO - Setting next_dagrun for example_nested_branch_dag to 2023-03-02T00:00:00+00:00, run_after=2023-03-03T00:00:00+00:00
[2023-03-03T13:20:42.272+0000] {processor.py:175} INFO - Processing /home/airflow/.local/lib/python3.7/site-packages/airflow/example_dags/example_nested_branch_dag.py took 0.221 seconds
[2023-03-03T13:24:27.302+0000] {processor.py:153} INFO - Started process (PID=173) to work on /home/airflow/.local/lib/python3.7/site-packages/airflow/example_dags/example_nested_branch_dag.py
[2023-03-03T13:24:27.362+0000] {processor.py:743} INFO - Processing file /home/airflow/.local/lib/python3.7/site-packages/airflow/example_dags/example_nested_branch_dag.py for tasks to queue
[2023-03-03T13:24:27.363+0000] {logging_mixin.py:137} INFO - [2023-03-03T13:24:27.363+0000] {dagbag.py:538} INFO - Filling up the DagBag from /home/airflow/.local/lib/python3.7/site-packages/airflow/example_dags/example_nested_branch_dag.py
[2023-03-03T13:24:30.657+0000] {processor.py:753} INFO - DAG(s) dict_keys(['example_nested_branch_dag']) retrieved from /home/airflow/.local/lib/python3.7/site-packages/airflow/example_dags/example_nested_branch_dag.py
[2023-03-03T13:24:38.923+0000] {logging_mixin.py:137} INFO - [2023-03-03T13:24:38.909+0000] {dag.py:2690} INFO - Sync 1 DAGs
[2023-03-03T13:24:41.821+0000] {logging_mixin.py:137} INFO - [2023-03-03T13:24:41.723+0000] {dag.py:3441} INFO - Setting next_dagrun for example_nested_branch_dag to 2023-03-02T00:00:00+00:00, run_after=2023-03-03T00:00:00+00:00
[2023-03-03T13:24:48.457+0000] {processor.py:175} INFO - Processing /home/airflow/.local/lib/python3.7/site-packages/airflow/example_dags/example_nested_branch_dag.py took 21.209 seconds
[2023-03-03T13:28:06.124+0000] {processor.py:153} INFO - Started process (PID=313) to work on /home/airflow/.local/lib/python3.7/site-packages/airflow/example_dags/example_nested_branch_dag.py
[2023-03-03T13:28:06.141+0000] {processor.py:743} INFO - Processing file /home/airflow/.local/lib/python3.7/site-packages/airflow/example_dags/example_nested_branch_dag.py for tasks to queue
[2023-03-03T13:28:06.158+0000] {logging_mixin.py:137} INFO - [2023-03-03T13:28:06.142+0000] {dagbag.py:538} INFO - Filling up the DagBag from /home/airflow/.local/lib/python3.7/site-packages/airflow/example_dags/example_nested_branch_dag.py
[2023-03-03T13:28:07.262+0000] {processor.py:753} INFO - DAG(s) dict_keys(['example_nested_branch_dag']) retrieved from /home/airflow/.local/lib/python3.7/site-packages/airflow/example_dags/example_nested_branch_dag.py
[2023-03-03T13:28:09.748+0000] {logging_mixin.py:137} INFO - [2023-03-03T13:28:09.747+0000] {dag.py:2690} INFO - Sync 1 DAGs
[2023-03-03T13:28:10.361+0000] {logging_mixin.py:137} INFO - [2023-03-03T13:28:10.361+0000] {dag.py:3441} INFO - Setting next_dagrun for example_nested_branch_dag to 2023-03-02T00:00:00+00:00, run_after=2023-03-03T00:00:00+00:00
[2023-03-03T13:28:10.751+0000] {processor.py:175} INFO - Processing /home/airflow/.local/lib/python3.7/site-packages/airflow/example_dags/example_nested_branch_dag.py took 4.687 seconds
[2023-03-03T13:31:24.578+0000] {processor.py:153} INFO - Started process (PID=449) to work on /home/airflow/.local/lib/python3.7/site-packages/airflow/example_dags/example_nested_branch_dag.py
[2023-03-03T13:31:24.603+0000] {processor.py:743} INFO - Processing file /home/airflow/.local/lib/python3.7/site-packages/airflow/example_dags/example_nested_branch_dag.py for tasks to queue
[2023-03-03T13:31:24.605+0000] {logging_mixin.py:137} INFO - [2023-03-03T13:31:24.604+0000] {dagbag.py:538} INFO - Filling up the DagBag from /home/airflow/.local/lib/python3.7/site-packages/airflow/example_dags/example_nested_branch_dag.py
[2023-03-03T13:31:25.179+0000] {processor.py:753} INFO - DAG(s) dict_keys(['example_nested_branch_dag']) retrieved from /home/airflow/.local/lib/python3.7/site-packages/airflow/example_dags/example_nested_branch_dag.py
[2023-03-03T13:31:26.381+0000] {logging_mixin.py:137} INFO - [2023-03-03T13:31:26.381+0000] {dag.py:2690} INFO - Sync 1 DAGs
[2023-03-03T13:31:26.759+0000] {logging_mixin.py:137} INFO - [2023-03-03T13:31:26.759+0000] {dag.py:3441} INFO - Setting next_dagrun for example_nested_branch_dag to 2023-03-02T00:00:00+00:00, run_after=2023-03-03T00:00:00+00:00
[2023-03-03T13:31:26.920+0000] {processor.py:175} INFO - Processing /home/airflow/.local/lib/python3.7/site-packages/airflow/example_dags/example_nested_branch_dag.py took 2.360 seconds
