[2023-03-03T13:20:42.956+0000] {processor.py:153} INFO - Started process (PID=80) to work on /home/airflow/.local/lib/python3.7/site-packages/airflow/example_dags/example_latest_only_with_trigger.py
[2023-03-03T13:20:42.957+0000] {processor.py:743} INFO - Processing file /home/airflow/.local/lib/python3.7/site-packages/airflow/example_dags/example_latest_only_with_trigger.py for tasks to queue
[2023-03-03T13:20:42.958+0000] {logging_mixin.py:137} INFO - [2023-03-03T13:20:42.957+0000] {dagbag.py:538} INFO - Filling up the DagBag from /home/airflow/.local/lib/python3.7/site-packages/airflow/example_dags/example_latest_only_with_trigger.py
[2023-03-03T13:20:42.983+0000] {processor.py:753} INFO - DAG(s) dict_keys(['latest_only_with_trigger']) retrieved from /home/airflow/.local/lib/python3.7/site-packages/airflow/example_dags/example_latest_only_with_trigger.py
[2023-03-03T13:20:43.724+0000] {logging_mixin.py:137} INFO - [2023-03-03T13:20:43.723+0000] {dag.py:2690} INFO - Sync 1 DAGs
[2023-03-03T13:20:43.787+0000] {logging_mixin.py:137} INFO - [2023-03-03T13:20:43.786+0000] {dag.py:3441} INFO - Setting next_dagrun for latest_only_with_trigger to 2023-03-03T09:20:43.785337+00:00, run_after=2023-03-03T13:20:43.785337+00:00
[2023-03-03T13:20:43.829+0000] {processor.py:175} INFO - Processing /home/airflow/.local/lib/python3.7/site-packages/airflow/example_dags/example_latest_only_with_trigger.py took 0.877 seconds
[2023-03-03T13:25:12.660+0000] {processor.py:153} INFO - Started process (PID=200) to work on /home/airflow/.local/lib/python3.7/site-packages/airflow/example_dags/example_latest_only_with_trigger.py
[2023-03-03T13:25:12.708+0000] {processor.py:743} INFO - Processing file /home/airflow/.local/lib/python3.7/site-packages/airflow/example_dags/example_latest_only_with_trigger.py for tasks to queue
[2023-03-03T13:25:12.716+0000] {logging_mixin.py:137} INFO - [2023-03-03T13:25:12.715+0000] {dagbag.py:538} INFO - Filling up the DagBag from /home/airflow/.local/lib/python3.7/site-packages/airflow/example_dags/example_latest_only_with_trigger.py
[2023-03-03T13:25:12.994+0000] {processor.py:753} INFO - DAG(s) dict_keys(['latest_only_with_trigger']) retrieved from /home/airflow/.local/lib/python3.7/site-packages/airflow/example_dags/example_latest_only_with_trigger.py
[2023-03-03T13:25:13.845+0000] {logging_mixin.py:137} INFO - [2023-03-03T13:25:13.841+0000] {dag.py:2690} INFO - Sync 1 DAGs
[2023-03-03T13:25:16.129+0000] {logging_mixin.py:137} INFO - [2023-03-03T13:25:16.129+0000] {dag.py:3441} INFO - Setting next_dagrun for latest_only_with_trigger to 2023-03-03T09:25:16.099046+00:00, run_after=2023-03-03T13:25:16.099046+00:00
[2023-03-03T13:25:18.843+0000] {processor.py:175} INFO - Processing /home/airflow/.local/lib/python3.7/site-packages/airflow/example_dags/example_latest_only_with_trigger.py took 6.339 seconds
[2023-03-03T13:30:12.053+0000] {processor.py:153} INFO - Started process (PID=396) to work on /home/airflow/.local/lib/python3.7/site-packages/airflow/example_dags/example_latest_only_with_trigger.py
[2023-03-03T13:30:12.055+0000] {processor.py:743} INFO - Processing file /home/airflow/.local/lib/python3.7/site-packages/airflow/example_dags/example_latest_only_with_trigger.py for tasks to queue
[2023-03-03T13:30:12.056+0000] {logging_mixin.py:137} INFO - [2023-03-03T13:30:12.056+0000] {dagbag.py:538} INFO - Filling up the DagBag from /home/airflow/.local/lib/python3.7/site-packages/airflow/example_dags/example_latest_only_with_trigger.py
[2023-03-03T13:30:12.307+0000] {processor.py:753} INFO - DAG(s) dict_keys(['latest_only_with_trigger']) retrieved from /home/airflow/.local/lib/python3.7/site-packages/airflow/example_dags/example_latest_only_with_trigger.py
[2023-03-03T13:30:12.535+0000] {logging_mixin.py:137} INFO - [2023-03-03T13:30:12.535+0000] {dag.py:2690} INFO - Sync 1 DAGs
[2023-03-03T13:30:12.679+0000] {logging_mixin.py:137} INFO - [2023-03-03T13:30:12.678+0000] {dag.py:3441} INFO - Setting next_dagrun for latest_only_with_trigger to 2023-03-03T09:30:12.677367+00:00, run_after=2023-03-03T13:30:12.677367+00:00
[2023-03-03T13:30:12.885+0000] {processor.py:175} INFO - Processing /home/airflow/.local/lib/python3.7/site-packages/airflow/example_dags/example_latest_only_with_trigger.py took 0.847 seconds
[2023-03-03T13:32:48.825+0000] {processor.py:153} INFO - Started process (PID=511) to work on /home/airflow/.local/lib/python3.7/site-packages/airflow/example_dags/example_latest_only_with_trigger.py
[2023-03-03T13:32:48.894+0000] {processor.py:743} INFO - Processing file /home/airflow/.local/lib/python3.7/site-packages/airflow/example_dags/example_latest_only_with_trigger.py for tasks to queue
[2023-03-03T13:32:48.951+0000] {logging_mixin.py:137} INFO - [2023-03-03T13:32:48.951+0000] {dagbag.py:538} INFO - Filling up the DagBag from /home/airflow/.local/lib/python3.7/site-packages/airflow/example_dags/example_latest_only_with_trigger.py
[2023-03-03T13:32:53.100+0000] {processor.py:753} INFO - DAG(s) dict_keys(['latest_only_with_trigger']) retrieved from /home/airflow/.local/lib/python3.7/site-packages/airflow/example_dags/example_latest_only_with_trigger.py
[2023-03-03T13:32:53.987+0000] {logging_mixin.py:137} INFO - [2023-03-03T13:32:53.983+0000] {dag.py:2690} INFO - Sync 1 DAGs
[2023-03-03T13:32:54.868+0000] {logging_mixin.py:137} INFO - [2023-03-03T13:32:54.849+0000] {dag.py:3441} INFO - Setting next_dagrun for latest_only_with_trigger to 2023-03-03T09:32:54.840207+00:00, run_after=2023-03-03T13:32:54.840207+00:00
[2023-03-03T13:33:00.932+0000] {processor.py:175} INFO - Processing /home/airflow/.local/lib/python3.7/site-packages/airflow/example_dags/example_latest_only_with_trigger.py took 12.151 seconds
