[2023-03-03T13:20:39.344+0000] {processor.py:153} INFO - Started process (PID=54) to work on /home/airflow/.local/lib/python3.7/site-packages/airflow/example_dags/example_xcomargs.py
[2023-03-03T13:20:39.345+0000] {processor.py:743} INFO - Processing file /home/airflow/.local/lib/python3.7/site-packages/airflow/example_dags/example_xcomargs.py for tasks to queue
[2023-03-03T13:20:39.346+0000] {logging_mixin.py:137} INFO - [2023-03-03T13:20:39.346+0000] {dagbag.py:538} INFO - Filling up the DagBag from /home/airflow/.local/lib/python3.7/site-packages/airflow/example_dags/example_xcomargs.py
[2023-03-03T13:20:39.391+0000] {processor.py:753} INFO - DAG(s) dict_keys(['example_xcom_args', 'example_xcom_args_with_operators']) retrieved from /home/airflow/.local/lib/python3.7/site-packages/airflow/example_dags/example_xcomargs.py
[2023-03-03T13:20:39.451+0000] {logging_mixin.py:137} INFO - [2023-03-03T13:20:39.451+0000] {dag.py:2690} INFO - Sync 2 DAGs
[2023-03-03T13:20:39.507+0000] {logging_mixin.py:137} INFO - [2023-03-03T13:20:39.506+0000] {dag.py:3441} INFO - Setting next_dagrun for example_xcom_args to None, run_after=None
[2023-03-03T13:20:39.512+0000] {logging_mixin.py:137} INFO - [2023-03-03T13:20:39.512+0000] {dag.py:3441} INFO - Setting next_dagrun for example_xcom_args_with_operators to None, run_after=None
[2023-03-03T13:20:39.537+0000] {processor.py:175} INFO - Processing /home/airflow/.local/lib/python3.7/site-packages/airflow/example_dags/example_xcomargs.py took 0.199 seconds
[2023-03-03T13:21:43.689+0000] {processor.py:153} INFO - Started process (PID=121) to work on /home/airflow/.local/lib/python3.7/site-packages/airflow/example_dags/example_xcomargs.py
[2023-03-03T13:21:43.701+0000] {processor.py:743} INFO - Processing file /home/airflow/.local/lib/python3.7/site-packages/airflow/example_dags/example_xcomargs.py for tasks to queue
[2023-03-03T13:21:43.702+0000] {logging_mixin.py:137} INFO - [2023-03-03T13:21:43.702+0000] {dagbag.py:538} INFO - Filling up the DagBag from /home/airflow/.local/lib/python3.7/site-packages/airflow/example_dags/example_xcomargs.py
[2023-03-03T13:21:43.991+0000] {processor.py:753} INFO - DAG(s) dict_keys(['example_xcom_args_with_operators', 'example_xcom_args']) retrieved from /home/airflow/.local/lib/python3.7/site-packages/airflow/example_dags/example_xcomargs.py
[2023-03-03T13:21:44.289+0000] {logging_mixin.py:137} INFO - [2023-03-03T13:21:44.289+0000] {dag.py:2690} INFO - Sync 2 DAGs
[2023-03-03T13:21:44.418+0000] {logging_mixin.py:137} INFO - [2023-03-03T13:21:44.418+0000] {dag.py:3441} INFO - Setting next_dagrun for example_xcom_args to None, run_after=None
[2023-03-03T13:21:44.425+0000] {logging_mixin.py:137} INFO - [2023-03-03T13:21:44.425+0000] {dag.py:3441} INFO - Setting next_dagrun for example_xcom_args_with_operators to None, run_after=None
[2023-03-03T13:21:44.680+0000] {processor.py:175} INFO - Processing /home/airflow/.local/lib/python3.7/site-packages/airflow/example_dags/example_xcomargs.py took 1.004 seconds
[2023-03-03T13:26:08.778+0000] {processor.py:153} INFO - Started process (PID=242) to work on /home/airflow/.local/lib/python3.7/site-packages/airflow/example_dags/example_xcomargs.py
[2023-03-03T13:26:08.941+0000] {processor.py:743} INFO - Processing file /home/airflow/.local/lib/python3.7/site-packages/airflow/example_dags/example_xcomargs.py for tasks to queue
[2023-03-03T13:26:09.221+0000] {logging_mixin.py:137} INFO - [2023-03-03T13:26:09.103+0000] {dagbag.py:538} INFO - Filling up the DagBag from /home/airflow/.local/lib/python3.7/site-packages/airflow/example_dags/example_xcomargs.py
[2023-03-03T13:26:14.509+0000] {processor.py:753} INFO - DAG(s) dict_keys(['example_xcom_args', 'example_xcom_args_with_operators']) retrieved from /home/airflow/.local/lib/python3.7/site-packages/airflow/example_dags/example_xcomargs.py
[2023-03-03T13:26:18.305+0000] {logging_mixin.py:137} INFO - [2023-03-03T13:26:18.305+0000] {dag.py:2690} INFO - Sync 2 DAGs
[2023-03-03T13:26:18.353+0000] {logging_mixin.py:137} INFO - [2023-03-03T13:26:18.353+0000] {dag.py:3441} INFO - Setting next_dagrun for example_xcom_args to None, run_after=None
[2023-03-03T13:26:18.358+0000] {logging_mixin.py:137} INFO - [2023-03-03T13:26:18.358+0000] {dag.py:3441} INFO - Setting next_dagrun for example_xcom_args_with_operators to None, run_after=None
[2023-03-03T13:26:18.391+0000] {processor.py:175} INFO - Processing /home/airflow/.local/lib/python3.7/site-packages/airflow/example_dags/example_xcomargs.py took 9.732 seconds
[2023-03-03T13:29:07.994+0000] {processor.py:153} INFO - Started process (PID=343) to work on /home/airflow/.local/lib/python3.7/site-packages/airflow/example_dags/example_xcomargs.py
[2023-03-03T13:29:08.008+0000] {processor.py:743} INFO - Processing file /home/airflow/.local/lib/python3.7/site-packages/airflow/example_dags/example_xcomargs.py for tasks to queue
[2023-03-03T13:29:08.009+0000] {logging_mixin.py:137} INFO - [2023-03-03T13:29:08.009+0000] {dagbag.py:538} INFO - Filling up the DagBag from /home/airflow/.local/lib/python3.7/site-packages/airflow/example_dags/example_xcomargs.py
[2023-03-03T13:29:08.771+0000] {processor.py:753} INFO - DAG(s) dict_keys(['example_xcom_args', 'example_xcom_args_with_operators']) retrieved from /home/airflow/.local/lib/python3.7/site-packages/airflow/example_dags/example_xcomargs.py
[2023-03-03T13:29:09.653+0000] {logging_mixin.py:137} INFO - [2023-03-03T13:29:09.646+0000] {dag.py:2690} INFO - Sync 2 DAGs
[2023-03-03T13:29:13.135+0000] {logging_mixin.py:137} INFO - [2023-03-03T13:29:13.127+0000] {dag.py:3441} INFO - Setting next_dagrun for example_xcom_args to None, run_after=None
[2023-03-03T13:29:13.191+0000] {logging_mixin.py:137} INFO - [2023-03-03T13:29:13.191+0000] {dag.py:3441} INFO - Setting next_dagrun for example_xcom_args_with_operators to None, run_after=None
[2023-03-03T13:29:14.383+0000] {processor.py:175} INFO - Processing /home/airflow/.local/lib/python3.7/site-packages/airflow/example_dags/example_xcomargs.py took 6.462 seconds
[2023-03-03T13:30:18.265+0000] {processor.py:153} INFO - Started process (PID=419) to work on /home/airflow/.local/lib/python3.7/site-packages/airflow/example_dags/example_xcomargs.py
[2023-03-03T13:30:18.274+0000] {processor.py:743} INFO - Processing file /home/airflow/.local/lib/python3.7/site-packages/airflow/example_dags/example_xcomargs.py for tasks to queue
[2023-03-03T13:30:18.294+0000] {logging_mixin.py:137} INFO - [2023-03-03T13:30:18.294+0000] {dagbag.py:538} INFO - Filling up the DagBag from /home/airflow/.local/lib/python3.7/site-packages/airflow/example_dags/example_xcomargs.py
[2023-03-03T13:30:18.621+0000] {processor.py:753} INFO - DAG(s) dict_keys(['example_xcom_args_with_operators', 'example_xcom_args']) retrieved from /home/airflow/.local/lib/python3.7/site-packages/airflow/example_dags/example_xcomargs.py
[2023-03-03T13:30:18.839+0000] {logging_mixin.py:137} INFO - [2023-03-03T13:30:18.839+0000] {dag.py:2690} INFO - Sync 2 DAGs
[2023-03-03T13:30:19.084+0000] {logging_mixin.py:137} INFO - [2023-03-03T13:30:19.083+0000] {dag.py:3441} INFO - Setting next_dagrun for example_xcom_args to None, run_after=None
[2023-03-03T13:30:19.124+0000] {logging_mixin.py:137} INFO - [2023-03-03T13:30:19.123+0000] {dag.py:3441} INFO - Setting next_dagrun for example_xcom_args_with_operators to None, run_after=None
[2023-03-03T13:30:19.509+0000] {processor.py:175} INFO - Processing /home/airflow/.local/lib/python3.7/site-packages/airflow/example_dags/example_xcomargs.py took 1.260 seconds
[2023-03-03T13:31:54.788+0000] {processor.py:153} INFO - Started process (PID=470) to work on /home/airflow/.local/lib/python3.7/site-packages/airflow/example_dags/example_xcomargs.py
[2023-03-03T13:31:54.806+0000] {processor.py:743} INFO - Processing file /home/airflow/.local/lib/python3.7/site-packages/airflow/example_dags/example_xcomargs.py for tasks to queue
[2023-03-03T13:31:54.807+0000] {logging_mixin.py:137} INFO - [2023-03-03T13:31:54.807+0000] {dagbag.py:538} INFO - Filling up the DagBag from /home/airflow/.local/lib/python3.7/site-packages/airflow/example_dags/example_xcomargs.py
[2023-03-03T13:31:56.087+0000] {processor.py:753} INFO - DAG(s) dict_keys(['example_xcom_args', 'example_xcom_args_with_operators']) retrieved from /home/airflow/.local/lib/python3.7/site-packages/airflow/example_dags/example_xcomargs.py
[2023-03-03T13:31:58.621+0000] {logging_mixin.py:137} INFO - [2023-03-03T13:31:58.611+0000] {dag.py:2690} INFO - Sync 2 DAGs
[2023-03-03T13:31:59.778+0000] {logging_mixin.py:137} INFO - [2023-03-03T13:31:59.712+0000] {dag.py:3441} INFO - Setting next_dagrun for example_xcom_args to None, run_after=None
[2023-03-03T13:31:59.827+0000] {logging_mixin.py:137} INFO - [2023-03-03T13:31:59.827+0000] {dag.py:3441} INFO - Setting next_dagrun for example_xcom_args_with_operators to None, run_after=None
[2023-03-03T13:32:00.351+0000] {processor.py:175} INFO - Processing /home/airflow/.local/lib/python3.7/site-packages/airflow/example_dags/example_xcomargs.py took 5.620 seconds
[2023-03-03T13:33:36.541+0000] {processor.py:153} INFO - Started process (PID=545) to work on /home/airflow/.local/lib/python3.7/site-packages/airflow/example_dags/example_xcomargs.py
[2023-03-03T13:33:36.562+0000] {processor.py:743} INFO - Processing file /home/airflow/.local/lib/python3.7/site-packages/airflow/example_dags/example_xcomargs.py for tasks to queue
[2023-03-03T13:33:36.563+0000] {logging_mixin.py:137} INFO - [2023-03-03T13:33:36.562+0000] {dagbag.py:538} INFO - Filling up the DagBag from /home/airflow/.local/lib/python3.7/site-packages/airflow/example_dags/example_xcomargs.py
[2023-03-03T13:33:37.100+0000] {processor.py:753} INFO - DAG(s) dict_keys(['example_xcom_args', 'example_xcom_args_with_operators']) retrieved from /home/airflow/.local/lib/python3.7/site-packages/airflow/example_dags/example_xcomargs.py
[2023-03-03T13:33:41.271+0000] {logging_mixin.py:137} INFO - [2023-03-03T13:33:41.260+0000] {dag.py:2690} INFO - Sync 2 DAGs
[2023-03-03T13:33:43.232+0000] {logging_mixin.py:137} INFO - [2023-03-03T13:33:43.210+0000] {dag.py:3441} INFO - Setting next_dagrun for example_xcom_args to None, run_after=None
[2023-03-03T13:33:43.440+0000] {logging_mixin.py:137} INFO - [2023-03-03T13:33:43.418+0000] {dag.py:3441} INFO - Setting next_dagrun for example_xcom_args_with_operators to None, run_after=None
[2023-03-03T13:33:44.898+0000] {processor.py:175} INFO - Processing /home/airflow/.local/lib/python3.7/site-packages/airflow/example_dags/example_xcomargs.py took 8.383 seconds
