[2023-03-03T13:20:41.930+0000] {processor.py:153} INFO - Started process (PID=73) to work on /home/airflow/.local/lib/python3.7/site-packages/airflow/example_dags/example_sla_dag.py
[2023-03-03T13:20:41.931+0000] {processor.py:743} INFO - Processing file /home/airflow/.local/lib/python3.7/site-packages/airflow/example_dags/example_sla_dag.py for tasks to queue
[2023-03-03T13:20:41.932+0000] {logging_mixin.py:137} INFO - [2023-03-03T13:20:41.932+0000] {dagbag.py:538} INFO - Filling up the DagBag from /home/airflow/.local/lib/python3.7/site-packages/airflow/example_dags/example_sla_dag.py
[2023-03-03T13:20:41.994+0000] {processor.py:753} INFO - DAG(s) dict_keys(['example_sla_dag']) retrieved from /home/airflow/.local/lib/python3.7/site-packages/airflow/example_dags/example_sla_dag.py
[2023-03-03T13:20:42.047+0000] {logging_mixin.py:137} INFO - [2023-03-03T13:20:42.046+0000] {dag.py:2690} INFO - Sync 1 DAGs
[2023-03-03T13:20:42.095+0000] {logging_mixin.py:137} INFO - [2023-03-03T13:20:42.095+0000] {dag.py:3441} INFO - Setting next_dagrun for example_sla_dag to 2023-03-03T13:18:00+00:00, run_after=2023-03-03T13:20:00+00:00
[2023-03-03T13:20:42.122+0000] {processor.py:175} INFO - Processing /home/airflow/.local/lib/python3.7/site-packages/airflow/example_dags/example_sla_dag.py took 0.197 seconds
[2023-03-03T13:24:14.225+0000] {processor.py:153} INFO - Started process (PID=164) to work on /home/airflow/.local/lib/python3.7/site-packages/airflow/example_dags/example_sla_dag.py
[2023-03-03T13:24:14.299+0000] {processor.py:743} INFO - Processing file /home/airflow/.local/lib/python3.7/site-packages/airflow/example_dags/example_sla_dag.py for tasks to queue
[2023-03-03T13:24:14.702+0000] {logging_mixin.py:137} INFO - [2023-03-03T13:24:14.693+0000] {dagbag.py:538} INFO - Filling up the DagBag from /home/airflow/.local/lib/python3.7/site-packages/airflow/example_dags/example_sla_dag.py
[2023-03-03T13:24:23.474+0000] {processor.py:753} INFO - DAG(s) dict_keys(['example_sla_dag']) retrieved from /home/airflow/.local/lib/python3.7/site-packages/airflow/example_dags/example_sla_dag.py
[2023-03-03T13:24:27.107+0000] {logging_mixin.py:137} INFO - [2023-03-03T13:24:27.099+0000] {dag.py:2690} INFO - Sync 1 DAGs
[2023-03-03T13:24:27.632+0000] {logging_mixin.py:137} INFO - [2023-03-03T13:24:27.611+0000] {dag.py:3441} INFO - Setting next_dagrun for example_sla_dag to 2023-03-03T13:22:00+00:00, run_after=2023-03-03T13:24:00+00:00
[2023-03-03T13:24:30.139+0000] {processor.py:175} INFO - Processing /home/airflow/.local/lib/python3.7/site-packages/airflow/example_dags/example_sla_dag.py took 17.011 seconds
[2023-03-03T13:28:02.540+0000] {processor.py:153} INFO - Started process (PID=312) to work on /home/airflow/.local/lib/python3.7/site-packages/airflow/example_dags/example_sla_dag.py
[2023-03-03T13:28:02.601+0000] {processor.py:743} INFO - Processing file /home/airflow/.local/lib/python3.7/site-packages/airflow/example_dags/example_sla_dag.py for tasks to queue
[2023-03-03T13:28:02.602+0000] {logging_mixin.py:137} INFO - [2023-03-03T13:28:02.602+0000] {dagbag.py:538} INFO - Filling up the DagBag from /home/airflow/.local/lib/python3.7/site-packages/airflow/example_dags/example_sla_dag.py
[2023-03-03T13:28:03.556+0000] {processor.py:753} INFO - DAG(s) dict_keys(['example_sla_dag']) retrieved from /home/airflow/.local/lib/python3.7/site-packages/airflow/example_dags/example_sla_dag.py
[2023-03-03T13:28:05.764+0000] {logging_mixin.py:137} INFO - [2023-03-03T13:28:05.764+0000] {dag.py:2690} INFO - Sync 1 DAGs
[2023-03-03T13:28:06.511+0000] {logging_mixin.py:137} INFO - [2023-03-03T13:28:06.510+0000] {dag.py:3441} INFO - Setting next_dagrun for example_sla_dag to 2023-03-03T13:26:00+00:00, run_after=2023-03-03T13:28:00+00:00
[2023-03-03T13:28:08.559+0000] {processor.py:175} INFO - Processing /home/airflow/.local/lib/python3.7/site-packages/airflow/example_dags/example_sla_dag.py took 6.083 seconds
[2023-03-03T13:31:24.153+0000] {processor.py:153} INFO - Started process (PID=447) to work on /home/airflow/.local/lib/python3.7/site-packages/airflow/example_dags/example_sla_dag.py
[2023-03-03T13:31:24.185+0000] {processor.py:743} INFO - Processing file /home/airflow/.local/lib/python3.7/site-packages/airflow/example_dags/example_sla_dag.py for tasks to queue
[2023-03-03T13:31:24.187+0000] {logging_mixin.py:137} INFO - [2023-03-03T13:31:24.187+0000] {dagbag.py:538} INFO - Filling up the DagBag from /home/airflow/.local/lib/python3.7/site-packages/airflow/example_dags/example_sla_dag.py
[2023-03-03T13:31:24.516+0000] {processor.py:753} INFO - DAG(s) dict_keys(['example_sla_dag']) retrieved from /home/airflow/.local/lib/python3.7/site-packages/airflow/example_dags/example_sla_dag.py
[2023-03-03T13:31:25.035+0000] {logging_mixin.py:137} INFO - [2023-03-03T13:31:25.017+0000] {dag.py:2690} INFO - Sync 1 DAGs
[2023-03-03T13:31:26.279+0000] {logging_mixin.py:137} INFO - [2023-03-03T13:31:26.279+0000] {dag.py:3441} INFO - Setting next_dagrun for example_sla_dag to 2023-03-03T13:28:00+00:00, run_after=2023-03-03T13:30:00+00:00
[2023-03-03T13:31:26.439+0000] {processor.py:175} INFO - Processing /home/airflow/.local/lib/python3.7/site-packages/airflow/example_dags/example_sla_dag.py took 2.314 seconds
