[2023-03-03T13:20:42.153+0000] {processor.py:153} INFO - Started process (PID=75) to work on /home/airflow/.local/lib/python3.7/site-packages/airflow/example_dags/example_datasets.py
[2023-03-03T13:20:42.154+0000] {processor.py:743} INFO - Processing file /home/airflow/.local/lib/python3.7/site-packages/airflow/example_dags/example_datasets.py for tasks to queue
[2023-03-03T13:20:42.155+0000] {logging_mixin.py:137} INFO - [2023-03-03T13:20:42.154+0000] {dagbag.py:538} INFO - Filling up the DagBag from /home/airflow/.local/lib/python3.7/site-packages/airflow/example_dags/example_datasets.py
[2023-03-03T13:20:42.179+0000] {processor.py:753} INFO - DAG(s) dict_keys(['dataset_consumes_1_and_2', 'dataset_consumes_1', 'dataset_consumes_unknown_never_scheduled', 'dataset_produces_2', 'dataset_consumes_1_never_scheduled', 'dataset_produces_1']) retrieved from /home/airflow/.local/lib/python3.7/site-packages/airflow/example_dags/example_datasets.py
[2023-03-03T13:20:42.420+0000] {logging_mixin.py:137} INFO - [2023-03-03T13:20:42.419+0000] {dag.py:2690} INFO - Sync 6 DAGs
[2023-03-03T13:20:42.502+0000] {logging_mixin.py:137} INFO - [2023-03-03T13:20:42.502+0000] {dag.py:3441} INFO - Setting next_dagrun for dataset_consumes_1 to None, run_after=None
[2023-03-03T13:20:42.507+0000] {logging_mixin.py:137} INFO - [2023-03-03T13:20:42.507+0000] {dag.py:3441} INFO - Setting next_dagrun for dataset_consumes_1_and_2 to None, run_after=None
[2023-03-03T13:20:42.509+0000] {logging_mixin.py:137} INFO - [2023-03-03T13:20:42.509+0000] {dag.py:3441} INFO - Setting next_dagrun for dataset_consumes_1_never_scheduled to None, run_after=None
[2023-03-03T13:20:42.510+0000] {logging_mixin.py:137} INFO - [2023-03-03T13:20:42.510+0000] {dag.py:3441} INFO - Setting next_dagrun for dataset_consumes_unknown_never_scheduled to None, run_after=None
[2023-03-03T13:20:42.515+0000] {logging_mixin.py:137} INFO - [2023-03-03T13:20:42.515+0000] {dag.py:3441} INFO - Setting next_dagrun for dataset_produces_1 to 2023-03-02T00:00:00+00:00, run_after=2023-03-03T00:00:00+00:00
[2023-03-03T13:20:42.523+0000] {logging_mixin.py:137} INFO - [2023-03-03T13:20:42.523+0000] {dag.py:3441} INFO - Setting next_dagrun for dataset_produces_2 to None, run_after=None
[2023-03-03T13:20:42.588+0000] {processor.py:175} INFO - Processing /home/airflow/.local/lib/python3.7/site-packages/airflow/example_dags/example_datasets.py took 0.439 seconds
[2023-03-03T13:24:39.134+0000] {processor.py:153} INFO - Started process (PID=174) to work on /home/airflow/.local/lib/python3.7/site-packages/airflow/example_dags/example_datasets.py
[2023-03-03T13:24:40.478+0000] {processor.py:743} INFO - Processing file /home/airflow/.local/lib/python3.7/site-packages/airflow/example_dags/example_datasets.py for tasks to queue
[2023-03-03T13:24:40.481+0000] {logging_mixin.py:137} INFO - [2023-03-03T13:24:40.480+0000] {dagbag.py:538} INFO - Filling up the DagBag from /home/airflow/.local/lib/python3.7/site-packages/airflow/example_dags/example_datasets.py
[2023-03-03T13:24:41.211+0000] {processor.py:753} INFO - DAG(s) dict_keys(['dataset_consumes_1_and_2', 'dataset_consumes_unknown_never_scheduled', 'dataset_consumes_1_never_scheduled', 'dataset_produces_2', 'dataset_produces_1', 'dataset_consumes_1']) retrieved from /home/airflow/.local/lib/python3.7/site-packages/airflow/example_dags/example_datasets.py
[2023-03-03T13:24:49.055+0000] {logging_mixin.py:137} INFO - [2023-03-03T13:24:49.055+0000] {dag.py:2690} INFO - Sync 6 DAGs
[2023-03-03T13:24:50.567+0000] {logging_mixin.py:137} INFO - [2023-03-03T13:24:50.554+0000] {dag.py:3441} INFO - Setting next_dagrun for dataset_consumes_1 to None, run_after=None
[2023-03-03T13:24:50.918+0000] {logging_mixin.py:137} INFO - [2023-03-03T13:24:50.896+0000] {dag.py:3441} INFO - Setting next_dagrun for dataset_consumes_1_and_2 to None, run_after=None
[2023-03-03T13:24:50.932+0000] {logging_mixin.py:137} INFO - [2023-03-03T13:24:50.932+0000] {dag.py:3441} INFO - Setting next_dagrun for dataset_consumes_1_never_scheduled to None, run_after=None
[2023-03-03T13:24:50.948+0000] {logging_mixin.py:137} INFO - [2023-03-03T13:24:50.948+0000] {dag.py:3441} INFO - Setting next_dagrun for dataset_consumes_unknown_never_scheduled to None, run_after=None
[2023-03-03T13:24:51.027+0000] {logging_mixin.py:137} INFO - [2023-03-03T13:24:51.017+0000] {dag.py:3441} INFO - Setting next_dagrun for dataset_produces_1 to 2023-03-02T00:00:00+00:00, run_after=2023-03-03T00:00:00+00:00
[2023-03-03T13:24:51.064+0000] {logging_mixin.py:137} INFO - [2023-03-03T13:24:51.064+0000] {dag.py:3441} INFO - Setting next_dagrun for dataset_produces_2 to None, run_after=None
[2023-03-03T13:24:56.646+0000] {processor.py:175} INFO - Processing /home/airflow/.local/lib/python3.7/site-packages/airflow/example_dags/example_datasets.py took 17.639 seconds
[2023-03-03T13:29:57.276+0000] {processor.py:153} INFO - Started process (PID=385) to work on /home/airflow/.local/lib/python3.7/site-packages/airflow/example_dags/example_datasets.py
[2023-03-03T13:29:57.281+0000] {processor.py:743} INFO - Processing file /home/airflow/.local/lib/python3.7/site-packages/airflow/example_dags/example_datasets.py for tasks to queue
[2023-03-03T13:29:57.282+0000] {logging_mixin.py:137} INFO - [2023-03-03T13:29:57.282+0000] {dagbag.py:538} INFO - Filling up the DagBag from /home/airflow/.local/lib/python3.7/site-packages/airflow/example_dags/example_datasets.py
[2023-03-03T13:30:04.024+0000] {processor.py:753} INFO - DAG(s) dict_keys(['dataset_consumes_1_never_scheduled', 'dataset_consumes_1', 'dataset_produces_2', 'dataset_consumes_1_and_2', 'dataset_produces_1', 'dataset_consumes_unknown_never_scheduled']) retrieved from /home/airflow/.local/lib/python3.7/site-packages/airflow/example_dags/example_datasets.py
[2023-03-03T13:30:05.984+0000] {logging_mixin.py:137} INFO - [2023-03-03T13:30:05.983+0000] {dag.py:2690} INFO - Sync 6 DAGs
[2023-03-03T13:30:06.296+0000] {logging_mixin.py:137} INFO - [2023-03-03T13:30:06.296+0000] {dag.py:3441} INFO - Setting next_dagrun for dataset_consumes_1 to None, run_after=None
[2023-03-03T13:30:06.317+0000] {logging_mixin.py:137} INFO - [2023-03-03T13:30:06.317+0000] {dag.py:3441} INFO - Setting next_dagrun for dataset_consumes_1_and_2 to None, run_after=None
[2023-03-03T13:30:06.349+0000] {logging_mixin.py:137} INFO - [2023-03-03T13:30:06.347+0000] {dag.py:3441} INFO - Setting next_dagrun for dataset_consumes_1_never_scheduled to None, run_after=None
[2023-03-03T13:30:06.369+0000] {logging_mixin.py:137} INFO - [2023-03-03T13:30:06.366+0000] {dag.py:3441} INFO - Setting next_dagrun for dataset_consumes_unknown_never_scheduled to None, run_after=None
[2023-03-03T13:30:06.484+0000] {logging_mixin.py:137} INFO - [2023-03-03T13:30:06.484+0000] {dag.py:3441} INFO - Setting next_dagrun for dataset_produces_1 to 2023-03-02T00:00:00+00:00, run_after=2023-03-03T00:00:00+00:00
[2023-03-03T13:30:06.540+0000] {logging_mixin.py:137} INFO - [2023-03-03T13:30:06.521+0000] {dag.py:3441} INFO - Setting next_dagrun for dataset_produces_2 to None, run_after=None
[2023-03-03T13:30:09.157+0000] {processor.py:175} INFO - Processing /home/airflow/.local/lib/python3.7/site-packages/airflow/example_dags/example_datasets.py took 11.906 seconds
[2023-03-03T13:32:33.468+0000] {processor.py:153} INFO - Started process (PID=498) to work on /home/airflow/.local/lib/python3.7/site-packages/airflow/example_dags/example_datasets.py
[2023-03-03T13:32:33.481+0000] {processor.py:743} INFO - Processing file /home/airflow/.local/lib/python3.7/site-packages/airflow/example_dags/example_datasets.py for tasks to queue
[2023-03-03T13:32:33.482+0000] {logging_mixin.py:137} INFO - [2023-03-03T13:32:33.482+0000] {dagbag.py:538} INFO - Filling up the DagBag from /home/airflow/.local/lib/python3.7/site-packages/airflow/example_dags/example_datasets.py
[2023-03-03T13:32:33.628+0000] {processor.py:753} INFO - DAG(s) dict_keys(['dataset_consumes_1_and_2', 'dataset_produces_2', 'dataset_produces_1', 'dataset_consumes_unknown_never_scheduled', 'dataset_consumes_1_never_scheduled', 'dataset_consumes_1']) retrieved from /home/airflow/.local/lib/python3.7/site-packages/airflow/example_dags/example_datasets.py
[2023-03-03T13:32:33.911+0000] {logging_mixin.py:137} INFO - [2023-03-03T13:32:33.910+0000] {dag.py:2690} INFO - Sync 6 DAGs
[2023-03-03T13:32:34.150+0000] {logging_mixin.py:137} INFO - [2023-03-03T13:32:34.149+0000] {dag.py:3441} INFO - Setting next_dagrun for dataset_consumes_1 to None, run_after=None
[2023-03-03T13:32:34.219+0000] {logging_mixin.py:137} INFO - [2023-03-03T13:32:34.219+0000] {dag.py:3441} INFO - Setting next_dagrun for dataset_consumes_1_and_2 to None, run_after=None
[2023-03-03T13:32:34.249+0000] {logging_mixin.py:137} INFO - [2023-03-03T13:32:34.249+0000] {dag.py:3441} INFO - Setting next_dagrun for dataset_consumes_1_never_scheduled to None, run_after=None
[2023-03-03T13:32:34.284+0000] {logging_mixin.py:137} INFO - [2023-03-03T13:32:34.284+0000] {dag.py:3441} INFO - Setting next_dagrun for dataset_consumes_unknown_never_scheduled to None, run_after=None
[2023-03-03T13:32:34.305+0000] {logging_mixin.py:137} INFO - [2023-03-03T13:32:34.303+0000] {dag.py:3441} INFO - Setting next_dagrun for dataset_produces_1 to 2023-03-02T00:00:00+00:00, run_after=2023-03-03T00:00:00+00:00
[2023-03-03T13:32:34.317+0000] {logging_mixin.py:137} INFO - [2023-03-03T13:32:34.316+0000] {dag.py:3441} INFO - Setting next_dagrun for dataset_produces_2 to None, run_after=None
[2023-03-03T13:32:34.572+0000] {processor.py:175} INFO - Processing /home/airflow/.local/lib/python3.7/site-packages/airflow/example_dags/example_datasets.py took 1.139 seconds
