[2023-03-03T13:20:40.923+0000] {processor.py:153} INFO - Started process (PID=65) to work on /home/airflow/.local/lib/python3.7/site-packages/airflow/example_dags/example_local_kubernetes_executor.py
[2023-03-03T13:20:40.925+0000] {processor.py:743} INFO - Processing file /home/airflow/.local/lib/python3.7/site-packages/airflow/example_dags/example_local_kubernetes_executor.py for tasks to queue
[2023-03-03T13:20:40.926+0000] {logging_mixin.py:137} INFO - [2023-03-03T13:20:40.926+0000] {dagbag.py:538} INFO - Filling up the DagBag from /home/airflow/.local/lib/python3.7/site-packages/airflow/example_dags/example_local_kubernetes_executor.py
[2023-03-03T13:20:41.001+0000] {processor.py:753} INFO - DAG(s) dict_keys(['example_local_kubernetes_executor']) retrieved from /home/airflow/.local/lib/python3.7/site-packages/airflow/example_dags/example_local_kubernetes_executor.py
[2023-03-03T13:20:41.047+0000] {logging_mixin.py:137} INFO - [2023-03-03T13:20:41.047+0000] {dag.py:2690} INFO - Sync 1 DAGs
[2023-03-03T13:20:41.083+0000] {logging_mixin.py:137} INFO - [2023-03-03T13:20:41.082+0000] {dag.py:3441} INFO - Setting next_dagrun for example_local_kubernetes_executor to None, run_after=None
[2023-03-03T13:20:41.119+0000] {processor.py:175} INFO - Processing /home/airflow/.local/lib/python3.7/site-packages/airflow/example_dags/example_local_kubernetes_executor.py took 0.200 seconds
[2023-03-03T13:22:35.164+0000] {processor.py:153} INFO - Started process (PID=144) to work on /home/airflow/.local/lib/python3.7/site-packages/airflow/example_dags/example_local_kubernetes_executor.py
[2023-03-03T13:22:35.175+0000] {processor.py:743} INFO - Processing file /home/airflow/.local/lib/python3.7/site-packages/airflow/example_dags/example_local_kubernetes_executor.py for tasks to queue
[2023-03-03T13:22:35.180+0000] {logging_mixin.py:137} INFO - [2023-03-03T13:22:35.179+0000] {dagbag.py:538} INFO - Filling up the DagBag from /home/airflow/.local/lib/python3.7/site-packages/airflow/example_dags/example_local_kubernetes_executor.py
[2023-03-03T13:22:35.417+0000] {processor.py:753} INFO - DAG(s) dict_keys(['example_local_kubernetes_executor']) retrieved from /home/airflow/.local/lib/python3.7/site-packages/airflow/example_dags/example_local_kubernetes_executor.py
[2023-03-03T13:22:35.767+0000] {logging_mixin.py:137} INFO - [2023-03-03T13:22:35.767+0000] {dag.py:2690} INFO - Sync 1 DAGs
[2023-03-03T13:22:35.955+0000] {logging_mixin.py:137} INFO - [2023-03-03T13:22:35.955+0000] {dag.py:3441} INFO - Setting next_dagrun for example_local_kubernetes_executor to None, run_after=None
[2023-03-03T13:22:36.227+0000] {processor.py:175} INFO - Processing /home/airflow/.local/lib/python3.7/site-packages/airflow/example_dags/example_local_kubernetes_executor.py took 1.077 seconds
[2023-03-03T13:26:58.241+0000] {processor.py:153} INFO - Started process (PID=278) to work on /home/airflow/.local/lib/python3.7/site-packages/airflow/example_dags/example_local_kubernetes_executor.py
[2023-03-03T13:26:58.243+0000] {processor.py:743} INFO - Processing file /home/airflow/.local/lib/python3.7/site-packages/airflow/example_dags/example_local_kubernetes_executor.py for tasks to queue
[2023-03-03T13:26:58.244+0000] {logging_mixin.py:137} INFO - [2023-03-03T13:26:58.243+0000] {dagbag.py:538} INFO - Filling up the DagBag from /home/airflow/.local/lib/python3.7/site-packages/airflow/example_dags/example_local_kubernetes_executor.py
[2023-03-03T13:26:58.785+0000] {processor.py:753} INFO - DAG(s) dict_keys(['example_local_kubernetes_executor']) retrieved from /home/airflow/.local/lib/python3.7/site-packages/airflow/example_dags/example_local_kubernetes_executor.py
[2023-03-03T13:26:59.844+0000] {logging_mixin.py:137} INFO - [2023-03-03T13:26:59.806+0000] {dag.py:2690} INFO - Sync 1 DAGs
[2023-03-03T13:27:02.278+0000] {logging_mixin.py:137} INFO - [2023-03-03T13:27:02.267+0000] {dag.py:3441} INFO - Setting next_dagrun for example_local_kubernetes_executor to None, run_after=None
[2023-03-03T13:27:05.320+0000] {processor.py:175} INFO - Processing /home/airflow/.local/lib/python3.7/site-packages/airflow/example_dags/example_local_kubernetes_executor.py took 7.074 seconds
[2023-03-03T13:29:47.252+0000] {processor.py:153} INFO - Started process (PID=371) to work on /home/airflow/.local/lib/python3.7/site-packages/airflow/example_dags/example_local_kubernetes_executor.py
[2023-03-03T13:29:47.267+0000] {processor.py:743} INFO - Processing file /home/airflow/.local/lib/python3.7/site-packages/airflow/example_dags/example_local_kubernetes_executor.py for tasks to queue
[2023-03-03T13:29:47.267+0000] {logging_mixin.py:137} INFO - [2023-03-03T13:29:47.267+0000] {dagbag.py:538} INFO - Filling up the DagBag from /home/airflow/.local/lib/python3.7/site-packages/airflow/example_dags/example_local_kubernetes_executor.py
[2023-03-03T13:29:48.799+0000] {processor.py:753} INFO - DAG(s) dict_keys(['example_local_kubernetes_executor']) retrieved from /home/airflow/.local/lib/python3.7/site-packages/airflow/example_dags/example_local_kubernetes_executor.py
[2023-03-03T13:29:49.687+0000] {logging_mixin.py:137} INFO - [2023-03-03T13:29:49.682+0000] {dag.py:2690} INFO - Sync 1 DAGs
[2023-03-03T13:29:50.394+0000] {logging_mixin.py:137} INFO - [2023-03-03T13:29:50.388+0000] {dag.py:3441} INFO - Setting next_dagrun for example_local_kubernetes_executor to None, run_after=None
[2023-03-03T13:29:50.616+0000] {processor.py:175} INFO - Processing /home/airflow/.local/lib/python3.7/site-packages/airflow/example_dags/example_local_kubernetes_executor.py took 3.372 seconds
[2023-03-03T13:32:18.736+0000] {processor.py:153} INFO - Started process (PID=482) to work on /home/airflow/.local/lib/python3.7/site-packages/airflow/example_dags/example_local_kubernetes_executor.py
[2023-03-03T13:32:18.795+0000] {processor.py:743} INFO - Processing file /home/airflow/.local/lib/python3.7/site-packages/airflow/example_dags/example_local_kubernetes_executor.py for tasks to queue
[2023-03-03T13:32:19.198+0000] {logging_mixin.py:137} INFO - [2023-03-03T13:32:19.195+0000] {dagbag.py:538} INFO - Filling up the DagBag from /home/airflow/.local/lib/python3.7/site-packages/airflow/example_dags/example_local_kubernetes_executor.py
[2023-03-03T13:32:19.769+0000] {processor.py:753} INFO - DAG(s) dict_keys(['example_local_kubernetes_executor']) retrieved from /home/airflow/.local/lib/python3.7/site-packages/airflow/example_dags/example_local_kubernetes_executor.py
[2023-03-03T13:32:20.769+0000] {logging_mixin.py:137} INFO - [2023-03-03T13:32:20.767+0000] {dag.py:2690} INFO - Sync 1 DAGs
[2023-03-03T13:32:20.999+0000] {logging_mixin.py:137} INFO - [2023-03-03T13:32:20.999+0000] {dag.py:3441} INFO - Setting next_dagrun for example_local_kubernetes_executor to None, run_after=None
[2023-03-03T13:32:21.259+0000] {processor.py:175} INFO - Processing /home/airflow/.local/lib/python3.7/site-packages/airflow/example_dags/example_local_kubernetes_executor.py took 2.619 seconds
