[2023-03-03T13:20:42.871+0000] {processor.py:153} INFO - Started process (PID=79) to work on /home/airflow/.local/lib/python3.7/site-packages/airflow/example_dags/example_trigger_target_dag.py
[2023-03-03T13:20:42.872+0000] {processor.py:743} INFO - Processing file /home/airflow/.local/lib/python3.7/site-packages/airflow/example_dags/example_trigger_target_dag.py for tasks to queue
[2023-03-03T13:20:42.873+0000] {logging_mixin.py:137} INFO - [2023-03-03T13:20:42.873+0000] {dagbag.py:538} INFO - Filling up the DagBag from /home/airflow/.local/lib/python3.7/site-packages/airflow/example_dags/example_trigger_target_dag.py
[2023-03-03T13:20:42.965+0000] {processor.py:753} INFO - DAG(s) dict_keys(['example_trigger_target_dag']) retrieved from /home/airflow/.local/lib/python3.7/site-packages/airflow/example_dags/example_trigger_target_dag.py
[2023-03-03T13:20:43.728+0000] {logging_mixin.py:137} INFO - [2023-03-03T13:20:43.727+0000] {dag.py:2690} INFO - Sync 1 DAGs
[2023-03-03T13:20:43.777+0000] {logging_mixin.py:137} INFO - [2023-03-03T13:20:43.777+0000] {dag.py:3441} INFO - Setting next_dagrun for example_trigger_target_dag to None, run_after=None
[2023-03-03T13:20:43.836+0000] {processor.py:175} INFO - Processing /home/airflow/.local/lib/python3.7/site-packages/airflow/example_dags/example_trigger_target_dag.py took 0.969 seconds
[2023-03-03T13:25:11.574+0000] {processor.py:153} INFO - Started process (PID=199) to work on /home/airflow/.local/lib/python3.7/site-packages/airflow/example_dags/example_trigger_target_dag.py
[2023-03-03T13:25:11.616+0000] {processor.py:743} INFO - Processing file /home/airflow/.local/lib/python3.7/site-packages/airflow/example_dags/example_trigger_target_dag.py for tasks to queue
[2023-03-03T13:25:11.617+0000] {logging_mixin.py:137} INFO - [2023-03-03T13:25:11.617+0000] {dagbag.py:538} INFO - Filling up the DagBag from /home/airflow/.local/lib/python3.7/site-packages/airflow/example_dags/example_trigger_target_dag.py
[2023-03-03T13:25:12.316+0000] {processor.py:753} INFO - DAG(s) dict_keys(['example_trigger_target_dag']) retrieved from /home/airflow/.local/lib/python3.7/site-packages/airflow/example_dags/example_trigger_target_dag.py
[2023-03-03T13:25:13.063+0000] {logging_mixin.py:137} INFO - [2023-03-03T13:25:13.063+0000] {dag.py:2690} INFO - Sync 1 DAGs
[2023-03-03T13:25:13.430+0000] {logging_mixin.py:137} INFO - [2023-03-03T13:25:13.430+0000] {dag.py:3441} INFO - Setting next_dagrun for example_trigger_target_dag to None, run_after=None
[2023-03-03T13:25:13.601+0000] {processor.py:175} INFO - Processing /home/airflow/.local/lib/python3.7/site-packages/airflow/example_dags/example_trigger_target_dag.py took 2.052 seconds
[2023-03-03T13:30:11.334+0000] {processor.py:153} INFO - Started process (PID=393) to work on /home/airflow/.local/lib/python3.7/site-packages/airflow/example_dags/example_trigger_target_dag.py
[2023-03-03T13:30:11.347+0000] {processor.py:743} INFO - Processing file /home/airflow/.local/lib/python3.7/site-packages/airflow/example_dags/example_trigger_target_dag.py for tasks to queue
[2023-03-03T13:30:11.359+0000] {logging_mixin.py:137} INFO - [2023-03-03T13:30:11.355+0000] {dagbag.py:538} INFO - Filling up the DagBag from /home/airflow/.local/lib/python3.7/site-packages/airflow/example_dags/example_trigger_target_dag.py
[2023-03-03T13:30:11.850+0000] {processor.py:753} INFO - DAG(s) dict_keys(['example_trigger_target_dag']) retrieved from /home/airflow/.local/lib/python3.7/site-packages/airflow/example_dags/example_trigger_target_dag.py
[2023-03-03T13:30:12.169+0000] {logging_mixin.py:137} INFO - [2023-03-03T13:30:12.167+0000] {dag.py:2690} INFO - Sync 1 DAGs
[2023-03-03T13:30:12.493+0000] {logging_mixin.py:137} INFO - [2023-03-03T13:30:12.493+0000] {dag.py:3441} INFO - Setting next_dagrun for example_trigger_target_dag to None, run_after=None
[2023-03-03T13:30:12.607+0000] {processor.py:175} INFO - Processing /home/airflow/.local/lib/python3.7/site-packages/airflow/example_dags/example_trigger_target_dag.py took 1.319 seconds
[2023-03-03T13:32:47.078+0000] {processor.py:153} INFO - Started process (PID=510) to work on /home/airflow/.local/lib/python3.7/site-packages/airflow/example_dags/example_trigger_target_dag.py
[2023-03-03T13:32:47.091+0000] {processor.py:743} INFO - Processing file /home/airflow/.local/lib/python3.7/site-packages/airflow/example_dags/example_trigger_target_dag.py for tasks to queue
[2023-03-03T13:32:47.092+0000] {logging_mixin.py:137} INFO - [2023-03-03T13:32:47.092+0000] {dagbag.py:538} INFO - Filling up the DagBag from /home/airflow/.local/lib/python3.7/site-packages/airflow/example_dags/example_trigger_target_dag.py
[2023-03-03T13:32:47.352+0000] {processor.py:753} INFO - DAG(s) dict_keys(['example_trigger_target_dag']) retrieved from /home/airflow/.local/lib/python3.7/site-packages/airflow/example_dags/example_trigger_target_dag.py
[2023-03-03T13:32:47.781+0000] {logging_mixin.py:137} INFO - [2023-03-03T13:32:47.760+0000] {dag.py:2690} INFO - Sync 1 DAGs
[2023-03-03T13:32:48.589+0000] {logging_mixin.py:137} INFO - [2023-03-03T13:32:48.578+0000] {dag.py:3441} INFO - Setting next_dagrun for example_trigger_target_dag to None, run_after=None
[2023-03-03T13:32:48.835+0000] {processor.py:175} INFO - Processing /home/airflow/.local/lib/python3.7/site-packages/airflow/example_dags/example_trigger_target_dag.py took 1.797 seconds
