[2023-03-03T13:20:39.093+0000] {processor.py:153} INFO - Started process (PID=52) to work on /home/airflow/.local/lib/python3.7/site-packages/airflow/example_dags/example_bash_operator.py
[2023-03-03T13:20:39.094+0000] {processor.py:743} INFO - Processing file /home/airflow/.local/lib/python3.7/site-packages/airflow/example_dags/example_bash_operator.py for tasks to queue
[2023-03-03T13:20:39.095+0000] {logging_mixin.py:137} INFO - [2023-03-03T13:20:39.095+0000] {dagbag.py:538} INFO - Filling up the DagBag from /home/airflow/.local/lib/python3.7/site-packages/airflow/example_dags/example_bash_operator.py
[2023-03-03T13:20:39.131+0000] {processor.py:753} INFO - DAG(s) dict_keys(['example_bash_operator']) retrieved from /home/airflow/.local/lib/python3.7/site-packages/airflow/example_dags/example_bash_operator.py
[2023-03-03T13:20:39.216+0000] {logging_mixin.py:137} INFO - [2023-03-03T13:20:39.216+0000] {dag.py:2690} INFO - Sync 1 DAGs
[2023-03-03T13:20:39.277+0000] {logging_mixin.py:137} INFO - [2023-03-03T13:20:39.276+0000] {dag.py:3441} INFO - Setting next_dagrun for example_bash_operator to 2023-03-02T00:00:00+00:00, run_after=2023-03-03T00:00:00+00:00
[2023-03-03T13:20:39.310+0000] {processor.py:175} INFO - Processing /home/airflow/.local/lib/python3.7/site-packages/airflow/example_dags/example_bash_operator.py took 0.222 seconds
[2023-03-03T13:21:25.869+0000] {processor.py:153} INFO - Started process (PID=112) to work on /home/airflow/.local/lib/python3.7/site-packages/airflow/example_dags/example_bash_operator.py
[2023-03-03T13:21:25.873+0000] {processor.py:743} INFO - Processing file /home/airflow/.local/lib/python3.7/site-packages/airflow/example_dags/example_bash_operator.py for tasks to queue
[2023-03-03T13:21:25.876+0000] {logging_mixin.py:137} INFO - [2023-03-03T13:21:25.876+0000] {dagbag.py:538} INFO - Filling up the DagBag from /home/airflow/.local/lib/python3.7/site-packages/airflow/example_dags/example_bash_operator.py
[2023-03-03T13:21:36.423+0000] {processor.py:753} INFO - DAG(s) dict_keys(['example_bash_operator']) retrieved from /home/airflow/.local/lib/python3.7/site-packages/airflow/example_dags/example_bash_operator.py
[2023-03-03T13:21:41.116+0000] {logging_mixin.py:137} INFO - [2023-03-03T13:21:41.115+0000] {dag.py:2690} INFO - Sync 1 DAGs
[2023-03-03T13:21:41.418+0000] {logging_mixin.py:137} INFO - [2023-03-03T13:21:41.411+0000] {dag.py:3441} INFO - Setting next_dagrun for example_bash_operator to 2023-03-02T00:00:00+00:00, run_after=2023-03-03T00:00:00+00:00
[2023-03-03T13:21:42.165+0000] {processor.py:175} INFO - Processing /home/airflow/.local/lib/python3.7/site-packages/airflow/example_dags/example_bash_operator.py took 16.313 seconds
[2023-03-03T13:25:56.805+0000] {processor.py:153} INFO - Started process (PID=230) to work on /home/airflow/.local/lib/python3.7/site-packages/airflow/example_dags/example_bash_operator.py
[2023-03-03T13:25:56.854+0000] {processor.py:743} INFO - Processing file /home/airflow/.local/lib/python3.7/site-packages/airflow/example_dags/example_bash_operator.py for tasks to queue
[2023-03-03T13:25:56.873+0000] {logging_mixin.py:137} INFO - [2023-03-03T13:25:56.864+0000] {dagbag.py:538} INFO - Filling up the DagBag from /home/airflow/.local/lib/python3.7/site-packages/airflow/example_dags/example_bash_operator.py
[2023-03-03T13:25:57.669+0000] {processor.py:753} INFO - DAG(s) dict_keys(['example_bash_operator']) retrieved from /home/airflow/.local/lib/python3.7/site-packages/airflow/example_dags/example_bash_operator.py
[2023-03-03T13:26:04.829+0000] {logging_mixin.py:137} INFO - [2023-03-03T13:26:04.814+0000] {dag.py:2690} INFO - Sync 1 DAGs
[2023-03-03T13:26:07.790+0000] {logging_mixin.py:137} INFO - [2023-03-03T13:26:07.786+0000] {dag.py:3441} INFO - Setting next_dagrun for example_bash_operator to 2023-03-02T00:00:00+00:00, run_after=2023-03-03T00:00:00+00:00
[2023-03-03T13:26:08.214+0000] {processor.py:175} INFO - Processing /home/airflow/.local/lib/python3.7/site-packages/airflow/example_dags/example_bash_operator.py took 11.444 seconds
[2023-03-03T13:28:44.151+0000] {processor.py:153} INFO - Started process (PID=336) to work on /home/airflow/.local/lib/python3.7/site-packages/airflow/example_dags/example_bash_operator.py
[2023-03-03T13:28:44.230+0000] {processor.py:743} INFO - Processing file /home/airflow/.local/lib/python3.7/site-packages/airflow/example_dags/example_bash_operator.py for tasks to queue
[2023-03-03T13:28:44.237+0000] {logging_mixin.py:137} INFO - [2023-03-03T13:28:44.235+0000] {dagbag.py:538} INFO - Filling up the DagBag from /home/airflow/.local/lib/python3.7/site-packages/airflow/example_dags/example_bash_operator.py
[2023-03-03T13:28:45.040+0000] {processor.py:753} INFO - DAG(s) dict_keys(['example_bash_operator']) retrieved from /home/airflow/.local/lib/python3.7/site-packages/airflow/example_dags/example_bash_operator.py
[2023-03-03T13:28:50.614+0000] {logging_mixin.py:137} INFO - [2023-03-03T13:28:50.611+0000] {dag.py:2690} INFO - Sync 1 DAGs
[2023-03-03T13:29:03.972+0000] {logging_mixin.py:137} INFO - [2023-03-03T13:29:03.760+0000] {dag.py:3441} INFO - Setting next_dagrun for example_bash_operator to 2023-03-02T00:00:00+00:00, run_after=2023-03-03T00:00:00+00:00
[2023-03-03T13:29:07.431+0000] {processor.py:175} INFO - Processing /home/airflow/.local/lib/python3.7/site-packages/airflow/example_dags/example_bash_operator.py took 23.387 seconds
[2023-03-03T13:30:17.552+0000] {processor.py:153} INFO - Started process (PID=415) to work on /home/airflow/.local/lib/python3.7/site-packages/airflow/example_dags/example_bash_operator.py
[2023-03-03T13:30:17.563+0000] {processor.py:743} INFO - Processing file /home/airflow/.local/lib/python3.7/site-packages/airflow/example_dags/example_bash_operator.py for tasks to queue
[2023-03-03T13:30:17.564+0000] {logging_mixin.py:137} INFO - [2023-03-03T13:30:17.564+0000] {dagbag.py:538} INFO - Filling up the DagBag from /home/airflow/.local/lib/python3.7/site-packages/airflow/example_dags/example_bash_operator.py
[2023-03-03T13:30:17.781+0000] {processor.py:753} INFO - DAG(s) dict_keys(['example_bash_operator']) retrieved from /home/airflow/.local/lib/python3.7/site-packages/airflow/example_dags/example_bash_operator.py
[2023-03-03T13:30:17.963+0000] {logging_mixin.py:137} INFO - [2023-03-03T13:30:17.963+0000] {dag.py:2690} INFO - Sync 1 DAGs
[2023-03-03T13:30:18.012+0000] {logging_mixin.py:137} INFO - [2023-03-03T13:30:18.012+0000] {dag.py:3441} INFO - Setting next_dagrun for example_bash_operator to 2023-03-02T00:00:00+00:00, run_after=2023-03-03T00:00:00+00:00
[2023-03-03T13:30:18.187+0000] {processor.py:175} INFO - Processing /home/airflow/.local/lib/python3.7/site-packages/airflow/example_dags/example_bash_operator.py took 0.646 seconds
[2023-03-03T13:31:38.974+0000] {processor.py:153} INFO - Started process (PID=461) to work on /home/airflow/.local/lib/python3.7/site-packages/airflow/example_dags/example_bash_operator.py
[2023-03-03T13:31:39.000+0000] {processor.py:743} INFO - Processing file /home/airflow/.local/lib/python3.7/site-packages/airflow/example_dags/example_bash_operator.py for tasks to queue
[2023-03-03T13:31:39.003+0000] {logging_mixin.py:137} INFO - [2023-03-03T13:31:39.003+0000] {dagbag.py:538} INFO - Filling up the DagBag from /home/airflow/.local/lib/python3.7/site-packages/airflow/example_dags/example_bash_operator.py
[2023-03-03T13:31:40.882+0000] {processor.py:753} INFO - DAG(s) dict_keys(['example_bash_operator']) retrieved from /home/airflow/.local/lib/python3.7/site-packages/airflow/example_dags/example_bash_operator.py
[2023-03-03T13:31:52.146+0000] {logging_mixin.py:137} INFO - [2023-03-03T13:31:52.127+0000] {dag.py:2690} INFO - Sync 1 DAGs
[2023-03-03T13:31:54.046+0000] {logging_mixin.py:137} INFO - [2023-03-03T13:31:54.039+0000] {dag.py:3441} INFO - Setting next_dagrun for example_bash_operator to 2023-03-02T00:00:00+00:00, run_after=2023-03-03T00:00:00+00:00
[2023-03-03T13:31:54.541+0000] {processor.py:175} INFO - Processing /home/airflow/.local/lib/python3.7/site-packages/airflow/example_dags/example_bash_operator.py took 15.586 seconds
[2023-03-03T13:33:21.785+0000] {processor.py:153} INFO - Started process (PID=536) to work on /home/airflow/.local/lib/python3.7/site-packages/airflow/example_dags/example_bash_operator.py
[2023-03-03T13:33:21.838+0000] {processor.py:743} INFO - Processing file /home/airflow/.local/lib/python3.7/site-packages/airflow/example_dags/example_bash_operator.py for tasks to queue
[2023-03-03T13:33:21.839+0000] {logging_mixin.py:137} INFO - [2023-03-03T13:33:21.839+0000] {dagbag.py:538} INFO - Filling up the DagBag from /home/airflow/.local/lib/python3.7/site-packages/airflow/example_dags/example_bash_operator.py
[2023-03-03T13:33:22.313+0000] {processor.py:753} INFO - DAG(s) dict_keys(['example_bash_operator']) retrieved from /home/airflow/.local/lib/python3.7/site-packages/airflow/example_dags/example_bash_operator.py
[2023-03-03T13:33:32.992+0000] {logging_mixin.py:137} INFO - [2023-03-03T13:33:32.984+0000] {dag.py:2690} INFO - Sync 1 DAGs
[2023-03-03T13:33:33.558+0000] {logging_mixin.py:137} INFO - [2023-03-03T13:33:33.512+0000] {dag.py:3441} INFO - Setting next_dagrun for example_bash_operator to 2023-03-02T00:00:00+00:00, run_after=2023-03-03T00:00:00+00:00
[2023-03-03T13:33:36.233+0000] {processor.py:175} INFO - Processing /home/airflow/.local/lib/python3.7/site-packages/airflow/example_dags/example_bash_operator.py took 14.460 seconds
