[2023-03-03T13:20:39.337+0000] {processor.py:153} INFO - Started process (PID=53) to work on /home/airflow/.local/lib/python3.7/site-packages/airflow/example_dags/example_branch_operator.py
[2023-03-03T13:20:39.337+0000] {processor.py:743} INFO - Processing file /home/airflow/.local/lib/python3.7/site-packages/airflow/example_dags/example_branch_operator.py for tasks to queue
[2023-03-03T13:20:39.338+0000] {logging_mixin.py:137} INFO - [2023-03-03T13:20:39.338+0000] {dagbag.py:538} INFO - Filling up the DagBag from /home/airflow/.local/lib/python3.7/site-packages/airflow/example_dags/example_branch_operator.py
[2023-03-03T13:20:39.364+0000] {processor.py:753} INFO - DAG(s) dict_keys(['example_branch_operator']) retrieved from /home/airflow/.local/lib/python3.7/site-packages/airflow/example_dags/example_branch_operator.py
[2023-03-03T13:20:39.413+0000] {logging_mixin.py:137} INFO - [2023-03-03T13:20:39.412+0000] {dag.py:2690} INFO - Sync 1 DAGs
[2023-03-03T13:20:39.459+0000] {logging_mixin.py:137} INFO - [2023-03-03T13:20:39.458+0000] {dag.py:3441} INFO - Setting next_dagrun for example_branch_operator to 2023-03-02T00:00:00+00:00, run_after=2023-03-03T00:00:00+00:00
[2023-03-03T13:20:39.493+0000] {processor.py:175} INFO - Processing /home/airflow/.local/lib/python3.7/site-packages/airflow/example_dags/example_branch_operator.py took 0.173 seconds
[2023-03-03T13:21:41.330+0000] {processor.py:153} INFO - Started process (PID=120) to work on /home/airflow/.local/lib/python3.7/site-packages/airflow/example_dags/example_branch_operator.py
[2023-03-03T13:21:41.342+0000] {processor.py:743} INFO - Processing file /home/airflow/.local/lib/python3.7/site-packages/airflow/example_dags/example_branch_operator.py for tasks to queue
[2023-03-03T13:21:41.343+0000] {logging_mixin.py:137} INFO - [2023-03-03T13:21:41.343+0000] {dagbag.py:538} INFO - Filling up the DagBag from /home/airflow/.local/lib/python3.7/site-packages/airflow/example_dags/example_branch_operator.py
[2023-03-03T13:21:42.289+0000] {processor.py:753} INFO - DAG(s) dict_keys(['example_branch_operator']) retrieved from /home/airflow/.local/lib/python3.7/site-packages/airflow/example_dags/example_branch_operator.py
[2023-03-03T13:21:43.790+0000] {logging_mixin.py:137} INFO - [2023-03-03T13:21:43.789+0000] {dag.py:2690} INFO - Sync 1 DAGs
[2023-03-03T13:21:43.924+0000] {logging_mixin.py:137} INFO - [2023-03-03T13:21:43.924+0000] {dag.py:3441} INFO - Setting next_dagrun for example_branch_operator to 2023-03-02T00:00:00+00:00, run_after=2023-03-03T00:00:00+00:00
[2023-03-03T13:21:44.064+0000] {processor.py:175} INFO - Processing /home/airflow/.local/lib/python3.7/site-packages/airflow/example_dags/example_branch_operator.py took 2.769 seconds
[2023-03-03T13:26:02.031+0000] {processor.py:153} INFO - Started process (PID=237) to work on /home/airflow/.local/lib/python3.7/site-packages/airflow/example_dags/example_branch_operator.py
[2023-03-03T13:26:03.407+0000] {processor.py:743} INFO - Processing file /home/airflow/.local/lib/python3.7/site-packages/airflow/example_dags/example_branch_operator.py for tasks to queue
[2023-03-03T13:26:03.600+0000] {logging_mixin.py:137} INFO - [2023-03-03T13:26:03.600+0000] {dagbag.py:538} INFO - Filling up the DagBag from /home/airflow/.local/lib/python3.7/site-packages/airflow/example_dags/example_branch_operator.py
[2023-03-03T13:26:04.818+0000] {processor.py:753} INFO - DAG(s) dict_keys(['example_branch_operator']) retrieved from /home/airflow/.local/lib/python3.7/site-packages/airflow/example_dags/example_branch_operator.py
[2023-03-03T13:26:07.955+0000] {logging_mixin.py:137} INFO - [2023-03-03T13:26:07.947+0000] {dag.py:2690} INFO - Sync 1 DAGs
[2023-03-03T13:26:11.545+0000] {logging_mixin.py:137} INFO - [2023-03-03T13:26:09.585+0000] {dag.py:3441} INFO - Setting next_dagrun for example_branch_operator to 2023-03-02T00:00:00+00:00, run_after=2023-03-03T00:00:00+00:00
[2023-03-03T13:26:14.147+0000] {processor.py:175} INFO - Processing /home/airflow/.local/lib/python3.7/site-packages/airflow/example_dags/example_branch_operator.py took 12.284 seconds
[2023-03-03T13:28:45.117+0000] {processor.py:153} INFO - Started process (PID=340) to work on /home/airflow/.local/lib/python3.7/site-packages/airflow/example_dags/example_branch_operator.py
[2023-03-03T13:28:45.213+0000] {processor.py:743} INFO - Processing file /home/airflow/.local/lib/python3.7/site-packages/airflow/example_dags/example_branch_operator.py for tasks to queue
[2023-03-03T13:28:45.332+0000] {logging_mixin.py:137} INFO - [2023-03-03T13:28:45.266+0000] {dagbag.py:538} INFO - Filling up the DagBag from /home/airflow/.local/lib/python3.7/site-packages/airflow/example_dags/example_branch_operator.py
[2023-03-03T13:28:49.578+0000] {processor.py:753} INFO - DAG(s) dict_keys(['example_branch_operator']) retrieved from /home/airflow/.local/lib/python3.7/site-packages/airflow/example_dags/example_branch_operator.py
[2023-03-03T13:29:06.535+0000] {logging_mixin.py:137} INFO - [2023-03-03T13:29:06.496+0000] {dag.py:2690} INFO - Sync 1 DAGs
[2023-03-03T13:29:07.596+0000] {logging_mixin.py:137} INFO - [2023-03-03T13:29:07.595+0000] {dag.py:3441} INFO - Setting next_dagrun for example_branch_operator to 2023-03-02T00:00:00+00:00, run_after=2023-03-03T00:00:00+00:00
[2023-03-03T13:29:07.987+0000] {processor.py:175} INFO - Processing /home/airflow/.local/lib/python3.7/site-packages/airflow/example_dags/example_branch_operator.py took 22.942 seconds
[2023-03-03T13:30:18.008+0000] {processor.py:153} INFO - Started process (PID=418) to work on /home/airflow/.local/lib/python3.7/site-packages/airflow/example_dags/example_branch_operator.py
[2023-03-03T13:30:18.012+0000] {processor.py:743} INFO - Processing file /home/airflow/.local/lib/python3.7/site-packages/airflow/example_dags/example_branch_operator.py for tasks to queue
[2023-03-03T13:30:18.014+0000] {logging_mixin.py:137} INFO - [2023-03-03T13:30:18.013+0000] {dagbag.py:538} INFO - Filling up the DagBag from /home/airflow/.local/lib/python3.7/site-packages/airflow/example_dags/example_branch_operator.py
[2023-03-03T13:30:18.113+0000] {processor.py:753} INFO - DAG(s) dict_keys(['example_branch_operator']) retrieved from /home/airflow/.local/lib/python3.7/site-packages/airflow/example_dags/example_branch_operator.py
[2023-03-03T13:30:18.233+0000] {logging_mixin.py:137} INFO - [2023-03-03T13:30:18.228+0000] {dag.py:2690} INFO - Sync 1 DAGs
[2023-03-03T13:30:18.346+0000] {logging_mixin.py:137} INFO - [2023-03-03T13:30:18.345+0000] {dag.py:3441} INFO - Setting next_dagrun for example_branch_operator to 2023-03-02T00:00:00+00:00, run_after=2023-03-03T00:00:00+00:00
[2023-03-03T13:30:18.411+0000] {processor.py:175} INFO - Processing /home/airflow/.local/lib/python3.7/site-packages/airflow/example_dags/example_branch_operator.py took 0.411 seconds
[2023-03-03T13:31:39.157+0000] {processor.py:153} INFO - Started process (PID=462) to work on /home/airflow/.local/lib/python3.7/site-packages/airflow/example_dags/example_branch_operator.py
[2023-03-03T13:31:39.183+0000] {processor.py:743} INFO - Processing file /home/airflow/.local/lib/python3.7/site-packages/airflow/example_dags/example_branch_operator.py for tasks to queue
[2023-03-03T13:31:39.189+0000] {logging_mixin.py:137} INFO - [2023-03-03T13:31:39.188+0000] {dagbag.py:538} INFO - Filling up the DagBag from /home/airflow/.local/lib/python3.7/site-packages/airflow/example_dags/example_branch_operator.py
[2023-03-03T13:31:41.010+0000] {processor.py:753} INFO - DAG(s) dict_keys(['example_branch_operator']) retrieved from /home/airflow/.local/lib/python3.7/site-packages/airflow/example_dags/example_branch_operator.py
[2023-03-03T13:31:52.148+0000] {logging_mixin.py:137} INFO - [2023-03-03T13:31:52.128+0000] {dag.py:2690} INFO - Sync 1 DAGs
[2023-03-03T13:31:53.891+0000] {logging_mixin.py:137} INFO - [2023-03-03T13:31:53.860+0000] {dag.py:3441} INFO - Setting next_dagrun for example_branch_operator to 2023-03-02T00:00:00+00:00, run_after=2023-03-03T00:00:00+00:00
[2023-03-03T13:31:54.402+0000] {processor.py:175} INFO - Processing /home/airflow/.local/lib/python3.7/site-packages/airflow/example_dags/example_branch_operator.py took 15.270 seconds
[2023-03-03T13:33:22.042+0000] {processor.py:153} INFO - Started process (PID=537) to work on /home/airflow/.local/lib/python3.7/site-packages/airflow/example_dags/example_branch_operator.py
[2023-03-03T13:33:22.059+0000] {processor.py:743} INFO - Processing file /home/airflow/.local/lib/python3.7/site-packages/airflow/example_dags/example_branch_operator.py for tasks to queue
[2023-03-03T13:33:22.060+0000] {logging_mixin.py:137} INFO - [2023-03-03T13:33:22.060+0000] {dagbag.py:538} INFO - Filling up the DagBag from /home/airflow/.local/lib/python3.7/site-packages/airflow/example_dags/example_branch_operator.py
[2023-03-03T13:33:22.373+0000] {processor.py:753} INFO - DAG(s) dict_keys(['example_branch_operator']) retrieved from /home/airflow/.local/lib/python3.7/site-packages/airflow/example_dags/example_branch_operator.py
[2023-03-03T13:33:32.788+0000] {logging_mixin.py:137} INFO - [2023-03-03T13:33:32.757+0000] {dag.py:2690} INFO - Sync 1 DAGs
[2023-03-03T13:33:33.443+0000] {logging_mixin.py:137} INFO - [2023-03-03T13:33:33.427+0000] {dag.py:3441} INFO - Setting next_dagrun for example_branch_operator to 2023-03-02T00:00:00+00:00, run_after=2023-03-03T00:00:00+00:00
[2023-03-03T13:33:36.329+0000] {processor.py:175} INFO - Processing /home/airflow/.local/lib/python3.7/site-packages/airflow/example_dags/example_branch_operator.py took 14.375 seconds
