[2023-03-03T13:20:40.577+0000] {processor.py:153} INFO - Started process (PID=63) to work on /home/airflow/.local/lib/python3.7/site-packages/airflow/example_dags/example_short_circuit_operator.py
[2023-03-03T13:20:40.578+0000] {processor.py:743} INFO - Processing file /home/airflow/.local/lib/python3.7/site-packages/airflow/example_dags/example_short_circuit_operator.py for tasks to queue
[2023-03-03T13:20:40.578+0000] {logging_mixin.py:137} INFO - [2023-03-03T13:20:40.578+0000] {dagbag.py:538} INFO - Filling up the DagBag from /home/airflow/.local/lib/python3.7/site-packages/airflow/example_dags/example_short_circuit_operator.py
[2023-03-03T13:20:40.618+0000] {processor.py:753} INFO - DAG(s) dict_keys(['example_short_circuit_operator']) retrieved from /home/airflow/.local/lib/python3.7/site-packages/airflow/example_dags/example_short_circuit_operator.py
[2023-03-03T13:20:40.722+0000] {logging_mixin.py:137} INFO - [2023-03-03T13:20:40.722+0000] {dag.py:2690} INFO - Sync 1 DAGs
[2023-03-03T13:20:40.771+0000] {logging_mixin.py:137} INFO - [2023-03-03T13:20:40.771+0000] {dag.py:3441} INFO - Setting next_dagrun for example_short_circuit_operator to 2023-03-02T13:20:40.770900+00:00, run_after=2023-03-03T13:20:40.770900+00:00
[2023-03-03T13:20:40.821+0000] {processor.py:175} INFO - Processing /home/airflow/.local/lib/python3.7/site-packages/airflow/example_dags/example_short_circuit_operator.py took 0.248 seconds
[2023-03-03T13:22:33.883+0000] {processor.py:153} INFO - Started process (PID=139) to work on /home/airflow/.local/lib/python3.7/site-packages/airflow/example_dags/example_short_circuit_operator.py
[2023-03-03T13:22:33.907+0000] {processor.py:743} INFO - Processing file /home/airflow/.local/lib/python3.7/site-packages/airflow/example_dags/example_short_circuit_operator.py for tasks to queue
[2023-03-03T13:22:33.915+0000] {logging_mixin.py:137} INFO - [2023-03-03T13:22:33.912+0000] {dagbag.py:538} INFO - Filling up the DagBag from /home/airflow/.local/lib/python3.7/site-packages/airflow/example_dags/example_short_circuit_operator.py
[2023-03-03T13:22:34.195+0000] {processor.py:753} INFO - DAG(s) dict_keys(['example_short_circuit_operator']) retrieved from /home/airflow/.local/lib/python3.7/site-packages/airflow/example_dags/example_short_circuit_operator.py
[2023-03-03T13:22:34.505+0000] {logging_mixin.py:137} INFO - [2023-03-03T13:22:34.505+0000] {dag.py:2690} INFO - Sync 1 DAGs
[2023-03-03T13:22:34.818+0000] {logging_mixin.py:137} INFO - [2023-03-03T13:22:34.817+0000] {dag.py:3441} INFO - Setting next_dagrun for example_short_circuit_operator to 2023-03-02T13:22:34.813414+00:00, run_after=2023-03-03T13:22:34.813414+00:00
[2023-03-03T13:22:34.985+0000] {processor.py:175} INFO - Processing /home/airflow/.local/lib/python3.7/site-packages/airflow/example_dags/example_short_circuit_operator.py took 1.118 seconds
[2023-03-03T13:26:47.087+0000] {processor.py:153} INFO - Started process (PID=274) to work on /home/airflow/.local/lib/python3.7/site-packages/airflow/example_dags/example_short_circuit_operator.py
[2023-03-03T13:26:47.102+0000] {processor.py:743} INFO - Processing file /home/airflow/.local/lib/python3.7/site-packages/airflow/example_dags/example_short_circuit_operator.py for tasks to queue
[2023-03-03T13:26:47.103+0000] {logging_mixin.py:137} INFO - [2023-03-03T13:26:47.103+0000] {dagbag.py:538} INFO - Filling up the DagBag from /home/airflow/.local/lib/python3.7/site-packages/airflow/example_dags/example_short_circuit_operator.py
[2023-03-03T13:26:54.916+0000] {processor.py:753} INFO - DAG(s) dict_keys(['example_short_circuit_operator']) retrieved from /home/airflow/.local/lib/python3.7/site-packages/airflow/example_dags/example_short_circuit_operator.py
[2023-03-03T13:26:57.132+0000] {logging_mixin.py:137} INFO - [2023-03-03T13:26:57.132+0000] {dag.py:2690} INFO - Sync 1 DAGs
[2023-03-03T13:26:57.864+0000] {logging_mixin.py:137} INFO - [2023-03-03T13:26:57.864+0000] {dag.py:3441} INFO - Setting next_dagrun for example_short_circuit_operator to 2023-03-02T13:26:57.863988+00:00, run_after=2023-03-03T13:26:57.863988+00:00
[2023-03-03T13:26:58.172+0000] {processor.py:175} INFO - Processing /home/airflow/.local/lib/python3.7/site-packages/airflow/example_dags/example_short_circuit_operator.py took 11.145 seconds
[2023-03-03T13:29:30.626+0000] {processor.py:153} INFO - Started process (PID=369) to work on /home/airflow/.local/lib/python3.7/site-packages/airflow/example_dags/example_short_circuit_operator.py
[2023-03-03T13:29:30.629+0000] {processor.py:743} INFO - Processing file /home/airflow/.local/lib/python3.7/site-packages/airflow/example_dags/example_short_circuit_operator.py for tasks to queue
[2023-03-03T13:29:30.630+0000] {logging_mixin.py:137} INFO - [2023-03-03T13:29:30.629+0000] {dagbag.py:538} INFO - Filling up the DagBag from /home/airflow/.local/lib/python3.7/site-packages/airflow/example_dags/example_short_circuit_operator.py
[2023-03-03T13:29:31.122+0000] {processor.py:753} INFO - DAG(s) dict_keys(['example_short_circuit_operator']) retrieved from /home/airflow/.local/lib/python3.7/site-packages/airflow/example_dags/example_short_circuit_operator.py
[2023-03-03T13:29:45.570+0000] {logging_mixin.py:137} INFO - [2023-03-03T13:29:45.558+0000] {dag.py:2690} INFO - Sync 1 DAGs
[2023-03-03T13:29:45.994+0000] {logging_mixin.py:137} INFO - [2023-03-03T13:29:45.994+0000] {dag.py:3441} INFO - Setting next_dagrun for example_short_circuit_operator to 2023-03-02T13:29:45.992009+00:00, run_after=2023-03-03T13:29:45.992009+00:00
[2023-03-03T13:29:46.228+0000] {processor.py:175} INFO - Processing /home/airflow/.local/lib/python3.7/site-packages/airflow/example_dags/example_short_circuit_operator.py took 15.608 seconds
[2023-03-03T13:32:14.032+0000] {processor.py:153} INFO - Started process (PID=480) to work on /home/airflow/.local/lib/python3.7/site-packages/airflow/example_dags/example_short_circuit_operator.py
[2023-03-03T13:32:14.047+0000] {processor.py:743} INFO - Processing file /home/airflow/.local/lib/python3.7/site-packages/airflow/example_dags/example_short_circuit_operator.py for tasks to queue
[2023-03-03T13:32:14.053+0000] {logging_mixin.py:137} INFO - [2023-03-03T13:32:14.051+0000] {dagbag.py:538} INFO - Filling up the DagBag from /home/airflow/.local/lib/python3.7/site-packages/airflow/example_dags/example_short_circuit_operator.py
[2023-03-03T13:32:14.869+0000] {processor.py:753} INFO - DAG(s) dict_keys(['example_short_circuit_operator']) retrieved from /home/airflow/.local/lib/python3.7/site-packages/airflow/example_dags/example_short_circuit_operator.py
[2023-03-03T13:32:16.219+0000] {logging_mixin.py:137} INFO - [2023-03-03T13:32:16.217+0000] {dag.py:2690} INFO - Sync 1 DAGs
[2023-03-03T13:32:16.383+0000] {logging_mixin.py:137} INFO - [2023-03-03T13:32:16.383+0000] {dag.py:3441} INFO - Setting next_dagrun for example_short_circuit_operator to 2023-03-02T13:32:16.382452+00:00, run_after=2023-03-03T13:32:16.382452+00:00
[2023-03-03T13:32:16.635+0000] {processor.py:175} INFO - Processing /home/airflow/.local/lib/python3.7/site-packages/airflow/example_dags/example_short_circuit_operator.py took 2.626 seconds
[2023-03-03T13:34:40.198+0000] {processor.py:153} INFO - Started process (PID=586) to work on /home/airflow/.local/lib/python3.7/site-packages/airflow/example_dags/example_short_circuit_operator.py
[2023-03-03T13:34:40.251+0000] {processor.py:743} INFO - Processing file /home/airflow/.local/lib/python3.7/site-packages/airflow/example_dags/example_short_circuit_operator.py for tasks to queue
[2023-03-03T13:34:40.253+0000] {logging_mixin.py:137} INFO - [2023-03-03T13:34:40.252+0000] {dagbag.py:538} INFO - Filling up the DagBag from /home/airflow/.local/lib/python3.7/site-packages/airflow/example_dags/example_short_circuit_operator.py
[2023-03-03T13:34:45.600+0000] {processor.py:753} INFO - DAG(s) dict_keys(['example_short_circuit_operator']) retrieved from /home/airflow/.local/lib/python3.7/site-packages/airflow/example_dags/example_short_circuit_operator.py
