[2023-03-03T13:20:42.489+0000] {processor.py:153} INFO - Started process (PID=77) to work on /home/airflow/.local/lib/python3.7/site-packages/airflow/example_dags/example_xcom.py
[2023-03-03T13:20:42.489+0000] {processor.py:743} INFO - Processing file /home/airflow/.local/lib/python3.7/site-packages/airflow/example_dags/example_xcom.py for tasks to queue
[2023-03-03T13:20:42.495+0000] {logging_mixin.py:137} INFO - [2023-03-03T13:20:42.494+0000] {dagbag.py:538} INFO - Filling up the DagBag from /home/airflow/.local/lib/python3.7/site-packages/airflow/example_dags/example_xcom.py
[2023-03-03T13:20:42.605+0000] {processor.py:753} INFO - DAG(s) dict_keys(['example_xcom']) retrieved from /home/airflow/.local/lib/python3.7/site-packages/airflow/example_dags/example_xcom.py
[2023-03-03T13:20:42.666+0000] {logging_mixin.py:137} INFO - [2023-03-03T13:20:42.666+0000] {dag.py:2690} INFO - Sync 1 DAGs
[2023-03-03T13:20:42.764+0000] {logging_mixin.py:137} INFO - [2023-03-03T13:20:42.763+0000] {dag.py:3441} INFO - Setting next_dagrun for example_xcom to 2021-01-01T00:00:00+00:00, run_after=2021-01-01T00:00:00+00:00
[2023-03-03T13:20:42.823+0000] {processor.py:175} INFO - Processing /home/airflow/.local/lib/python3.7/site-packages/airflow/example_dags/example_xcom.py took 0.338 seconds
[2023-03-03T13:25:01.069+0000] {processor.py:153} INFO - Started process (PID=189) to work on /home/airflow/.local/lib/python3.7/site-packages/airflow/example_dags/example_xcom.py
[2023-03-03T13:25:01.092+0000] {processor.py:743} INFO - Processing file /home/airflow/.local/lib/python3.7/site-packages/airflow/example_dags/example_xcom.py for tasks to queue
[2023-03-03T13:25:01.120+0000] {logging_mixin.py:137} INFO - [2023-03-03T13:25:01.118+0000] {dagbag.py:538} INFO - Filling up the DagBag from /home/airflow/.local/lib/python3.7/site-packages/airflow/example_dags/example_xcom.py
[2023-03-03T13:25:04.956+0000] {processor.py:753} INFO - DAG(s) dict_keys(['example_xcom']) retrieved from /home/airflow/.local/lib/python3.7/site-packages/airflow/example_dags/example_xcom.py
[2023-03-03T13:25:06.655+0000] {logging_mixin.py:137} INFO - [2023-03-03T13:25:06.624+0000] {dag.py:2690} INFO - Sync 1 DAGs
[2023-03-03T13:25:09.162+0000] {logging_mixin.py:137} INFO - [2023-03-03T13:25:09.152+0000] {dag.py:3441} INFO - Setting next_dagrun for example_xcom to 2021-01-01T00:00:00+00:00, run_after=2021-01-01T00:00:00+00:00
[2023-03-03T13:25:11.351+0000] {processor.py:175} INFO - Processing /home/airflow/.local/lib/python3.7/site-packages/airflow/example_dags/example_xcom.py took 10.382 seconds
[2023-03-03T13:30:09.393+0000] {processor.py:153} INFO - Started process (PID=388) to work on /home/airflow/.local/lib/python3.7/site-packages/airflow/example_dags/example_xcom.py
[2023-03-03T13:30:09.399+0000] {processor.py:743} INFO - Processing file /home/airflow/.local/lib/python3.7/site-packages/airflow/example_dags/example_xcom.py for tasks to queue
[2023-03-03T13:30:09.421+0000] {logging_mixin.py:137} INFO - [2023-03-03T13:30:09.421+0000] {dagbag.py:538} INFO - Filling up the DagBag from /home/airflow/.local/lib/python3.7/site-packages/airflow/example_dags/example_xcom.py
[2023-03-03T13:30:10.089+0000] {processor.py:753} INFO - DAG(s) dict_keys(['example_xcom']) retrieved from /home/airflow/.local/lib/python3.7/site-packages/airflow/example_dags/example_xcom.py
[2023-03-03T13:30:10.448+0000] {logging_mixin.py:137} INFO - [2023-03-03T13:30:10.448+0000] {dag.py:2690} INFO - Sync 1 DAGs
[2023-03-03T13:30:10.733+0000] {logging_mixin.py:137} INFO - [2023-03-03T13:30:10.725+0000] {dag.py:3441} INFO - Setting next_dagrun for example_xcom to 2021-01-01T00:00:00+00:00, run_after=2021-01-01T00:00:00+00:00
[2023-03-03T13:30:11.081+0000] {processor.py:175} INFO - Processing /home/airflow/.local/lib/python3.7/site-packages/airflow/example_dags/example_xcom.py took 1.698 seconds
[2023-03-03T13:32:35.354+0000] {processor.py:153} INFO - Started process (PID=500) to work on /home/airflow/.local/lib/python3.7/site-packages/airflow/example_dags/example_xcom.py
[2023-03-03T13:32:35.361+0000] {processor.py:743} INFO - Processing file /home/airflow/.local/lib/python3.7/site-packages/airflow/example_dags/example_xcom.py for tasks to queue
[2023-03-03T13:32:35.366+0000] {logging_mixin.py:137} INFO - [2023-03-03T13:32:35.365+0000] {dagbag.py:538} INFO - Filling up the DagBag from /home/airflow/.local/lib/python3.7/site-packages/airflow/example_dags/example_xcom.py
[2023-03-03T13:32:44.823+0000] {processor.py:753} INFO - DAG(s) dict_keys(['example_xcom']) retrieved from /home/airflow/.local/lib/python3.7/site-packages/airflow/example_dags/example_xcom.py
[2023-03-03T13:32:45.659+0000] {logging_mixin.py:137} INFO - [2023-03-03T13:32:45.649+0000] {dag.py:2690} INFO - Sync 1 DAGs
[2023-03-03T13:32:45.956+0000] {logging_mixin.py:137} INFO - [2023-03-03T13:32:45.946+0000] {dag.py:3441} INFO - Setting next_dagrun for example_xcom to 2021-01-01T00:00:00+00:00, run_after=2021-01-01T00:00:00+00:00
[2023-03-03T13:32:46.929+0000] {processor.py:175} INFO - Processing /home/airflow/.local/lib/python3.7/site-packages/airflow/example_dags/example_xcom.py took 12.111 seconds
