[2023-03-03T13:20:40.847+0000] {processor.py:153} INFO - Started process (PID=64) to work on /home/airflow/.local/lib/python3.7/site-packages/airflow/example_dags/example_sensor_decorator.py
[2023-03-03T13:20:40.848+0000] {processor.py:743} INFO - Processing file /home/airflow/.local/lib/python3.7/site-packages/airflow/example_dags/example_sensor_decorator.py for tasks to queue
[2023-03-03T13:20:40.848+0000] {logging_mixin.py:137} INFO - [2023-03-03T13:20:40.848+0000] {dagbag.py:538} INFO - Filling up the DagBag from /home/airflow/.local/lib/python3.7/site-packages/airflow/example_dags/example_sensor_decorator.py
[2023-03-03T13:20:40.899+0000] {processor.py:753} INFO - DAG(s) dict_keys(['example_sensor_decorator']) retrieved from /home/airflow/.local/lib/python3.7/site-packages/airflow/example_dags/example_sensor_decorator.py
[2023-03-03T13:20:40.955+0000] {logging_mixin.py:137} INFO - [2023-03-03T13:20:40.955+0000] {dag.py:2690} INFO - Sync 1 DAGs
[2023-03-03T13:20:40.996+0000] {logging_mixin.py:137} INFO - [2023-03-03T13:20:40.996+0000] {dag.py:3441} INFO - Setting next_dagrun for example_sensor_decorator to None, run_after=None
[2023-03-03T13:20:41.031+0000] {processor.py:175} INFO - Processing /home/airflow/.local/lib/python3.7/site-packages/airflow/example_dags/example_sensor_decorator.py took 0.188 seconds
[2023-03-03T13:22:35.140+0000] {processor.py:153} INFO - Started process (PID=143) to work on /home/airflow/.local/lib/python3.7/site-packages/airflow/example_dags/example_sensor_decorator.py
[2023-03-03T13:22:35.148+0000] {processor.py:743} INFO - Processing file /home/airflow/.local/lib/python3.7/site-packages/airflow/example_dags/example_sensor_decorator.py for tasks to queue
[2023-03-03T13:22:35.151+0000] {logging_mixin.py:137} INFO - [2023-03-03T13:22:35.151+0000] {dagbag.py:538} INFO - Filling up the DagBag from /home/airflow/.local/lib/python3.7/site-packages/airflow/example_dags/example_sensor_decorator.py
[2023-03-03T13:22:35.399+0000] {processor.py:753} INFO - DAG(s) dict_keys(['example_sensor_decorator']) retrieved from /home/airflow/.local/lib/python3.7/site-packages/airflow/example_dags/example_sensor_decorator.py
[2023-03-03T13:22:35.799+0000] {logging_mixin.py:137} INFO - [2023-03-03T13:22:35.799+0000] {dag.py:2690} INFO - Sync 1 DAGs
[2023-03-03T13:22:36.132+0000] {logging_mixin.py:137} INFO - [2023-03-03T13:22:36.132+0000] {dag.py:3441} INFO - Setting next_dagrun for example_sensor_decorator to None, run_after=None
[2023-03-03T13:22:36.347+0000] {processor.py:175} INFO - Processing /home/airflow/.local/lib/python3.7/site-packages/airflow/example_dags/example_sensor_decorator.py took 1.238 seconds
[2023-03-03T13:26:57.028+0000] {processor.py:153} INFO - Started process (PID=277) to work on /home/airflow/.local/lib/python3.7/site-packages/airflow/example_dags/example_sensor_decorator.py
[2023-03-03T13:26:57.050+0000] {processor.py:743} INFO - Processing file /home/airflow/.local/lib/python3.7/site-packages/airflow/example_dags/example_sensor_decorator.py for tasks to queue
[2023-03-03T13:26:57.052+0000] {logging_mixin.py:137} INFO - [2023-03-03T13:26:57.051+0000] {dagbag.py:538} INFO - Filling up the DagBag from /home/airflow/.local/lib/python3.7/site-packages/airflow/example_dags/example_sensor_decorator.py
[2023-03-03T13:26:57.329+0000] {processor.py:753} INFO - DAG(s) dict_keys(['example_sensor_decorator']) retrieved from /home/airflow/.local/lib/python3.7/site-packages/airflow/example_dags/example_sensor_decorator.py
[2023-03-03T13:26:57.761+0000] {logging_mixin.py:137} INFO - [2023-03-03T13:26:57.760+0000] {dag.py:2690} INFO - Sync 1 DAGs
[2023-03-03T13:26:58.397+0000] {logging_mixin.py:137} INFO - [2023-03-03T13:26:58.397+0000] {dag.py:3441} INFO - Setting next_dagrun for example_sensor_decorator to None, run_after=None
[2023-03-03T13:26:58.687+0000] {processor.py:175} INFO - Processing /home/airflow/.local/lib/python3.7/site-packages/airflow/example_dags/example_sensor_decorator.py took 1.730 seconds
[2023-03-03T13:29:46.439+0000] {processor.py:153} INFO - Started process (PID=370) to work on /home/airflow/.local/lib/python3.7/site-packages/airflow/example_dags/example_sensor_decorator.py
[2023-03-03T13:29:46.455+0000] {processor.py:743} INFO - Processing file /home/airflow/.local/lib/python3.7/site-packages/airflow/example_dags/example_sensor_decorator.py for tasks to queue
[2023-03-03T13:29:46.456+0000] {logging_mixin.py:137} INFO - [2023-03-03T13:29:46.456+0000] {dagbag.py:538} INFO - Filling up the DagBag from /home/airflow/.local/lib/python3.7/site-packages/airflow/example_dags/example_sensor_decorator.py
[2023-03-03T13:29:48.688+0000] {processor.py:753} INFO - DAG(s) dict_keys(['example_sensor_decorator']) retrieved from /home/airflow/.local/lib/python3.7/site-packages/airflow/example_dags/example_sensor_decorator.py
[2023-03-03T13:29:49.512+0000] {logging_mixin.py:137} INFO - [2023-03-03T13:29:49.487+0000] {dag.py:2690} INFO - Sync 1 DAGs
[2023-03-03T13:29:50.077+0000] {logging_mixin.py:137} INFO - [2023-03-03T13:29:50.074+0000] {dag.py:3441} INFO - Setting next_dagrun for example_sensor_decorator to None, run_after=None
[2023-03-03T13:29:50.496+0000] {processor.py:175} INFO - Processing /home/airflow/.local/lib/python3.7/site-packages/airflow/example_dags/example_sensor_decorator.py took 4.093 seconds
[2023-03-03T13:32:17.154+0000] {processor.py:153} INFO - Started process (PID=481) to work on /home/airflow/.local/lib/python3.7/site-packages/airflow/example_dags/example_sensor_decorator.py
[2023-03-03T13:32:17.189+0000] {processor.py:743} INFO - Processing file /home/airflow/.local/lib/python3.7/site-packages/airflow/example_dags/example_sensor_decorator.py for tasks to queue
[2023-03-03T13:32:17.257+0000] {logging_mixin.py:137} INFO - [2023-03-03T13:32:17.242+0000] {dagbag.py:538} INFO - Filling up the DagBag from /home/airflow/.local/lib/python3.7/site-packages/airflow/example_dags/example_sensor_decorator.py
[2023-03-03T13:32:19.269+0000] {processor.py:753} INFO - DAG(s) dict_keys(['example_sensor_decorator']) retrieved from /home/airflow/.local/lib/python3.7/site-packages/airflow/example_dags/example_sensor_decorator.py
[2023-03-03T13:32:20.493+0000] {logging_mixin.py:137} INFO - [2023-03-03T13:32:20.481+0000] {dag.py:2690} INFO - Sync 1 DAGs
[2023-03-03T13:32:20.893+0000] {logging_mixin.py:137} INFO - [2023-03-03T13:32:20.888+0000] {dag.py:3441} INFO - Setting next_dagrun for example_sensor_decorator to None, run_after=None
[2023-03-03T13:32:21.179+0000] {processor.py:175} INFO - Processing /home/airflow/.local/lib/python3.7/site-packages/airflow/example_dags/example_sensor_decorator.py took 4.095 seconds
