[2023-03-03T13:20:41.381+0000] {processor.py:153} INFO - Started process (PID=69) to work on /home/airflow/.local/lib/python3.7/site-packages/airflow/example_dags/example_kubernetes_executor.py
[2023-03-03T13:20:41.382+0000] {processor.py:743} INFO - Processing file /home/airflow/.local/lib/python3.7/site-packages/airflow/example_dags/example_kubernetes_executor.py for tasks to queue
[2023-03-03T13:20:41.383+0000] {logging_mixin.py:137} INFO - [2023-03-03T13:20:41.382+0000] {dagbag.py:538} INFO - Filling up the DagBag from /home/airflow/.local/lib/python3.7/site-packages/airflow/example_dags/example_kubernetes_executor.py
[2023-03-03T13:20:41.427+0000] {processor.py:753} INFO - DAG(s) dict_keys(['example_kubernetes_executor']) retrieved from /home/airflow/.local/lib/python3.7/site-packages/airflow/example_dags/example_kubernetes_executor.py
[2023-03-03T13:20:41.468+0000] {logging_mixin.py:137} INFO - [2023-03-03T13:20:41.467+0000] {dag.py:2690} INFO - Sync 1 DAGs
[2023-03-03T13:20:41.515+0000] {logging_mixin.py:137} INFO - [2023-03-03T13:20:41.515+0000] {dag.py:3441} INFO - Setting next_dagrun for example_kubernetes_executor to None, run_after=None
[2023-03-03T13:20:41.562+0000] {processor.py:175} INFO - Processing /home/airflow/.local/lib/python3.7/site-packages/airflow/example_dags/example_kubernetes_executor.py took 0.185 seconds
[2023-03-03T13:23:44.832+0000] {processor.py:153} INFO - Started process (PID=150) to work on /home/airflow/.local/lib/python3.7/site-packages/airflow/example_dags/example_kubernetes_executor.py
[2023-03-03T13:23:44.872+0000] {processor.py:743} INFO - Processing file /home/airflow/.local/lib/python3.7/site-packages/airflow/example_dags/example_kubernetes_executor.py for tasks to queue
[2023-03-03T13:23:44.894+0000] {logging_mixin.py:137} INFO - [2023-03-03T13:23:44.893+0000] {dagbag.py:538} INFO - Filling up the DagBag from /home/airflow/.local/lib/python3.7/site-packages/airflow/example_dags/example_kubernetes_executor.py
[2023-03-03T13:24:03.404+0000] {processor.py:753} INFO - DAG(s) dict_keys(['example_kubernetes_executor']) retrieved from /home/airflow/.local/lib/python3.7/site-packages/airflow/example_dags/example_kubernetes_executor.py
[2023-03-03T13:24:06.086+0000] {logging_mixin.py:137} INFO - [2023-03-03T13:24:06.061+0000] {dag.py:2690} INFO - Sync 1 DAGs
[2023-03-03T13:24:07.565+0000] {logging_mixin.py:137} INFO - [2023-03-03T13:24:07.564+0000] {dag.py:3441} INFO - Setting next_dagrun for example_kubernetes_executor to None, run_after=None
[2023-03-03T13:24:07.769+0000] {processor.py:175} INFO - Processing /home/airflow/.local/lib/python3.7/site-packages/airflow/example_dags/example_kubernetes_executor.py took 22.969 seconds
[2023-03-03T13:27:13.460+0000] {processor.py:153} INFO - Started process (PID=294) to work on /home/airflow/.local/lib/python3.7/site-packages/airflow/example_dags/example_kubernetes_executor.py
[2023-03-03T13:27:14.555+0000] {processor.py:743} INFO - Processing file /home/airflow/.local/lib/python3.7/site-packages/airflow/example_dags/example_kubernetes_executor.py for tasks to queue
[2023-03-03T13:27:14.565+0000] {logging_mixin.py:137} INFO - [2023-03-03T13:27:14.565+0000] {dagbag.py:538} INFO - Filling up the DagBag from /home/airflow/.local/lib/python3.7/site-packages/airflow/example_dags/example_kubernetes_executor.py
[2023-03-03T13:27:20.168+0000] {processor.py:753} INFO - DAG(s) dict_keys(['example_kubernetes_executor']) retrieved from /home/airflow/.local/lib/python3.7/site-packages/airflow/example_dags/example_kubernetes_executor.py
[2023-03-03T13:27:26.177+0000] {logging_mixin.py:137} INFO - [2023-03-03T13:27:26.171+0000] {dag.py:2690} INFO - Sync 1 DAGs
[2023-03-03T13:27:27.266+0000] {logging_mixin.py:137} INFO - [2023-03-03T13:27:27.256+0000] {dag.py:3441} INFO - Setting next_dagrun for example_kubernetes_executor to None, run_after=None
[2023-03-03T13:27:29.773+0000] {processor.py:175} INFO - Processing /home/airflow/.local/lib/python3.7/site-packages/airflow/example_dags/example_kubernetes_executor.py took 16.698 seconds
[2023-03-03T13:29:53.560+0000] {processor.py:153} INFO - Started process (PID=378) to work on /home/airflow/.local/lib/python3.7/site-packages/airflow/example_dags/example_kubernetes_executor.py
[2023-03-03T13:29:53.570+0000] {processor.py:743} INFO - Processing file /home/airflow/.local/lib/python3.7/site-packages/airflow/example_dags/example_kubernetes_executor.py for tasks to queue
[2023-03-03T13:29:53.578+0000] {logging_mixin.py:137} INFO - [2023-03-03T13:29:53.573+0000] {dagbag.py:538} INFO - Filling up the DagBag from /home/airflow/.local/lib/python3.7/site-packages/airflow/example_dags/example_kubernetes_executor.py
[2023-03-03T13:29:53.915+0000] {processor.py:753} INFO - DAG(s) dict_keys(['example_kubernetes_executor']) retrieved from /home/airflow/.local/lib/python3.7/site-packages/airflow/example_dags/example_kubernetes_executor.py
[2023-03-03T13:29:54.666+0000] {logging_mixin.py:137} INFO - [2023-03-03T13:29:54.663+0000] {dag.py:2690} INFO - Sync 1 DAGs
[2023-03-03T13:29:55.200+0000] {logging_mixin.py:137} INFO - [2023-03-03T13:29:55.186+0000] {dag.py:3441} INFO - Setting next_dagrun for example_kubernetes_executor to None, run_after=None
[2023-03-03T13:29:56.278+0000] {processor.py:175} INFO - Processing /home/airflow/.local/lib/python3.7/site-packages/airflow/example_dags/example_kubernetes_executor.py took 2.726 seconds
[2023-03-03T13:32:32.412+0000] {processor.py:153} INFO - Started process (PID=496) to work on /home/airflow/.local/lib/python3.7/site-packages/airflow/example_dags/example_kubernetes_executor.py
[2023-03-03T13:32:32.418+0000] {processor.py:743} INFO - Processing file /home/airflow/.local/lib/python3.7/site-packages/airflow/example_dags/example_kubernetes_executor.py for tasks to queue
[2023-03-03T13:32:32.419+0000] {logging_mixin.py:137} INFO - [2023-03-03T13:32:32.419+0000] {dagbag.py:538} INFO - Filling up the DagBag from /home/airflow/.local/lib/python3.7/site-packages/airflow/example_dags/example_kubernetes_executor.py
[2023-03-03T13:32:32.611+0000] {processor.py:753} INFO - DAG(s) dict_keys(['example_kubernetes_executor']) retrieved from /home/airflow/.local/lib/python3.7/site-packages/airflow/example_dags/example_kubernetes_executor.py
[2023-03-03T13:32:32.842+0000] {logging_mixin.py:137} INFO - [2023-03-03T13:32:32.842+0000] {dag.py:2690} INFO - Sync 1 DAGs
[2023-03-03T13:32:32.999+0000] {logging_mixin.py:137} INFO - [2023-03-03T13:32:32.999+0000] {dag.py:3441} INFO - Setting next_dagrun for example_kubernetes_executor to None, run_after=None
[2023-03-03T13:32:33.125+0000] {processor.py:175} INFO - Processing /home/airflow/.local/lib/python3.7/site-packages/airflow/example_dags/example_kubernetes_executor.py took 0.742 seconds
