[2023-03-03T13:20:38.423+0000] {processor.py:153} INFO - Started process (PID=46) to work on /home/airflow/.local/lib/python3.7/site-packages/airflow/example_dags/example_sensors.py
[2023-03-03T13:20:38.424+0000] {processor.py:743} INFO - Processing file /home/airflow/.local/lib/python3.7/site-packages/airflow/example_dags/example_sensors.py for tasks to queue
[2023-03-03T13:20:38.425+0000] {logging_mixin.py:137} INFO - [2023-03-03T13:20:38.425+0000] {dagbag.py:538} INFO - Filling up the DagBag from /home/airflow/.local/lib/python3.7/site-packages/airflow/example_dags/example_sensors.py
[2023-03-03T13:20:38.518+0000] {processor.py:753} INFO - DAG(s) dict_keys(['example_sensors']) retrieved from /home/airflow/.local/lib/python3.7/site-packages/airflow/example_dags/example_sensors.py
[2023-03-03T13:20:38.586+0000] {logging_mixin.py:137} INFO - [2023-03-03T13:20:38.586+0000] {dag.py:2690} INFO - Sync 1 DAGs
[2023-03-03T13:20:38.642+0000] {logging_mixin.py:137} INFO - [2023-03-03T13:20:38.641+0000] {dag.py:3441} INFO - Setting next_dagrun for example_sensors to None, run_after=None
[2023-03-03T13:20:38.685+0000] {processor.py:175} INFO - Processing /home/airflow/.local/lib/python3.7/site-packages/airflow/example_dags/example_sensors.py took 0.283 seconds
[2023-03-03T13:21:23.507+0000] {processor.py:153} INFO - Started process (PID=94) to work on /home/airflow/.local/lib/python3.7/site-packages/airflow/example_dags/example_sensors.py
[2023-03-03T13:21:23.517+0000] {processor.py:743} INFO - Processing file /home/airflow/.local/lib/python3.7/site-packages/airflow/example_dags/example_sensors.py for tasks to queue
[2023-03-03T13:21:23.527+0000] {logging_mixin.py:137} INFO - [2023-03-03T13:21:23.527+0000] {dagbag.py:538} INFO - Filling up the DagBag from /home/airflow/.local/lib/python3.7/site-packages/airflow/example_dags/example_sensors.py
[2023-03-03T13:21:23.704+0000] {processor.py:753} INFO - DAG(s) dict_keys(['example_sensors']) retrieved from /home/airflow/.local/lib/python3.7/site-packages/airflow/example_dags/example_sensors.py
[2023-03-03T13:21:23.947+0000] {logging_mixin.py:137} INFO - [2023-03-03T13:21:23.947+0000] {dag.py:2690} INFO - Sync 1 DAGs
[2023-03-03T13:21:24.173+0000] {logging_mixin.py:137} INFO - [2023-03-03T13:21:24.173+0000] {dag.py:3441} INFO - Setting next_dagrun for example_sensors to None, run_after=None
[2023-03-03T13:21:24.296+0000] {processor.py:175} INFO - Processing /home/airflow/.local/lib/python3.7/site-packages/airflow/example_dags/example_sensors.py took 0.795 seconds
[2023-03-03T13:25:25.314+0000] {processor.py:153} INFO - Started process (PID=215) to work on /home/airflow/.local/lib/python3.7/site-packages/airflow/example_dags/example_sensors.py
[2023-03-03T13:25:25.351+0000] {processor.py:743} INFO - Processing file /home/airflow/.local/lib/python3.7/site-packages/airflow/example_dags/example_sensors.py for tasks to queue
[2023-03-03T13:25:25.352+0000] {logging_mixin.py:137} INFO - [2023-03-03T13:25:25.351+0000] {dagbag.py:538} INFO - Filling up the DagBag from /home/airflow/.local/lib/python3.7/site-packages/airflow/example_dags/example_sensors.py
[2023-03-03T13:25:25.710+0000] {processor.py:753} INFO - DAG(s) dict_keys(['example_sensors']) retrieved from /home/airflow/.local/lib/python3.7/site-packages/airflow/example_dags/example_sensors.py
[2023-03-03T13:25:26.976+0000] {logging_mixin.py:137} INFO - [2023-03-03T13:25:26.967+0000] {dag.py:2690} INFO - Sync 1 DAGs
[2023-03-03T13:25:27.687+0000] {logging_mixin.py:137} INFO - [2023-03-03T13:25:27.654+0000] {dag.py:3441} INFO - Setting next_dagrun for example_sensors to None, run_after=None
[2023-03-03T13:25:29.341+0000] {processor.py:175} INFO - Processing /home/airflow/.local/lib/python3.7/site-packages/airflow/example_dags/example_sensors.py took 4.049 seconds
[2023-03-03T13:28:09.118+0000] {processor.py:153} INFO - Started process (PID=314) to work on /home/airflow/.local/lib/python3.7/site-packages/airflow/example_dags/example_sensors.py
[2023-03-03T13:28:09.131+0000] {processor.py:743} INFO - Processing file /home/airflow/.local/lib/python3.7/site-packages/airflow/example_dags/example_sensors.py for tasks to queue
[2023-03-03T13:28:09.132+0000] {logging_mixin.py:137} INFO - [2023-03-03T13:28:09.132+0000] {dagbag.py:538} INFO - Filling up the DagBag from /home/airflow/.local/lib/python3.7/site-packages/airflow/example_dags/example_sensors.py
[2023-03-03T13:28:10.061+0000] {processor.py:753} INFO - DAG(s) dict_keys(['example_sensors']) retrieved from /home/airflow/.local/lib/python3.7/site-packages/airflow/example_dags/example_sensors.py
[2023-03-03T13:28:10.902+0000] {logging_mixin.py:137} INFO - [2023-03-03T13:28:10.900+0000] {dag.py:2690} INFO - Sync 1 DAGs
[2023-03-03T13:28:15.185+0000] {logging_mixin.py:137} INFO - [2023-03-03T13:28:15.179+0000] {dag.py:3441} INFO - Setting next_dagrun for example_sensors to None, run_after=None
[2023-03-03T13:28:16.427+0000] {processor.py:175} INFO - Processing /home/airflow/.local/lib/python3.7/site-packages/airflow/example_dags/example_sensors.py took 7.323 seconds
[2023-03-03T13:30:14.256+0000] {processor.py:153} INFO - Started process (PID=401) to work on /home/airflow/.local/lib/python3.7/site-packages/airflow/example_dags/example_sensors.py
[2023-03-03T13:30:14.266+0000] {processor.py:743} INFO - Processing file /home/airflow/.local/lib/python3.7/site-packages/airflow/example_dags/example_sensors.py for tasks to queue
[2023-03-03T13:30:14.277+0000] {logging_mixin.py:137} INFO - [2023-03-03T13:30:14.272+0000] {dagbag.py:538} INFO - Filling up the DagBag from /home/airflow/.local/lib/python3.7/site-packages/airflow/example_dags/example_sensors.py
[2023-03-03T13:30:14.566+0000] {processor.py:753} INFO - DAG(s) dict_keys(['example_sensors']) retrieved from /home/airflow/.local/lib/python3.7/site-packages/airflow/example_dags/example_sensors.py
[2023-03-03T13:30:15.280+0000] {logging_mixin.py:137} INFO - [2023-03-03T13:30:15.275+0000] {dag.py:2690} INFO - Sync 1 DAGs
[2023-03-03T13:30:15.659+0000] {logging_mixin.py:137} INFO - [2023-03-03T13:30:15.659+0000] {dag.py:3441} INFO - Setting next_dagrun for example_sensors to None, run_after=None
[2023-03-03T13:30:15.893+0000] {processor.py:175} INFO - Processing /home/airflow/.local/lib/python3.7/site-packages/airflow/example_dags/example_sensors.py took 1.664 seconds
[2023-03-03T13:31:26.696+0000] {processor.py:153} INFO - Started process (PID=450) to work on /home/airflow/.local/lib/python3.7/site-packages/airflow/example_dags/example_sensors.py
[2023-03-03T13:31:26.700+0000] {processor.py:743} INFO - Processing file /home/airflow/.local/lib/python3.7/site-packages/airflow/example_dags/example_sensors.py for tasks to queue
[2023-03-03T13:31:26.706+0000] {logging_mixin.py:137} INFO - [2023-03-03T13:31:26.701+0000] {dagbag.py:538} INFO - Filling up the DagBag from /home/airflow/.local/lib/python3.7/site-packages/airflow/example_dags/example_sensors.py
[2023-03-03T13:31:26.798+0000] {processor.py:753} INFO - DAG(s) dict_keys(['example_sensors']) retrieved from /home/airflow/.local/lib/python3.7/site-packages/airflow/example_dags/example_sensors.py
[2023-03-03T13:31:27.294+0000] {logging_mixin.py:137} INFO - [2023-03-03T13:31:27.291+0000] {dag.py:2690} INFO - Sync 1 DAGs
[2023-03-03T13:31:27.482+0000] {logging_mixin.py:137} INFO - [2023-03-03T13:31:27.482+0000] {dag.py:3441} INFO - Setting next_dagrun for example_sensors to None, run_after=None
[2023-03-03T13:31:27.720+0000] {processor.py:175} INFO - Processing /home/airflow/.local/lib/python3.7/site-packages/airflow/example_dags/example_sensors.py took 1.037 seconds
[2023-03-03T13:33:06.924+0000] {processor.py:153} INFO - Started process (PID=524) to work on /home/airflow/.local/lib/python3.7/site-packages/airflow/example_dags/example_sensors.py
[2023-03-03T13:33:06.936+0000] {processor.py:743} INFO - Processing file /home/airflow/.local/lib/python3.7/site-packages/airflow/example_dags/example_sensors.py for tasks to queue
[2023-03-03T13:33:06.937+0000] {logging_mixin.py:137} INFO - [2023-03-03T13:33:06.937+0000] {dagbag.py:538} INFO - Filling up the DagBag from /home/airflow/.local/lib/python3.7/site-packages/airflow/example_dags/example_sensors.py
[2023-03-03T13:33:07.391+0000] {processor.py:753} INFO - DAG(s) dict_keys(['example_sensors']) retrieved from /home/airflow/.local/lib/python3.7/site-packages/airflow/example_dags/example_sensors.py
[2023-03-03T13:33:07.937+0000] {logging_mixin.py:137} INFO - [2023-03-03T13:33:07.937+0000] {dag.py:2690} INFO - Sync 1 DAGs
[2023-03-03T13:33:08.413+0000] {logging_mixin.py:137} INFO - [2023-03-03T13:33:08.413+0000] {dag.py:3441} INFO - Setting next_dagrun for example_sensors to None, run_after=None
[2023-03-03T13:33:08.904+0000] {processor.py:175} INFO - Processing /home/airflow/.local/lib/python3.7/site-packages/airflow/example_dags/example_sensors.py took 2.014 seconds
