[2023-03-03T13:20:38.429+0000] {processor.py:153} INFO - Started process (PID=47) to work on /home/airflow/.local/lib/python3.7/site-packages/airflow/example_dags/example_task_group.py
[2023-03-03T13:20:38.429+0000] {processor.py:743} INFO - Processing file /home/airflow/.local/lib/python3.7/site-packages/airflow/example_dags/example_task_group.py for tasks to queue
[2023-03-03T13:20:38.442+0000] {logging_mixin.py:137} INFO - [2023-03-03T13:20:38.442+0000] {dagbag.py:538} INFO - Filling up the DagBag from /home/airflow/.local/lib/python3.7/site-packages/airflow/example_dags/example_task_group.py
[2023-03-03T13:20:38.528+0000] {processor.py:753} INFO - DAG(s) dict_keys(['example_task_group']) retrieved from /home/airflow/.local/lib/python3.7/site-packages/airflow/example_dags/example_task_group.py
[2023-03-03T13:20:38.586+0000] {logging_mixin.py:137} INFO - [2023-03-03T13:20:38.586+0000] {dag.py:2690} INFO - Sync 1 DAGs
[2023-03-03T13:20:38.631+0000] {logging_mixin.py:137} INFO - [2023-03-03T13:20:38.631+0000] {dag.py:3441} INFO - Setting next_dagrun for example_task_group to 2023-03-02T13:20:38.631380+00:00, run_after=2023-03-03T13:20:38.631380+00:00
[2023-03-03T13:20:38.661+0000] {processor.py:175} INFO - Processing /home/airflow/.local/lib/python3.7/site-packages/airflow/example_dags/example_task_group.py took 0.235 seconds
[2023-03-03T13:21:23.601+0000] {processor.py:153} INFO - Started process (PID=95) to work on /home/airflow/.local/lib/python3.7/site-packages/airflow/example_dags/example_task_group.py
[2023-03-03T13:21:23.618+0000] {processor.py:743} INFO - Processing file /home/airflow/.local/lib/python3.7/site-packages/airflow/example_dags/example_task_group.py for tasks to queue
[2023-03-03T13:21:23.620+0000] {logging_mixin.py:137} INFO - [2023-03-03T13:21:23.619+0000] {dagbag.py:538} INFO - Filling up the DagBag from /home/airflow/.local/lib/python3.7/site-packages/airflow/example_dags/example_task_group.py
[2023-03-03T13:21:23.720+0000] {processor.py:753} INFO - DAG(s) dict_keys(['example_task_group']) retrieved from /home/airflow/.local/lib/python3.7/site-packages/airflow/example_dags/example_task_group.py
[2023-03-03T13:21:23.939+0000] {logging_mixin.py:137} INFO - [2023-03-03T13:21:23.938+0000] {dag.py:2690} INFO - Sync 1 DAGs
[2023-03-03T13:21:24.043+0000] {logging_mixin.py:137} INFO - [2023-03-03T13:21:24.042+0000] {dag.py:3441} INFO - Setting next_dagrun for example_task_group to 2023-03-02T13:21:24.035385+00:00, run_after=2023-03-03T13:21:24.035385+00:00
[2023-03-03T13:21:24.139+0000] {processor.py:175} INFO - Processing /home/airflow/.local/lib/python3.7/site-packages/airflow/example_dags/example_task_group.py took 0.563 seconds
[2023-03-03T13:25:25.533+0000] {processor.py:153} INFO - Started process (PID=216) to work on /home/airflow/.local/lib/python3.7/site-packages/airflow/example_dags/example_task_group.py
[2023-03-03T13:25:25.545+0000] {processor.py:743} INFO - Processing file /home/airflow/.local/lib/python3.7/site-packages/airflow/example_dags/example_task_group.py for tasks to queue
[2023-03-03T13:25:25.546+0000] {logging_mixin.py:137} INFO - [2023-03-03T13:25:25.545+0000] {dagbag.py:538} INFO - Filling up the DagBag from /home/airflow/.local/lib/python3.7/site-packages/airflow/example_dags/example_task_group.py
[2023-03-03T13:25:25.752+0000] {processor.py:753} INFO - DAG(s) dict_keys(['example_task_group']) retrieved from /home/airflow/.local/lib/python3.7/site-packages/airflow/example_dags/example_task_group.py
[2023-03-03T13:25:27.130+0000] {logging_mixin.py:137} INFO - [2023-03-03T13:25:26.335+0000] {dag.py:2690} INFO - Sync 1 DAGs
[2023-03-03T13:25:27.733+0000] {logging_mixin.py:137} INFO - [2023-03-03T13:25:27.716+0000] {dag.py:3441} INFO - Setting next_dagrun for example_task_group to 2023-03-02T13:25:27.692551+00:00, run_after=2023-03-03T13:25:27.692551+00:00
[2023-03-03T13:25:29.602+0000] {processor.py:175} INFO - Processing /home/airflow/.local/lib/python3.7/site-packages/airflow/example_dags/example_task_group.py took 4.098 seconds
[2023-03-03T13:28:11.907+0000] {processor.py:153} INFO - Started process (PID=317) to work on /home/airflow/.local/lib/python3.7/site-packages/airflow/example_dags/example_task_group.py
[2023-03-03T13:28:12.194+0000] {processor.py:743} INFO - Processing file /home/airflow/.local/lib/python3.7/site-packages/airflow/example_dags/example_task_group.py for tasks to queue
[2023-03-03T13:28:14.038+0000] {logging_mixin.py:137} INFO - [2023-03-03T13:28:13.872+0000] {dagbag.py:538} INFO - Filling up the DagBag from /home/airflow/.local/lib/python3.7/site-packages/airflow/example_dags/example_task_group.py
[2023-03-03T13:28:16.460+0000] {processor.py:753} INFO - DAG(s) dict_keys(['example_task_group']) retrieved from /home/airflow/.local/lib/python3.7/site-packages/airflow/example_dags/example_task_group.py
[2023-03-03T13:28:18.452+0000] {logging_mixin.py:137} INFO - [2023-03-03T13:28:18.450+0000] {dag.py:2690} INFO - Sync 1 DAGs
[2023-03-03T13:28:19.498+0000] {logging_mixin.py:137} INFO - [2023-03-03T13:28:19.498+0000] {dag.py:3441} INFO - Setting next_dagrun for example_task_group to 2023-03-02T13:28:19.496364+00:00, run_after=2023-03-03T13:28:19.496364+00:00
[2023-03-03T13:28:19.576+0000] {processor.py:175} INFO - Processing /home/airflow/.local/lib/python3.7/site-packages/airflow/example_dags/example_task_group.py took 8.187 seconds
[2023-03-03T13:30:14.410+0000] {processor.py:153} INFO - Started process (PID=402) to work on /home/airflow/.local/lib/python3.7/site-packages/airflow/example_dags/example_task_group.py
[2023-03-03T13:30:14.465+0000] {processor.py:743} INFO - Processing file /home/airflow/.local/lib/python3.7/site-packages/airflow/example_dags/example_task_group.py for tasks to queue
[2023-03-03T13:30:14.466+0000] {logging_mixin.py:137} INFO - [2023-03-03T13:30:14.466+0000] {dagbag.py:538} INFO - Filling up the DagBag from /home/airflow/.local/lib/python3.7/site-packages/airflow/example_dags/example_task_group.py
[2023-03-03T13:30:14.849+0000] {processor.py:753} INFO - DAG(s) dict_keys(['example_task_group']) retrieved from /home/airflow/.local/lib/python3.7/site-packages/airflow/example_dags/example_task_group.py
[2023-03-03T13:30:15.440+0000] {logging_mixin.py:137} INFO - [2023-03-03T13:30:15.440+0000] {dag.py:2690} INFO - Sync 1 DAGs
[2023-03-03T13:30:15.757+0000] {logging_mixin.py:137} INFO - [2023-03-03T13:30:15.754+0000] {dag.py:3441} INFO - Setting next_dagrun for example_task_group to 2023-03-02T13:30:15.739300+00:00, run_after=2023-03-03T13:30:15.739300+00:00
[2023-03-03T13:30:15.877+0000] {processor.py:175} INFO - Processing /home/airflow/.local/lib/python3.7/site-packages/airflow/example_dags/example_task_group.py took 1.491 seconds
[2023-03-03T13:31:26.995+0000] {processor.py:153} INFO - Started process (PID=451) to work on /home/airflow/.local/lib/python3.7/site-packages/airflow/example_dags/example_task_group.py
[2023-03-03T13:31:26.996+0000] {processor.py:743} INFO - Processing file /home/airflow/.local/lib/python3.7/site-packages/airflow/example_dags/example_task_group.py for tasks to queue
[2023-03-03T13:31:26.997+0000] {logging_mixin.py:137} INFO - [2023-03-03T13:31:26.997+0000] {dagbag.py:538} INFO - Filling up the DagBag from /home/airflow/.local/lib/python3.7/site-packages/airflow/example_dags/example_task_group.py
[2023-03-03T13:31:27.027+0000] {processor.py:753} INFO - DAG(s) dict_keys(['example_task_group']) retrieved from /home/airflow/.local/lib/python3.7/site-packages/airflow/example_dags/example_task_group.py
[2023-03-03T13:31:27.235+0000] {logging_mixin.py:137} INFO - [2023-03-03T13:31:27.235+0000] {dag.py:2690} INFO - Sync 1 DAGs
[2023-03-03T13:31:27.356+0000] {logging_mixin.py:137} INFO - [2023-03-03T13:31:27.356+0000] {dag.py:3441} INFO - Setting next_dagrun for example_task_group to 2023-03-02T13:31:27.355950+00:00, run_after=2023-03-03T13:31:27.355950+00:00
[2023-03-03T13:31:27.524+0000] {processor.py:175} INFO - Processing /home/airflow/.local/lib/python3.7/site-packages/airflow/example_dags/example_task_group.py took 0.534 seconds
[2023-03-03T13:33:07.713+0000] {processor.py:153} INFO - Started process (PID=529) to work on /home/airflow/.local/lib/python3.7/site-packages/airflow/example_dags/example_task_group.py
[2023-03-03T13:33:07.732+0000] {processor.py:743} INFO - Processing file /home/airflow/.local/lib/python3.7/site-packages/airflow/example_dags/example_task_group.py for tasks to queue
[2023-03-03T13:33:07.733+0000] {logging_mixin.py:137} INFO - [2023-03-03T13:33:07.733+0000] {dagbag.py:538} INFO - Filling up the DagBag from /home/airflow/.local/lib/python3.7/site-packages/airflow/example_dags/example_task_group.py
[2023-03-03T13:33:08.077+0000] {processor.py:753} INFO - DAG(s) dict_keys(['example_task_group']) retrieved from /home/airflow/.local/lib/python3.7/site-packages/airflow/example_dags/example_task_group.py
[2023-03-03T13:33:08.396+0000] {logging_mixin.py:137} INFO - [2023-03-03T13:33:08.396+0000] {dag.py:2690} INFO - Sync 1 DAGs
[2023-03-03T13:33:15.028+0000] {logging_mixin.py:137} INFO - [2023-03-03T13:33:10.298+0000] {dag.py:3441} INFO - Setting next_dagrun for example_task_group to 2023-03-02T13:33:10.263938+00:00, run_after=2023-03-03T13:33:10.263938+00:00
[2023-03-03T13:33:18.156+0000] {processor.py:175} INFO - Processing /home/airflow/.local/lib/python3.7/site-packages/airflow/example_dags/example_task_group.py took 10.490 seconds
