[2023-03-03T13:20:40.199+0000] {processor.py:153} INFO - Started process (PID=60) to work on /home/airflow/.local/lib/python3.7/site-packages/airflow/example_dags/example_dag_decorator.py
[2023-03-03T13:20:40.200+0000] {processor.py:743} INFO - Processing file /home/airflow/.local/lib/python3.7/site-packages/airflow/example_dags/example_dag_decorator.py for tasks to queue
[2023-03-03T13:20:40.201+0000] {logging_mixin.py:137} INFO - [2023-03-03T13:20:40.201+0000] {dagbag.py:538} INFO - Filling up the DagBag from /home/airflow/.local/lib/python3.7/site-packages/airflow/example_dags/example_dag_decorator.py
[2023-03-03T13:20:40.250+0000] {logging_mixin.py:137} INFO - [2023-03-03T13:20:40.235+0000] {taskmixin.py:205} WARNING - Dependency <Task(_PythonDecoratedOperator): prepare_email>, send_email already registered for DAG: example_dag_decorator
[2023-03-03T13:20:40.251+0000] {logging_mixin.py:137} INFO - [2023-03-03T13:20:40.250+0000] {taskmixin.py:205} WARNING - Dependency <Task(EmailOperator): send_email>, prepare_email already registered for DAG: example_dag_decorator
[2023-03-03T13:20:40.302+0000] {processor.py:753} INFO - DAG(s) dict_keys(['example_dag_decorator']) retrieved from /home/airflow/.local/lib/python3.7/site-packages/airflow/example_dags/example_dag_decorator.py
[2023-03-03T13:20:40.475+0000] {logging_mixin.py:137} INFO - [2023-03-03T13:20:40.475+0000] {dag.py:2690} INFO - Sync 1 DAGs
[2023-03-03T13:20:40.517+0000] {logging_mixin.py:137} INFO - [2023-03-03T13:20:40.517+0000] {dag.py:3441} INFO - Setting next_dagrun for example_dag_decorator to None, run_after=None
[2023-03-03T13:20:40.546+0000] {processor.py:175} INFO - Processing /home/airflow/.local/lib/python3.7/site-packages/airflow/example_dags/example_dag_decorator.py took 0.350 seconds
[2023-03-03T13:22:21.916+0000] {processor.py:153} INFO - Started process (PID=129) to work on /home/airflow/.local/lib/python3.7/site-packages/airflow/example_dags/example_dag_decorator.py
[2023-03-03T13:22:21.926+0000] {processor.py:743} INFO - Processing file /home/airflow/.local/lib/python3.7/site-packages/airflow/example_dags/example_dag_decorator.py for tasks to queue
[2023-03-03T13:22:21.947+0000] {logging_mixin.py:137} INFO - [2023-03-03T13:22:21.947+0000] {dagbag.py:538} INFO - Filling up the DagBag from /home/airflow/.local/lib/python3.7/site-packages/airflow/example_dags/example_dag_decorator.py
[2023-03-03T13:22:22.856+0000] {logging_mixin.py:137} INFO - [2023-03-03T13:22:22.852+0000] {taskmixin.py:205} WARNING - Dependency <Task(_PythonDecoratedOperator): prepare_email>, send_email already registered for DAG: example_dag_decorator
[2023-03-03T13:22:22.857+0000] {logging_mixin.py:137} INFO - [2023-03-03T13:22:22.857+0000] {taskmixin.py:205} WARNING - Dependency <Task(EmailOperator): send_email>, prepare_email already registered for DAG: example_dag_decorator
[2023-03-03T13:22:23.164+0000] {processor.py:753} INFO - DAG(s) dict_keys(['example_dag_decorator']) retrieved from /home/airflow/.local/lib/python3.7/site-packages/airflow/example_dags/example_dag_decorator.py
[2023-03-03T13:22:32.837+0000] {logging_mixin.py:137} INFO - [2023-03-03T13:22:32.832+0000] {dag.py:2690} INFO - Sync 1 DAGs
[2023-03-03T13:22:33.084+0000] {logging_mixin.py:137} INFO - [2023-03-03T13:22:33.083+0000] {dag.py:3441} INFO - Setting next_dagrun for example_dag_decorator to None, run_after=None
[2023-03-03T13:22:33.223+0000] {processor.py:175} INFO - Processing /home/airflow/.local/lib/python3.7/site-packages/airflow/example_dags/example_dag_decorator.py took 11.352 seconds
[2023-03-03T13:26:34.198+0000] {processor.py:153} INFO - Started process (PID=259) to work on /home/airflow/.local/lib/python3.7/site-packages/airflow/example_dags/example_dag_decorator.py
[2023-03-03T13:26:34.232+0000] {processor.py:743} INFO - Processing file /home/airflow/.local/lib/python3.7/site-packages/airflow/example_dags/example_dag_decorator.py for tasks to queue
[2023-03-03T13:26:34.233+0000] {logging_mixin.py:137} INFO - [2023-03-03T13:26:34.233+0000] {dagbag.py:538} INFO - Filling up the DagBag from /home/airflow/.local/lib/python3.7/site-packages/airflow/example_dags/example_dag_decorator.py
[2023-03-03T13:26:36.322+0000] {logging_mixin.py:137} INFO - [2023-03-03T13:26:36.320+0000] {taskmixin.py:205} WARNING - Dependency <Task(_PythonDecoratedOperator): prepare_email>, send_email already registered for DAG: example_dag_decorator
[2023-03-03T13:26:36.323+0000] {logging_mixin.py:137} INFO - [2023-03-03T13:26:36.323+0000] {taskmixin.py:205} WARNING - Dependency <Task(EmailOperator): send_email>, prepare_email already registered for DAG: example_dag_decorator
[2023-03-03T13:26:36.655+0000] {processor.py:753} INFO - DAG(s) dict_keys(['example_dag_decorator']) retrieved from /home/airflow/.local/lib/python3.7/site-packages/airflow/example_dags/example_dag_decorator.py
[2023-03-03T13:26:38.519+0000] {logging_mixin.py:137} INFO - [2023-03-03T13:26:38.379+0000] {dag.py:2690} INFO - Sync 1 DAGs
[2023-03-03T13:26:43.100+0000] {logging_mixin.py:137} INFO - [2023-03-03T13:26:43.032+0000] {dag.py:3441} INFO - Setting next_dagrun for example_dag_decorator to None, run_after=None
[2023-03-03T13:26:45.574+0000] {processor.py:175} INFO - Processing /home/airflow/.local/lib/python3.7/site-packages/airflow/example_dags/example_dag_decorator.py took 11.412 seconds
[2023-03-03T13:29:21.269+0000] {processor.py:153} INFO - Started process (PID=361) to work on /home/airflow/.local/lib/python3.7/site-packages/airflow/example_dags/example_dag_decorator.py
[2023-03-03T13:29:21.288+0000] {processor.py:743} INFO - Processing file /home/airflow/.local/lib/python3.7/site-packages/airflow/example_dags/example_dag_decorator.py for tasks to queue
[2023-03-03T13:29:21.289+0000] {logging_mixin.py:137} INFO - [2023-03-03T13:29:21.289+0000] {dagbag.py:538} INFO - Filling up the DagBag from /home/airflow/.local/lib/python3.7/site-packages/airflow/example_dags/example_dag_decorator.py
[2023-03-03T13:29:21.715+0000] {logging_mixin.py:137} INFO - [2023-03-03T13:29:21.701+0000] {taskmixin.py:205} WARNING - Dependency <Task(_PythonDecoratedOperator): prepare_email>, send_email already registered for DAG: example_dag_decorator
[2023-03-03T13:29:21.716+0000] {logging_mixin.py:137} INFO - [2023-03-03T13:29:21.715+0000] {taskmixin.py:205} WARNING - Dependency <Task(EmailOperator): send_email>, prepare_email already registered for DAG: example_dag_decorator
[2023-03-03T13:29:22.088+0000] {processor.py:753} INFO - DAG(s) dict_keys(['example_dag_decorator']) retrieved from /home/airflow/.local/lib/python3.7/site-packages/airflow/example_dags/example_dag_decorator.py
[2023-03-03T13:29:23.914+0000] {logging_mixin.py:137} INFO - [2023-03-03T13:29:23.899+0000] {dag.py:2690} INFO - Sync 1 DAGs
[2023-03-03T13:29:27.756+0000] {logging_mixin.py:137} INFO - [2023-03-03T13:29:27.756+0000] {dag.py:3441} INFO - Setting next_dagrun for example_dag_decorator to None, run_after=None
[2023-03-03T13:29:30.380+0000] {processor.py:175} INFO - Processing /home/airflow/.local/lib/python3.7/site-packages/airflow/example_dags/example_dag_decorator.py took 9.137 seconds
[2023-03-03T13:31:08.184+0000] {processor.py:153} INFO - Started process (PID=435) to work on /home/airflow/.local/lib/python3.7/site-packages/airflow/example_dags/example_dag_decorator.py
[2023-03-03T13:31:08.219+0000] {processor.py:743} INFO - Processing file /home/airflow/.local/lib/python3.7/site-packages/airflow/example_dags/example_dag_decorator.py for tasks to queue
[2023-03-03T13:31:08.220+0000] {logging_mixin.py:137} INFO - [2023-03-03T13:31:08.220+0000] {dagbag.py:538} INFO - Filling up the DagBag from /home/airflow/.local/lib/python3.7/site-packages/airflow/example_dags/example_dag_decorator.py
[2023-03-03T13:31:09.136+0000] {logging_mixin.py:137} INFO - [2023-03-03T13:31:08.504+0000] {taskmixin.py:205} WARNING - Dependency <Task(_PythonDecoratedOperator): prepare_email>, send_email already registered for DAG: example_dag_decorator
[2023-03-03T13:31:09.158+0000] {logging_mixin.py:137} INFO - [2023-03-03T13:31:09.155+0000] {taskmixin.py:205} WARNING - Dependency <Task(EmailOperator): send_email>, prepare_email already registered for DAG: example_dag_decorator
[2023-03-03T13:31:09.671+0000] {processor.py:753} INFO - DAG(s) dict_keys(['example_dag_decorator']) retrieved from /home/airflow/.local/lib/python3.7/site-packages/airflow/example_dags/example_dag_decorator.py
[2023-03-03T13:31:16.048+0000] {logging_mixin.py:137} INFO - [2023-03-03T13:31:15.957+0000] {dag.py:2690} INFO - Sync 1 DAGs
[2023-03-03T13:31:17.455+0000] {logging_mixin.py:137} INFO - [2023-03-03T13:31:17.454+0000] {dag.py:3441} INFO - Setting next_dagrun for example_dag_decorator to None, run_after=None
[2023-03-03T13:31:17.796+0000] {processor.py:175} INFO - Processing /home/airflow/.local/lib/python3.7/site-packages/airflow/example_dags/example_dag_decorator.py took 9.673 seconds
[2023-03-03T13:34:16.860+0000] {processor.py:153} INFO - Started process (PID=571) to work on /home/airflow/.local/lib/python3.7/site-packages/airflow/example_dags/example_dag_decorator.py
[2023-03-03T13:34:16.922+0000] {processor.py:743} INFO - Processing file /home/airflow/.local/lib/python3.7/site-packages/airflow/example_dags/example_dag_decorator.py for tasks to queue
[2023-03-03T13:34:16.965+0000] {logging_mixin.py:137} INFO - [2023-03-03T13:34:16.946+0000] {dagbag.py:538} INFO - Filling up the DagBag from /home/airflow/.local/lib/python3.7/site-packages/airflow/example_dags/example_dag_decorator.py
[2023-03-03T13:34:17.637+0000] {logging_mixin.py:137} INFO - [2023-03-03T13:34:17.637+0000] {taskmixin.py:205} WARNING - Dependency <Task(_PythonDecoratedOperator): prepare_email>, send_email already registered for DAG: example_dag_decorator
[2023-03-03T13:34:17.654+0000] {logging_mixin.py:137} INFO - [2023-03-03T13:34:17.653+0000] {taskmixin.py:205} WARNING - Dependency <Task(EmailOperator): send_email>, prepare_email already registered for DAG: example_dag_decorator
[2023-03-03T13:34:18.211+0000] {processor.py:753} INFO - DAG(s) dict_keys(['example_dag_decorator']) retrieved from /home/airflow/.local/lib/python3.7/site-packages/airflow/example_dags/example_dag_decorator.py
[2023-03-03T13:34:33.018+0000] {logging_mixin.py:137} INFO - [2023-03-03T13:34:32.995+0000] {dag.py:2690} INFO - Sync 1 DAGs
[2023-03-03T13:34:35.190+0000] {logging_mixin.py:137} INFO - [2023-03-03T13:34:35.187+0000] {dag.py:3441} INFO - Setting next_dagrun for example_dag_decorator to None, run_after=None
[2023-03-03T13:34:39.677+0000] {processor.py:175} INFO - Processing /home/airflow/.local/lib/python3.7/site-packages/airflow/example_dags/example_dag_decorator.py took 24.965 seconds
