[2023-03-03T13:20:40.576+0000] {processor.py:153} INFO - Started process (PID=62) to work on /home/airflow/.local/lib/python3.7/site-packages/airflow/example_dags/example_python_operator.py
[2023-03-03T13:20:40.577+0000] {processor.py:743} INFO - Processing file /home/airflow/.local/lib/python3.7/site-packages/airflow/example_dags/example_python_operator.py for tasks to queue
[2023-03-03T13:20:40.577+0000] {logging_mixin.py:137} INFO - [2023-03-03T13:20:40.577+0000] {dagbag.py:538} INFO - Filling up the DagBag from /home/airflow/.local/lib/python3.7/site-packages/airflow/example_dags/example_python_operator.py
[2023-03-03T13:20:40.603+0000] {logging_mixin.py:137} INFO - [2023-03-03T13:20:40.603+0000] {taskmixin.py:205} WARNING - Dependency <Task(_PythonDecoratedOperator): print_the_context>, log_sql_query already registered for DAG: example_python_operator
[2023-03-03T13:20:40.603+0000] {logging_mixin.py:137} INFO - [2023-03-03T13:20:40.603+0000] {taskmixin.py:205} WARNING - Dependency <Task(_PythonDecoratedOperator): log_sql_query>, print_the_context already registered for DAG: example_python_operator
[2023-03-03T13:20:40.604+0000] {logging_mixin.py:137} INFO - [2023-03-03T13:20:40.604+0000] {taskmixin.py:205} WARNING - Dependency <Task(_PythonDecoratedOperator): print_the_context>, log_sql_query already registered for DAG: example_python_operator
[2023-03-03T13:20:40.604+0000] {logging_mixin.py:137} INFO - [2023-03-03T13:20:40.604+0000] {taskmixin.py:205} WARNING - Dependency <Task(_PythonDecoratedOperator): log_sql_query>, print_the_context already registered for DAG: example_python_operator
[2023-03-03T13:20:40.605+0000] {logging_mixin.py:137} INFO - [2023-03-03T13:20:40.605+0000] {taskmixin.py:205} WARNING - Dependency <Task(_PythonDecoratedOperator): print_the_context>, log_sql_query already registered for DAG: example_python_operator
[2023-03-03T13:20:40.605+0000] {logging_mixin.py:137} INFO - [2023-03-03T13:20:40.605+0000] {taskmixin.py:205} WARNING - Dependency <Task(_PythonDecoratedOperator): log_sql_query>, print_the_context already registered for DAG: example_python_operator
[2023-03-03T13:20:40.606+0000] {logging_mixin.py:137} INFO - [2023-03-03T13:20:40.606+0000] {taskmixin.py:205} WARNING - Dependency <Task(_PythonDecoratedOperator): print_the_context>, log_sql_query already registered for DAG: example_python_operator
[2023-03-03T13:20:40.607+0000] {logging_mixin.py:137} INFO - [2023-03-03T13:20:40.606+0000] {taskmixin.py:205} WARNING - Dependency <Task(_PythonDecoratedOperator): log_sql_query>, print_the_context already registered for DAG: example_python_operator
[2023-03-03T13:20:40.618+0000] {processor.py:753} INFO - DAG(s) dict_keys(['example_python_operator']) retrieved from /home/airflow/.local/lib/python3.7/site-packages/airflow/example_dags/example_python_operator.py
[2023-03-03T13:20:40.769+0000] {logging_mixin.py:137} INFO - [2023-03-03T13:20:40.769+0000] {dag.py:2690} INFO - Sync 1 DAGs
[2023-03-03T13:20:40.835+0000] {logging_mixin.py:137} INFO - [2023-03-03T13:20:40.835+0000] {dag.py:3441} INFO - Setting next_dagrun for example_python_operator to None, run_after=None
[2023-03-03T13:20:40.886+0000] {processor.py:175} INFO - Processing /home/airflow/.local/lib/python3.7/site-packages/airflow/example_dags/example_python_operator.py took 0.315 seconds
[2023-03-03T13:22:33.333+0000] {processor.py:153} INFO - Started process (PID=138) to work on /home/airflow/.local/lib/python3.7/site-packages/airflow/example_dags/example_python_operator.py
[2023-03-03T13:22:33.368+0000] {processor.py:743} INFO - Processing file /home/airflow/.local/lib/python3.7/site-packages/airflow/example_dags/example_python_operator.py for tasks to queue
[2023-03-03T13:22:33.369+0000] {logging_mixin.py:137} INFO - [2023-03-03T13:22:33.369+0000] {dagbag.py:538} INFO - Filling up the DagBag from /home/airflow/.local/lib/python3.7/site-packages/airflow/example_dags/example_python_operator.py
[2023-03-03T13:22:33.610+0000] {logging_mixin.py:137} INFO - [2023-03-03T13:22:33.609+0000] {taskmixin.py:205} WARNING - Dependency <Task(_PythonDecoratedOperator): print_the_context>, log_sql_query already registered for DAG: example_python_operator
[2023-03-03T13:22:33.610+0000] {logging_mixin.py:137} INFO - [2023-03-03T13:22:33.610+0000] {taskmixin.py:205} WARNING - Dependency <Task(_PythonDecoratedOperator): log_sql_query>, print_the_context already registered for DAG: example_python_operator
[2023-03-03T13:22:33.630+0000] {logging_mixin.py:137} INFO - [2023-03-03T13:22:33.630+0000] {taskmixin.py:205} WARNING - Dependency <Task(_PythonDecoratedOperator): print_the_context>, log_sql_query already registered for DAG: example_python_operator
[2023-03-03T13:22:33.630+0000] {logging_mixin.py:137} INFO - [2023-03-03T13:22:33.630+0000] {taskmixin.py:205} WARNING - Dependency <Task(_PythonDecoratedOperator): log_sql_query>, print_the_context already registered for DAG: example_python_operator
[2023-03-03T13:22:33.632+0000] {logging_mixin.py:137} INFO - [2023-03-03T13:22:33.632+0000] {taskmixin.py:205} WARNING - Dependency <Task(_PythonDecoratedOperator): print_the_context>, log_sql_query already registered for DAG: example_python_operator
[2023-03-03T13:22:33.632+0000] {logging_mixin.py:137} INFO - [2023-03-03T13:22:33.632+0000] {taskmixin.py:205} WARNING - Dependency <Task(_PythonDecoratedOperator): log_sql_query>, print_the_context already registered for DAG: example_python_operator
[2023-03-03T13:22:33.633+0000] {logging_mixin.py:137} INFO - [2023-03-03T13:22:33.633+0000] {taskmixin.py:205} WARNING - Dependency <Task(_PythonDecoratedOperator): print_the_context>, log_sql_query already registered for DAG: example_python_operator
[2023-03-03T13:22:33.633+0000] {logging_mixin.py:137} INFO - [2023-03-03T13:22:33.633+0000] {taskmixin.py:205} WARNING - Dependency <Task(_PythonDecoratedOperator): log_sql_query>, print_the_context already registered for DAG: example_python_operator
[2023-03-03T13:22:33.722+0000] {processor.py:753} INFO - DAG(s) dict_keys(['example_python_operator']) retrieved from /home/airflow/.local/lib/python3.7/site-packages/airflow/example_dags/example_python_operator.py
[2023-03-03T13:22:34.181+0000] {logging_mixin.py:137} INFO - [2023-03-03T13:22:34.181+0000] {dag.py:2690} INFO - Sync 1 DAGs
[2023-03-03T13:22:34.575+0000] {logging_mixin.py:137} INFO - [2023-03-03T13:22:34.575+0000] {dag.py:3441} INFO - Setting next_dagrun for example_python_operator to None, run_after=None
[2023-03-03T13:22:34.893+0000] {processor.py:175} INFO - Processing /home/airflow/.local/lib/python3.7/site-packages/airflow/example_dags/example_python_operator.py took 1.583 seconds
[2023-03-03T13:26:45.893+0000] {processor.py:153} INFO - Started process (PID=273) to work on /home/airflow/.local/lib/python3.7/site-packages/airflow/example_dags/example_python_operator.py
[2023-03-03T13:26:45.919+0000] {processor.py:743} INFO - Processing file /home/airflow/.local/lib/python3.7/site-packages/airflow/example_dags/example_python_operator.py for tasks to queue
[2023-03-03T13:26:45.920+0000] {logging_mixin.py:137} INFO - [2023-03-03T13:26:45.920+0000] {dagbag.py:538} INFO - Filling up the DagBag from /home/airflow/.local/lib/python3.7/site-packages/airflow/example_dags/example_python_operator.py
[2023-03-03T13:26:46.083+0000] {logging_mixin.py:137} INFO - [2023-03-03T13:26:46.062+0000] {taskmixin.py:205} WARNING - Dependency <Task(_PythonDecoratedOperator): print_the_context>, log_sql_query already registered for DAG: example_python_operator
[2023-03-03T13:26:46.083+0000] {logging_mixin.py:137} INFO - [2023-03-03T13:26:46.083+0000] {taskmixin.py:205} WARNING - Dependency <Task(_PythonDecoratedOperator): log_sql_query>, print_the_context already registered for DAG: example_python_operator
[2023-03-03T13:26:46.085+0000] {logging_mixin.py:137} INFO - [2023-03-03T13:26:46.085+0000] {taskmixin.py:205} WARNING - Dependency <Task(_PythonDecoratedOperator): print_the_context>, log_sql_query already registered for DAG: example_python_operator
[2023-03-03T13:26:46.085+0000] {logging_mixin.py:137} INFO - [2023-03-03T13:26:46.085+0000] {taskmixin.py:205} WARNING - Dependency <Task(_PythonDecoratedOperator): log_sql_query>, print_the_context already registered for DAG: example_python_operator
[2023-03-03T13:26:46.114+0000] {logging_mixin.py:137} INFO - [2023-03-03T13:26:46.113+0000] {taskmixin.py:205} WARNING - Dependency <Task(_PythonDecoratedOperator): print_the_context>, log_sql_query already registered for DAG: example_python_operator
[2023-03-03T13:26:46.116+0000] {logging_mixin.py:137} INFO - [2023-03-03T13:26:46.115+0000] {taskmixin.py:205} WARNING - Dependency <Task(_PythonDecoratedOperator): log_sql_query>, print_the_context already registered for DAG: example_python_operator
[2023-03-03T13:26:46.128+0000] {logging_mixin.py:137} INFO - [2023-03-03T13:26:46.128+0000] {taskmixin.py:205} WARNING - Dependency <Task(_PythonDecoratedOperator): print_the_context>, log_sql_query already registered for DAG: example_python_operator
[2023-03-03T13:26:46.129+0000] {logging_mixin.py:137} INFO - [2023-03-03T13:26:46.128+0000] {taskmixin.py:205} WARNING - Dependency <Task(_PythonDecoratedOperator): log_sql_query>, print_the_context already registered for DAG: example_python_operator
[2023-03-03T13:26:46.297+0000] {processor.py:753} INFO - DAG(s) dict_keys(['example_python_operator']) retrieved from /home/airflow/.local/lib/python3.7/site-packages/airflow/example_dags/example_python_operator.py
[2023-03-03T13:26:46.782+0000] {logging_mixin.py:137} INFO - [2023-03-03T13:26:46.753+0000] {dag.py:2690} INFO - Sync 1 DAGs
[2023-03-03T13:26:54.456+0000] {logging_mixin.py:137} INFO - [2023-03-03T13:26:54.451+0000] {dag.py:3441} INFO - Setting next_dagrun for example_python_operator to None, run_after=None
[2023-03-03T13:26:56.658+0000] {processor.py:175} INFO - Processing /home/airflow/.local/lib/python3.7/site-packages/airflow/example_dags/example_python_operator.py took 10.783 seconds
[2023-03-03T13:29:28.345+0000] {processor.py:153} INFO - Started process (PID=368) to work on /home/airflow/.local/lib/python3.7/site-packages/airflow/example_dags/example_python_operator.py
[2023-03-03T13:29:28.403+0000] {processor.py:743} INFO - Processing file /home/airflow/.local/lib/python3.7/site-packages/airflow/example_dags/example_python_operator.py for tasks to queue
[2023-03-03T13:29:28.452+0000] {logging_mixin.py:137} INFO - [2023-03-03T13:29:28.447+0000] {dagbag.py:538} INFO - Filling up the DagBag from /home/airflow/.local/lib/python3.7/site-packages/airflow/example_dags/example_python_operator.py
[2023-03-03T13:29:30.703+0000] {logging_mixin.py:137} INFO - [2023-03-03T13:29:30.700+0000] {taskmixin.py:205} WARNING - Dependency <Task(_PythonDecoratedOperator): print_the_context>, log_sql_query already registered for DAG: example_python_operator
[2023-03-03T13:29:30.706+0000] {logging_mixin.py:137} INFO - [2023-03-03T13:29:30.706+0000] {taskmixin.py:205} WARNING - Dependency <Task(_PythonDecoratedOperator): log_sql_query>, print_the_context already registered for DAG: example_python_operator
[2023-03-03T13:29:30.708+0000] {logging_mixin.py:137} INFO - [2023-03-03T13:29:30.707+0000] {taskmixin.py:205} WARNING - Dependency <Task(_PythonDecoratedOperator): print_the_context>, log_sql_query already registered for DAG: example_python_operator
[2023-03-03T13:29:30.708+0000] {logging_mixin.py:137} INFO - [2023-03-03T13:29:30.708+0000] {taskmixin.py:205} WARNING - Dependency <Task(_PythonDecoratedOperator): log_sql_query>, print_the_context already registered for DAG: example_python_operator
[2023-03-03T13:29:30.711+0000] {logging_mixin.py:137} INFO - [2023-03-03T13:29:30.711+0000] {taskmixin.py:205} WARNING - Dependency <Task(_PythonDecoratedOperator): print_the_context>, log_sql_query already registered for DAG: example_python_operator
[2023-03-03T13:29:30.711+0000] {logging_mixin.py:137} INFO - [2023-03-03T13:29:30.711+0000] {taskmixin.py:205} WARNING - Dependency <Task(_PythonDecoratedOperator): log_sql_query>, print_the_context already registered for DAG: example_python_operator
[2023-03-03T13:29:30.713+0000] {logging_mixin.py:137} INFO - [2023-03-03T13:29:30.713+0000] {taskmixin.py:205} WARNING - Dependency <Task(_PythonDecoratedOperator): print_the_context>, log_sql_query already registered for DAG: example_python_operator
[2023-03-03T13:29:30.714+0000] {logging_mixin.py:137} INFO - [2023-03-03T13:29:30.713+0000] {taskmixin.py:205} WARNING - Dependency <Task(_PythonDecoratedOperator): log_sql_query>, print_the_context already registered for DAG: example_python_operator
[2023-03-03T13:29:31.326+0000] {processor.py:753} INFO - DAG(s) dict_keys(['example_python_operator']) retrieved from /home/airflow/.local/lib/python3.7/site-packages/airflow/example_dags/example_python_operator.py
[2023-03-03T13:29:45.956+0000] {logging_mixin.py:137} INFO - [2023-03-03T13:29:45.956+0000] {dag.py:2690} INFO - Sync 1 DAGs
[2023-03-03T13:29:46.337+0000] {logging_mixin.py:137} INFO - [2023-03-03T13:29:46.337+0000] {dag.py:3441} INFO - Setting next_dagrun for example_python_operator to None, run_after=None
[2023-03-03T13:29:46.881+0000] {processor.py:175} INFO - Processing /home/airflow/.local/lib/python3.7/site-packages/airflow/example_dags/example_python_operator.py took 18.639 seconds
[2023-03-03T13:32:13.812+0000] {processor.py:153} INFO - Started process (PID=479) to work on /home/airflow/.local/lib/python3.7/site-packages/airflow/example_dags/example_python_operator.py
[2023-03-03T13:32:13.819+0000] {processor.py:743} INFO - Processing file /home/airflow/.local/lib/python3.7/site-packages/airflow/example_dags/example_python_operator.py for tasks to queue
[2023-03-03T13:32:13.820+0000] {logging_mixin.py:137} INFO - [2023-03-03T13:32:13.820+0000] {dagbag.py:538} INFO - Filling up the DagBag from /home/airflow/.local/lib/python3.7/site-packages/airflow/example_dags/example_python_operator.py
[2023-03-03T13:32:14.109+0000] {logging_mixin.py:137} INFO - [2023-03-03T13:32:14.109+0000] {taskmixin.py:205} WARNING - Dependency <Task(_PythonDecoratedOperator): print_the_context>, log_sql_query already registered for DAG: example_python_operator
[2023-03-03T13:32:14.109+0000] {logging_mixin.py:137} INFO - [2023-03-03T13:32:14.109+0000] {taskmixin.py:205} WARNING - Dependency <Task(_PythonDecoratedOperator): log_sql_query>, print_the_context already registered for DAG: example_python_operator
[2023-03-03T13:32:14.135+0000] {logging_mixin.py:137} INFO - [2023-03-03T13:32:14.134+0000] {taskmixin.py:205} WARNING - Dependency <Task(_PythonDecoratedOperator): print_the_context>, log_sql_query already registered for DAG: example_python_operator
[2023-03-03T13:32:14.136+0000] {logging_mixin.py:137} INFO - [2023-03-03T13:32:14.135+0000] {taskmixin.py:205} WARNING - Dependency <Task(_PythonDecoratedOperator): log_sql_query>, print_the_context already registered for DAG: example_python_operator
[2023-03-03T13:32:14.141+0000] {logging_mixin.py:137} INFO - [2023-03-03T13:32:14.140+0000] {taskmixin.py:205} WARNING - Dependency <Task(_PythonDecoratedOperator): print_the_context>, log_sql_query already registered for DAG: example_python_operator
[2023-03-03T13:32:14.146+0000] {logging_mixin.py:137} INFO - [2023-03-03T13:32:14.144+0000] {taskmixin.py:205} WARNING - Dependency <Task(_PythonDecoratedOperator): log_sql_query>, print_the_context already registered for DAG: example_python_operator
[2023-03-03T13:32:14.180+0000] {logging_mixin.py:137} INFO - [2023-03-03T13:32:14.179+0000] {taskmixin.py:205} WARNING - Dependency <Task(_PythonDecoratedOperator): print_the_context>, log_sql_query already registered for DAG: example_python_operator
[2023-03-03T13:32:14.181+0000] {logging_mixin.py:137} INFO - [2023-03-03T13:32:14.181+0000] {taskmixin.py:205} WARNING - Dependency <Task(_PythonDecoratedOperator): log_sql_query>, print_the_context already registered for DAG: example_python_operator
[2023-03-03T13:32:14.471+0000] {processor.py:753} INFO - DAG(s) dict_keys(['example_python_operator']) retrieved from /home/airflow/.local/lib/python3.7/site-packages/airflow/example_dags/example_python_operator.py
[2023-03-03T13:32:16.219+0000] {logging_mixin.py:137} INFO - [2023-03-03T13:32:16.219+0000] {dag.py:2690} INFO - Sync 1 DAGs
[2023-03-03T13:32:16.851+0000] {logging_mixin.py:137} INFO - [2023-03-03T13:32:16.812+0000] {dag.py:3441} INFO - Setting next_dagrun for example_python_operator to None, run_after=None
[2023-03-03T13:32:18.276+0000] {processor.py:175} INFO - Processing /home/airflow/.local/lib/python3.7/site-packages/airflow/example_dags/example_python_operator.py took 4.489 seconds
[2023-03-03T13:34:39.922+0000] {processor.py:153} INFO - Started process (PID=585) to work on /home/airflow/.local/lib/python3.7/site-packages/airflow/example_dags/example_python_operator.py
[2023-03-03T13:34:39.961+0000] {processor.py:743} INFO - Processing file /home/airflow/.local/lib/python3.7/site-packages/airflow/example_dags/example_python_operator.py for tasks to queue
[2023-03-03T13:34:39.978+0000] {logging_mixin.py:137} INFO - [2023-03-03T13:34:39.962+0000] {dagbag.py:538} INFO - Filling up the DagBag from /home/airflow/.local/lib/python3.7/site-packages/airflow/example_dags/example_python_operator.py
[2023-03-03T13:34:45.156+0000] {logging_mixin.py:137} INFO - [2023-03-03T13:34:45.134+0000] {taskmixin.py:205} WARNING - Dependency <Task(_PythonDecoratedOperator): print_the_context>, log_sql_query already registered for DAG: example_python_operator
[2023-03-03T13:34:45.167+0000] {logging_mixin.py:137} INFO - [2023-03-03T13:34:45.166+0000] {taskmixin.py:205} WARNING - Dependency <Task(_PythonDecoratedOperator): log_sql_query>, print_the_context already registered for DAG: example_python_operator
[2023-03-03T13:34:45.168+0000] {logging_mixin.py:137} INFO - [2023-03-03T13:34:45.168+0000] {taskmixin.py:205} WARNING - Dependency <Task(_PythonDecoratedOperator): print_the_context>, log_sql_query already registered for DAG: example_python_operator
[2023-03-03T13:34:45.169+0000] {logging_mixin.py:137} INFO - [2023-03-03T13:34:45.169+0000] {taskmixin.py:205} WARNING - Dependency <Task(_PythonDecoratedOperator): log_sql_query>, print_the_context already registered for DAG: example_python_operator
[2023-03-03T13:34:45.176+0000] {logging_mixin.py:137} INFO - [2023-03-03T13:34:45.174+0000] {taskmixin.py:205} WARNING - Dependency <Task(_PythonDecoratedOperator): print_the_context>, log_sql_query already registered for DAG: example_python_operator
[2023-03-03T13:34:45.176+0000] {logging_mixin.py:137} INFO - [2023-03-03T13:34:45.176+0000] {taskmixin.py:205} WARNING - Dependency <Task(_PythonDecoratedOperator): log_sql_query>, print_the_context already registered for DAG: example_python_operator
[2023-03-03T13:34:45.178+0000] {logging_mixin.py:137} INFO - [2023-03-03T13:34:45.178+0000] {taskmixin.py:205} WARNING - Dependency <Task(_PythonDecoratedOperator): print_the_context>, log_sql_query already registered for DAG: example_python_operator
[2023-03-03T13:34:45.181+0000] {logging_mixin.py:137} INFO - [2023-03-03T13:34:45.181+0000] {taskmixin.py:205} WARNING - Dependency <Task(_PythonDecoratedOperator): log_sql_query>, print_the_context already registered for DAG: example_python_operator
