[2023-03-03T13:20:39.902+0000] {processor.py:153} INFO - Started process (PID=58) to work on /home/airflow/.local/lib/python3.7/site-packages/airflow/example_dags/example_external_task_marker_dag.py
[2023-03-03T13:20:39.903+0000] {processor.py:743} INFO - Processing file /home/airflow/.local/lib/python3.7/site-packages/airflow/example_dags/example_external_task_marker_dag.py for tasks to queue
[2023-03-03T13:20:39.904+0000] {logging_mixin.py:137} INFO - [2023-03-03T13:20:39.904+0000] {dagbag.py:538} INFO - Filling up the DagBag from /home/airflow/.local/lib/python3.7/site-packages/airflow/example_dags/example_external_task_marker_dag.py
[2023-03-03T13:20:39.976+0000] {processor.py:753} INFO - DAG(s) dict_keys(['example_external_task_marker_child', 'example_external_task_marker_parent']) retrieved from /home/airflow/.local/lib/python3.7/site-packages/airflow/example_dags/example_external_task_marker_dag.py
[2023-03-03T13:20:40.040+0000] {logging_mixin.py:137} INFO - [2023-03-03T13:20:40.040+0000] {dag.py:2690} INFO - Sync 2 DAGs
[2023-03-03T13:20:40.087+0000] {logging_mixin.py:137} INFO - [2023-03-03T13:20:40.087+0000] {dag.py:3441} INFO - Setting next_dagrun for example_external_task_marker_child to None, run_after=None
[2023-03-03T13:20:40.092+0000] {logging_mixin.py:137} INFO - [2023-03-03T13:20:40.092+0000] {dag.py:3441} INFO - Setting next_dagrun for example_external_task_marker_parent to None, run_after=None
[2023-03-03T13:20:40.116+0000] {processor.py:175} INFO - Processing /home/airflow/.local/lib/python3.7/site-packages/airflow/example_dags/example_external_task_marker_dag.py took 0.225 seconds
[2023-03-03T13:22:19.181+0000] {processor.py:153} INFO - Started process (PID=127) to work on /home/airflow/.local/lib/python3.7/site-packages/airflow/example_dags/example_external_task_marker_dag.py
[2023-03-03T13:22:19.185+0000] {processor.py:743} INFO - Processing file /home/airflow/.local/lib/python3.7/site-packages/airflow/example_dags/example_external_task_marker_dag.py for tasks to queue
[2023-03-03T13:22:19.186+0000] {logging_mixin.py:137} INFO - [2023-03-03T13:22:19.185+0000] {dagbag.py:538} INFO - Filling up the DagBag from /home/airflow/.local/lib/python3.7/site-packages/airflow/example_dags/example_external_task_marker_dag.py
[2023-03-03T13:22:19.331+0000] {processor.py:753} INFO - DAG(s) dict_keys(['example_external_task_marker_parent', 'example_external_task_marker_child']) retrieved from /home/airflow/.local/lib/python3.7/site-packages/airflow/example_dags/example_external_task_marker_dag.py
[2023-03-03T13:22:19.912+0000] {logging_mixin.py:137} INFO - [2023-03-03T13:22:19.904+0000] {dag.py:2690} INFO - Sync 2 DAGs
[2023-03-03T13:22:21.046+0000] {logging_mixin.py:137} INFO - [2023-03-03T13:22:21.035+0000] {dag.py:3441} INFO - Setting next_dagrun for example_external_task_marker_child to None, run_after=None
[2023-03-03T13:22:21.058+0000] {logging_mixin.py:137} INFO - [2023-03-03T13:22:21.057+0000] {dag.py:3441} INFO - Setting next_dagrun for example_external_task_marker_parent to None, run_after=None
[2023-03-03T13:22:21.589+0000] {processor.py:175} INFO - Processing /home/airflow/.local/lib/python3.7/site-packages/airflow/example_dags/example_external_task_marker_dag.py took 2.416 seconds
[2023-03-03T13:26:20.898+0000] {processor.py:153} INFO - Started process (PID=248) to work on /home/airflow/.local/lib/python3.7/site-packages/airflow/example_dags/example_external_task_marker_dag.py
[2023-03-03T13:26:21.724+0000] {processor.py:743} INFO - Processing file /home/airflow/.local/lib/python3.7/site-packages/airflow/example_dags/example_external_task_marker_dag.py for tasks to queue
[2023-03-03T13:26:21.727+0000] {logging_mixin.py:137} INFO - [2023-03-03T13:26:21.727+0000] {dagbag.py:538} INFO - Filling up the DagBag from /home/airflow/.local/lib/python3.7/site-packages/airflow/example_dags/example_external_task_marker_dag.py
[2023-03-03T13:26:29.545+0000] {processor.py:753} INFO - DAG(s) dict_keys(['example_external_task_marker_parent', 'example_external_task_marker_child']) retrieved from /home/airflow/.local/lib/python3.7/site-packages/airflow/example_dags/example_external_task_marker_dag.py
[2023-03-03T13:26:30.391+0000] {logging_mixin.py:137} INFO - [2023-03-03T13:26:30.352+0000] {dag.py:2690} INFO - Sync 2 DAGs
[2023-03-03T13:26:33.354+0000] {logging_mixin.py:137} INFO - [2023-03-03T13:26:33.347+0000] {dag.py:3441} INFO - Setting next_dagrun for example_external_task_marker_child to None, run_after=None
[2023-03-03T13:26:33.397+0000] {logging_mixin.py:137} INFO - [2023-03-03T13:26:33.397+0000] {dag.py:3441} INFO - Setting next_dagrun for example_external_task_marker_parent to None, run_after=None
[2023-03-03T13:26:33.750+0000] {processor.py:175} INFO - Processing /home/airflow/.local/lib/python3.7/site-packages/airflow/example_dags/example_external_task_marker_dag.py took 12.981 seconds
[2023-03-03T13:29:18.582+0000] {processor.py:153} INFO - Started process (PID=359) to work on /home/airflow/.local/lib/python3.7/site-packages/airflow/example_dags/example_external_task_marker_dag.py
[2023-03-03T13:29:18.592+0000] {processor.py:743} INFO - Processing file /home/airflow/.local/lib/python3.7/site-packages/airflow/example_dags/example_external_task_marker_dag.py for tasks to queue
[2023-03-03T13:29:18.593+0000] {logging_mixin.py:137} INFO - [2023-03-03T13:29:18.593+0000] {dagbag.py:538} INFO - Filling up the DagBag from /home/airflow/.local/lib/python3.7/site-packages/airflow/example_dags/example_external_task_marker_dag.py
[2023-03-03T13:29:18.939+0000] {processor.py:753} INFO - DAG(s) dict_keys(['example_external_task_marker_parent', 'example_external_task_marker_child']) retrieved from /home/airflow/.local/lib/python3.7/site-packages/airflow/example_dags/example_external_task_marker_dag.py
[2023-03-03T13:29:20.449+0000] {logging_mixin.py:137} INFO - [2023-03-03T13:29:20.442+0000] {dag.py:2690} INFO - Sync 2 DAGs
[2023-03-03T13:29:20.631+0000] {logging_mixin.py:137} INFO - [2023-03-03T13:29:20.620+0000] {dag.py:3441} INFO - Setting next_dagrun for example_external_task_marker_child to None, run_after=None
[2023-03-03T13:29:20.732+0000] {logging_mixin.py:137} INFO - [2023-03-03T13:29:20.732+0000] {dag.py:3441} INFO - Setting next_dagrun for example_external_task_marker_parent to None, run_after=None
[2023-03-03T13:29:21.081+0000] {processor.py:175} INFO - Processing /home/airflow/.local/lib/python3.7/site-packages/airflow/example_dags/example_external_task_marker_dag.py took 2.560 seconds
[2023-03-03T13:30:49.446+0000] {processor.py:153} INFO - Started process (PID=426) to work on /home/airflow/.local/lib/python3.7/site-packages/airflow/example_dags/example_external_task_marker_dag.py
[2023-03-03T13:30:49.449+0000] {processor.py:743} INFO - Processing file /home/airflow/.local/lib/python3.7/site-packages/airflow/example_dags/example_external_task_marker_dag.py for tasks to queue
[2023-03-03T13:30:49.451+0000] {logging_mixin.py:137} INFO - [2023-03-03T13:30:49.451+0000] {dagbag.py:538} INFO - Filling up the DagBag from /home/airflow/.local/lib/python3.7/site-packages/airflow/example_dags/example_external_task_marker_dag.py
[2023-03-03T13:30:49.572+0000] {processor.py:753} INFO - DAG(s) dict_keys(['example_external_task_marker_parent', 'example_external_task_marker_child']) retrieved from /home/airflow/.local/lib/python3.7/site-packages/airflow/example_dags/example_external_task_marker_dag.py
[2023-03-03T13:30:49.894+0000] {logging_mixin.py:137} INFO - [2023-03-03T13:30:49.894+0000] {dag.py:2690} INFO - Sync 2 DAGs
[2023-03-03T13:30:50.378+0000] {logging_mixin.py:137} INFO - [2023-03-03T13:30:50.365+0000] {dag.py:3441} INFO - Setting next_dagrun for example_external_task_marker_child to None, run_after=None
[2023-03-03T13:30:50.636+0000] {logging_mixin.py:137} INFO - [2023-03-03T13:30:50.627+0000] {dag.py:3441} INFO - Setting next_dagrun for example_external_task_marker_parent to None, run_after=None
[2023-03-03T13:31:07.814+0000] {processor.py:175} INFO - Processing /home/airflow/.local/lib/python3.7/site-packages/airflow/example_dags/example_external_task_marker_dag.py took 18.377 seconds
[2023-03-03T13:34:07.996+0000] {processor.py:153} INFO - Started process (PID=563) to work on /home/airflow/.local/lib/python3.7/site-packages/airflow/example_dags/example_external_task_marker_dag.py
[2023-03-03T13:34:08.033+0000] {processor.py:743} INFO - Processing file /home/airflow/.local/lib/python3.7/site-packages/airflow/example_dags/example_external_task_marker_dag.py for tasks to queue
[2023-03-03T13:34:08.071+0000] {logging_mixin.py:137} INFO - [2023-03-03T13:34:08.068+0000] {dagbag.py:538} INFO - Filling up the DagBag from /home/airflow/.local/lib/python3.7/site-packages/airflow/example_dags/example_external_task_marker_dag.py
[2023-03-03T13:34:08.742+0000] {processor.py:753} INFO - DAG(s) dict_keys(['example_external_task_marker_parent', 'example_external_task_marker_child']) retrieved from /home/airflow/.local/lib/python3.7/site-packages/airflow/example_dags/example_external_task_marker_dag.py
[2023-03-03T13:34:10.685+0000] {logging_mixin.py:137} INFO - [2023-03-03T13:34:10.676+0000] {dag.py:2690} INFO - Sync 2 DAGs
[2023-03-03T13:34:11.935+0000] {logging_mixin.py:137} INFO - [2023-03-03T13:34:11.932+0000] {dag.py:3441} INFO - Setting next_dagrun for example_external_task_marker_child to None, run_after=None
[2023-03-03T13:34:11.956+0000] {logging_mixin.py:137} INFO - [2023-03-03T13:34:11.954+0000] {dag.py:3441} INFO - Setting next_dagrun for example_external_task_marker_parent to None, run_after=None
[2023-03-03T13:34:13.559+0000] {processor.py:175} INFO - Processing /home/airflow/.local/lib/python3.7/site-packages/airflow/example_dags/example_external_task_marker_dag.py took 9.042 seconds
