[2023-03-03T13:20:39.085+0000] {processor.py:153} INFO - Started process (PID=51) to work on /home/airflow/.local/lib/python3.7/site-packages/airflow/example_dags/example_task_group_decorator.py
[2023-03-03T13:20:39.086+0000] {processor.py:743} INFO - Processing file /home/airflow/.local/lib/python3.7/site-packages/airflow/example_dags/example_task_group_decorator.py for tasks to queue
[2023-03-03T13:20:39.087+0000] {logging_mixin.py:137} INFO - [2023-03-03T13:20:39.087+0000] {dagbag.py:538} INFO - Filling up the DagBag from /home/airflow/.local/lib/python3.7/site-packages/airflow/example_dags/example_task_group_decorator.py
[2023-03-03T13:20:39.135+0000] {processor.py:753} INFO - DAG(s) dict_keys(['example_task_group_decorator']) retrieved from /home/airflow/.local/lib/python3.7/site-packages/airflow/example_dags/example_task_group_decorator.py
[2023-03-03T13:20:39.195+0000] {logging_mixin.py:137} INFO - [2023-03-03T13:20:39.194+0000] {dag.py:2690} INFO - Sync 1 DAGs
[2023-03-03T13:20:39.254+0000] {logging_mixin.py:137} INFO - [2023-03-03T13:20:39.254+0000] {dag.py:3441} INFO - Setting next_dagrun for example_task_group_decorator to 2023-03-02T13:20:39.253682+00:00, run_after=2023-03-03T13:20:39.253682+00:00
[2023-03-03T13:20:39.292+0000] {processor.py:175} INFO - Processing /home/airflow/.local/lib/python3.7/site-packages/airflow/example_dags/example_task_group_decorator.py took 0.224 seconds
[2023-03-03T13:21:25.445+0000] {processor.py:153} INFO - Started process (PID=111) to work on /home/airflow/.local/lib/python3.7/site-packages/airflow/example_dags/example_task_group_decorator.py
[2023-03-03T13:21:25.452+0000] {processor.py:743} INFO - Processing file /home/airflow/.local/lib/python3.7/site-packages/airflow/example_dags/example_task_group_decorator.py for tasks to queue
[2023-03-03T13:21:25.460+0000] {logging_mixin.py:137} INFO - [2023-03-03T13:21:25.459+0000] {dagbag.py:538} INFO - Filling up the DagBag from /home/airflow/.local/lib/python3.7/site-packages/airflow/example_dags/example_task_group_decorator.py
[2023-03-03T13:21:25.856+0000] {processor.py:753} INFO - DAG(s) dict_keys(['example_task_group_decorator']) retrieved from /home/airflow/.local/lib/python3.7/site-packages/airflow/example_dags/example_task_group_decorator.py
[2023-03-03T13:21:39.474+0000] {logging_mixin.py:137} INFO - [2023-03-03T13:21:39.471+0000] {dag.py:2690} INFO - Sync 1 DAGs
[2023-03-03T13:21:39.562+0000] {logging_mixin.py:137} INFO - [2023-03-03T13:21:39.560+0000] {dag.py:3441} INFO - Setting next_dagrun for example_task_group_decorator to 2023-03-02T13:21:39.558944+00:00, run_after=2023-03-03T13:21:39.558944+00:00
[2023-03-03T13:21:41.046+0000] {processor.py:175} INFO - Processing /home/airflow/.local/lib/python3.7/site-packages/airflow/example_dags/example_task_group_decorator.py took 15.617 seconds
[2023-03-03T13:25:48.153+0000] {processor.py:153} INFO - Started process (PID=229) to work on /home/airflow/.local/lib/python3.7/site-packages/airflow/example_dags/example_task_group_decorator.py
[2023-03-03T13:25:48.195+0000] {processor.py:743} INFO - Processing file /home/airflow/.local/lib/python3.7/site-packages/airflow/example_dags/example_task_group_decorator.py for tasks to queue
[2023-03-03T13:25:48.196+0000] {logging_mixin.py:137} INFO - [2023-03-03T13:25:48.196+0000] {dagbag.py:538} INFO - Filling up the DagBag from /home/airflow/.local/lib/python3.7/site-packages/airflow/example_dags/example_task_group_decorator.py
[2023-03-03T13:25:55.277+0000] {processor.py:753} INFO - DAG(s) dict_keys(['example_task_group_decorator']) retrieved from /home/airflow/.local/lib/python3.7/site-packages/airflow/example_dags/example_task_group_decorator.py
[2023-03-03T13:25:56.853+0000] {logging_mixin.py:137} INFO - [2023-03-03T13:25:56.849+0000] {dag.py:2690} INFO - Sync 1 DAGs
[2023-03-03T13:25:57.440+0000] {logging_mixin.py:137} INFO - [2023-03-03T13:25:57.425+0000] {dag.py:3441} INFO - Setting next_dagrun for example_task_group_decorator to 2023-03-02T13:25:57.416807+00:00, run_after=2023-03-03T13:25:57.416807+00:00
[2023-03-03T13:26:01.145+0000] {processor.py:175} INFO - Processing /home/airflow/.local/lib/python3.7/site-packages/airflow/example_dags/example_task_group_decorator.py took 13.038 seconds
[2023-03-03T13:28:41.068+0000] {processor.py:153} INFO - Started process (PID=334) to work on /home/airflow/.local/lib/python3.7/site-packages/airflow/example_dags/example_task_group_decorator.py
[2023-03-03T13:28:41.090+0000] {processor.py:743} INFO - Processing file /home/airflow/.local/lib/python3.7/site-packages/airflow/example_dags/example_task_group_decorator.py for tasks to queue
[2023-03-03T13:28:41.112+0000] {logging_mixin.py:137} INFO - [2023-03-03T13:28:41.103+0000] {dagbag.py:538} INFO - Filling up the DagBag from /home/airflow/.local/lib/python3.7/site-packages/airflow/example_dags/example_task_group_decorator.py
[2023-03-03T13:28:42.608+0000] {processor.py:753} INFO - DAG(s) dict_keys(['example_task_group_decorator']) retrieved from /home/airflow/.local/lib/python3.7/site-packages/airflow/example_dags/example_task_group_decorator.py
[2023-03-03T13:28:43.297+0000] {logging_mixin.py:137} INFO - [2023-03-03T13:28:43.297+0000] {dag.py:2690} INFO - Sync 1 DAGs
[2023-03-03T13:28:44.254+0000] {logging_mixin.py:137} INFO - [2023-03-03T13:28:44.253+0000] {dag.py:3441} INFO - Setting next_dagrun for example_task_group_decorator to 2023-03-02T13:28:44.252105+00:00, run_after=2023-03-03T13:28:44.252105+00:00
[2023-03-03T13:28:44.671+0000] {processor.py:175} INFO - Processing /home/airflow/.local/lib/python3.7/site-packages/airflow/example_dags/example_task_group_decorator.py took 3.808 seconds
[2023-03-03T13:30:17.073+0000] {processor.py:153} INFO - Started process (PID=414) to work on /home/airflow/.local/lib/python3.7/site-packages/airflow/example_dags/example_task_group_decorator.py
[2023-03-03T13:30:17.079+0000] {processor.py:743} INFO - Processing file /home/airflow/.local/lib/python3.7/site-packages/airflow/example_dags/example_task_group_decorator.py for tasks to queue
[2023-03-03T13:30:17.080+0000] {logging_mixin.py:137} INFO - [2023-03-03T13:30:17.080+0000] {dagbag.py:538} INFO - Filling up the DagBag from /home/airflow/.local/lib/python3.7/site-packages/airflow/example_dags/example_task_group_decorator.py
[2023-03-03T13:30:17.310+0000] {processor.py:753} INFO - DAG(s) dict_keys(['example_task_group_decorator']) retrieved from /home/airflow/.local/lib/python3.7/site-packages/airflow/example_dags/example_task_group_decorator.py
[2023-03-03T13:30:17.491+0000] {logging_mixin.py:137} INFO - [2023-03-03T13:30:17.476+0000] {dag.py:2690} INFO - Sync 1 DAGs
[2023-03-03T13:30:17.748+0000] {logging_mixin.py:137} INFO - [2023-03-03T13:30:17.747+0000] {dag.py:3441} INFO - Setting next_dagrun for example_task_group_decorator to 2023-03-02T13:30:17.743594+00:00, run_after=2023-03-03T13:30:17.743594+00:00
[2023-03-03T13:30:17.938+0000] {processor.py:175} INFO - Processing /home/airflow/.local/lib/python3.7/site-packages/airflow/example_dags/example_task_group_decorator.py took 0.886 seconds
[2023-03-03T13:31:33.424+0000] {processor.py:153} INFO - Started process (PID=460) to work on /home/airflow/.local/lib/python3.7/site-packages/airflow/example_dags/example_task_group_decorator.py
[2023-03-03T13:31:33.441+0000] {processor.py:743} INFO - Processing file /home/airflow/.local/lib/python3.7/site-packages/airflow/example_dags/example_task_group_decorator.py for tasks to queue
[2023-03-03T13:31:33.453+0000] {logging_mixin.py:137} INFO - [2023-03-03T13:31:33.453+0000] {dagbag.py:538} INFO - Filling up the DagBag from /home/airflow/.local/lib/python3.7/site-packages/airflow/example_dags/example_task_group_decorator.py
[2023-03-03T13:31:37.972+0000] {processor.py:753} INFO - DAG(s) dict_keys(['example_task_group_decorator']) retrieved from /home/airflow/.local/lib/python3.7/site-packages/airflow/example_dags/example_task_group_decorator.py
[2023-03-03T13:31:38.387+0000] {logging_mixin.py:137} INFO - [2023-03-03T13:31:38.386+0000] {dag.py:2690} INFO - Sync 1 DAGs
[2023-03-03T13:31:38.763+0000] {logging_mixin.py:137} INFO - [2023-03-03T13:31:38.762+0000] {dag.py:3441} INFO - Setting next_dagrun for example_task_group_decorator to 2023-03-02T13:31:38.747398+00:00, run_after=2023-03-03T13:31:38.747398+00:00
[2023-03-03T13:31:38.951+0000] {processor.py:175} INFO - Processing /home/airflow/.local/lib/python3.7/site-packages/airflow/example_dags/example_task_group_decorator.py took 5.601 seconds
[2023-03-03T13:33:20.123+0000] {processor.py:153} INFO - Started process (PID=533) to work on /home/airflow/.local/lib/python3.7/site-packages/airflow/example_dags/example_task_group_decorator.py
[2023-03-03T13:33:20.134+0000] {processor.py:743} INFO - Processing file /home/airflow/.local/lib/python3.7/site-packages/airflow/example_dags/example_task_group_decorator.py for tasks to queue
[2023-03-03T13:33:20.135+0000] {logging_mixin.py:137} INFO - [2023-03-03T13:33:20.135+0000] {dagbag.py:538} INFO - Filling up the DagBag from /home/airflow/.local/lib/python3.7/site-packages/airflow/example_dags/example_task_group_decorator.py
[2023-03-03T13:33:20.655+0000] {processor.py:753} INFO - DAG(s) dict_keys(['example_task_group_decorator']) retrieved from /home/airflow/.local/lib/python3.7/site-packages/airflow/example_dags/example_task_group_decorator.py
[2023-03-03T13:33:21.050+0000] {logging_mixin.py:137} INFO - [2023-03-03T13:33:21.049+0000] {dag.py:2690} INFO - Sync 1 DAGs
[2023-03-03T13:33:21.313+0000] {logging_mixin.py:137} INFO - [2023-03-03T13:33:21.312+0000] {dag.py:3441} INFO - Setting next_dagrun for example_task_group_decorator to 2023-03-02T13:33:21.312642+00:00, run_after=2023-03-03T13:33:21.312642+00:00
[2023-03-03T13:33:21.558+0000] {processor.py:175} INFO - Processing /home/airflow/.local/lib/python3.7/site-packages/airflow/example_dags/example_task_group_decorator.py took 1.465 seconds
