[2023-03-03T13:20:38.712+0000] {processor.py:153} INFO - Started process (PID=48) to work on /home/airflow/.local/lib/python3.7/site-packages/airflow/example_dags/example_short_circuit_decorator.py
[2023-03-03T13:20:38.713+0000] {processor.py:743} INFO - Processing file /home/airflow/.local/lib/python3.7/site-packages/airflow/example_dags/example_short_circuit_decorator.py for tasks to queue
[2023-03-03T13:20:38.713+0000] {logging_mixin.py:137} INFO - [2023-03-03T13:20:38.713+0000] {dagbag.py:538} INFO - Filling up the DagBag from /home/airflow/.local/lib/python3.7/site-packages/airflow/example_dags/example_short_circuit_decorator.py
[2023-03-03T13:20:38.773+0000] {processor.py:753} INFO - DAG(s) dict_keys(['example_short_circuit_decorator']) retrieved from /home/airflow/.local/lib/python3.7/site-packages/airflow/example_dags/example_short_circuit_decorator.py
[2023-03-03T13:20:38.809+0000] {logging_mixin.py:137} INFO - [2023-03-03T13:20:38.809+0000] {dag.py:2690} INFO - Sync 1 DAGs
[2023-03-03T13:20:38.851+0000] {logging_mixin.py:137} INFO - [2023-03-03T13:20:38.851+0000] {dag.py:3441} INFO - Setting next_dagrun for example_short_circuit_decorator to 2023-03-02T13:20:38.850768+00:00, run_after=2023-03-03T13:20:38.850768+00:00
[2023-03-03T13:20:38.882+0000] {processor.py:175} INFO - Processing /home/airflow/.local/lib/python3.7/site-packages/airflow/example_dags/example_short_circuit_decorator.py took 0.178 seconds
[2023-03-03T13:21:24.255+0000] {processor.py:153} INFO - Started process (PID=106) to work on /home/airflow/.local/lib/python3.7/site-packages/airflow/example_dags/example_short_circuit_decorator.py
[2023-03-03T13:21:24.267+0000] {processor.py:743} INFO - Processing file /home/airflow/.local/lib/python3.7/site-packages/airflow/example_dags/example_short_circuit_decorator.py for tasks to queue
[2023-03-03T13:21:24.267+0000] {logging_mixin.py:137} INFO - [2023-03-03T13:21:24.267+0000] {dagbag.py:538} INFO - Filling up the DagBag from /home/airflow/.local/lib/python3.7/site-packages/airflow/example_dags/example_short_circuit_decorator.py
[2023-03-03T13:21:24.454+0000] {processor.py:753} INFO - DAG(s) dict_keys(['example_short_circuit_decorator']) retrieved from /home/airflow/.local/lib/python3.7/site-packages/airflow/example_dags/example_short_circuit_decorator.py
[2023-03-03T13:21:24.579+0000] {logging_mixin.py:137} INFO - [2023-03-03T13:21:24.579+0000] {dag.py:2690} INFO - Sync 1 DAGs
[2023-03-03T13:21:24.793+0000] {logging_mixin.py:137} INFO - [2023-03-03T13:21:24.792+0000] {dag.py:3441} INFO - Setting next_dagrun for example_short_circuit_decorator to 2023-03-02T13:21:24.792337+00:00, run_after=2023-03-03T13:21:24.792337+00:00
[2023-03-03T13:21:24.979+0000] {processor.py:175} INFO - Processing /home/airflow/.local/lib/python3.7/site-packages/airflow/example_dags/example_short_circuit_decorator.py took 0.747 seconds
[2023-03-03T13:25:29.874+0000] {processor.py:153} INFO - Started process (PID=217) to work on /home/airflow/.local/lib/python3.7/site-packages/airflow/example_dags/example_short_circuit_decorator.py
[2023-03-03T13:25:29.953+0000] {processor.py:743} INFO - Processing file /home/airflow/.local/lib/python3.7/site-packages/airflow/example_dags/example_short_circuit_decorator.py for tasks to queue
[2023-03-03T13:25:29.956+0000] {logging_mixin.py:137} INFO - [2023-03-03T13:25:29.956+0000] {dagbag.py:538} INFO - Filling up the DagBag from /home/airflow/.local/lib/python3.7/site-packages/airflow/example_dags/example_short_circuit_decorator.py
[2023-03-03T13:25:35.608+0000] {processor.py:753} INFO - DAG(s) dict_keys(['example_short_circuit_decorator']) retrieved from /home/airflow/.local/lib/python3.7/site-packages/airflow/example_dags/example_short_circuit_decorator.py
[2023-03-03T13:25:39.923+0000] {logging_mixin.py:137} INFO - [2023-03-03T13:25:39.893+0000] {dag.py:2690} INFO - Sync 1 DAGs
[2023-03-03T13:25:46.841+0000] {logging_mixin.py:137} INFO - [2023-03-03T13:25:46.836+0000] {dag.py:3441} INFO - Setting next_dagrun for example_short_circuit_decorator to 2023-03-02T13:25:46.833004+00:00, run_after=2023-03-03T13:25:46.833004+00:00
[2023-03-03T13:25:47.591+0000] {processor.py:175} INFO - Processing /home/airflow/.local/lib/python3.7/site-packages/airflow/example_dags/example_short_circuit_decorator.py took 17.848 seconds
[2023-03-03T13:28:17.188+0000] {processor.py:153} INFO - Started process (PID=324) to work on /home/airflow/.local/lib/python3.7/site-packages/airflow/example_dags/example_short_circuit_decorator.py
[2023-03-03T13:28:17.253+0000] {processor.py:743} INFO - Processing file /home/airflow/.local/lib/python3.7/site-packages/airflow/example_dags/example_short_circuit_decorator.py for tasks to queue
[2023-03-03T13:28:17.254+0000] {logging_mixin.py:137} INFO - [2023-03-03T13:28:17.254+0000] {dagbag.py:538} INFO - Filling up the DagBag from /home/airflow/.local/lib/python3.7/site-packages/airflow/example_dags/example_short_circuit_decorator.py
[2023-03-03T13:28:19.859+0000] {processor.py:753} INFO - DAG(s) dict_keys(['example_short_circuit_decorator']) retrieved from /home/airflow/.local/lib/python3.7/site-packages/airflow/example_dags/example_short_circuit_decorator.py
[2023-03-03T13:28:20.633+0000] {logging_mixin.py:137} INFO - [2023-03-03T13:28:20.617+0000] {dag.py:2690} INFO - Sync 1 DAGs
[2023-03-03T13:28:21.359+0000] {logging_mixin.py:137} INFO - [2023-03-03T13:28:21.348+0000] {dag.py:3441} INFO - Setting next_dagrun for example_short_circuit_decorator to 2023-03-02T13:28:21.331569+00:00, run_after=2023-03-03T13:28:21.331569+00:00
[2023-03-03T13:28:38.352+0000] {processor.py:175} INFO - Processing /home/airflow/.local/lib/python3.7/site-packages/airflow/example_dags/example_short_circuit_decorator.py took 21.328 seconds
[2023-03-03T13:30:15.941+0000] {processor.py:153} INFO - Started process (PID=411) to work on /home/airflow/.local/lib/python3.7/site-packages/airflow/example_dags/example_short_circuit_decorator.py
[2023-03-03T13:30:15.951+0000] {processor.py:743} INFO - Processing file /home/airflow/.local/lib/python3.7/site-packages/airflow/example_dags/example_short_circuit_decorator.py for tasks to queue
[2023-03-03T13:30:15.953+0000] {logging_mixin.py:137} INFO - [2023-03-03T13:30:15.952+0000] {dagbag.py:538} INFO - Filling up the DagBag from /home/airflow/.local/lib/python3.7/site-packages/airflow/example_dags/example_short_circuit_decorator.py
[2023-03-03T13:30:16.086+0000] {processor.py:753} INFO - DAG(s) dict_keys(['example_short_circuit_decorator']) retrieved from /home/airflow/.local/lib/python3.7/site-packages/airflow/example_dags/example_short_circuit_decorator.py
[2023-03-03T13:30:16.358+0000] {logging_mixin.py:137} INFO - [2023-03-03T13:30:16.358+0000] {dag.py:2690} INFO - Sync 1 DAGs
[2023-03-03T13:30:16.641+0000] {logging_mixin.py:137} INFO - [2023-03-03T13:30:16.641+0000] {dag.py:3441} INFO - Setting next_dagrun for example_short_circuit_decorator to 2023-03-02T13:30:16.640686+00:00, run_after=2023-03-03T13:30:16.640686+00:00
[2023-03-03T13:30:16.799+0000] {processor.py:175} INFO - Processing /home/airflow/.local/lib/python3.7/site-packages/airflow/example_dags/example_short_circuit_decorator.py took 0.864 seconds
[2023-03-03T13:31:27.689+0000] {processor.py:153} INFO - Started process (PID=452) to work on /home/airflow/.local/lib/python3.7/site-packages/airflow/example_dags/example_short_circuit_decorator.py
[2023-03-03T13:31:27.690+0000] {processor.py:743} INFO - Processing file /home/airflow/.local/lib/python3.7/site-packages/airflow/example_dags/example_short_circuit_decorator.py for tasks to queue
[2023-03-03T13:31:27.699+0000] {logging_mixin.py:137} INFO - [2023-03-03T13:31:27.698+0000] {dagbag.py:538} INFO - Filling up the DagBag from /home/airflow/.local/lib/python3.7/site-packages/airflow/example_dags/example_short_circuit_decorator.py
[2023-03-03T13:31:28.863+0000] {processor.py:753} INFO - DAG(s) dict_keys(['example_short_circuit_decorator']) retrieved from /home/airflow/.local/lib/python3.7/site-packages/airflow/example_dags/example_short_circuit_decorator.py
[2023-03-03T13:31:31.084+0000] {logging_mixin.py:137} INFO - [2023-03-03T13:31:31.056+0000] {dag.py:2690} INFO - Sync 1 DAGs
[2023-03-03T13:31:31.886+0000] {logging_mixin.py:137} INFO - [2023-03-03T13:31:31.875+0000] {dag.py:3441} INFO - Setting next_dagrun for example_short_circuit_decorator to 2023-03-02T13:31:31.859322+00:00, run_after=2023-03-03T13:31:31.859322+00:00
[2023-03-03T13:31:33.056+0000] {processor.py:175} INFO - Processing /home/airflow/.local/lib/python3.7/site-packages/airflow/example_dags/example_short_circuit_decorator.py took 5.379 seconds
[2023-03-03T13:33:16.956+0000] {processor.py:153} INFO - Started process (PID=530) to work on /home/airflow/.local/lib/python3.7/site-packages/airflow/example_dags/example_short_circuit_decorator.py
[2023-03-03T13:33:16.966+0000] {processor.py:743} INFO - Processing file /home/airflow/.local/lib/python3.7/site-packages/airflow/example_dags/example_short_circuit_decorator.py for tasks to queue
[2023-03-03T13:33:16.970+0000] {logging_mixin.py:137} INFO - [2023-03-03T13:33:16.969+0000] {dagbag.py:538} INFO - Filling up the DagBag from /home/airflow/.local/lib/python3.7/site-packages/airflow/example_dags/example_short_circuit_decorator.py
[2023-03-03T13:33:18.529+0000] {processor.py:753} INFO - DAG(s) dict_keys(['example_short_circuit_decorator']) retrieved from /home/airflow/.local/lib/python3.7/site-packages/airflow/example_dags/example_short_circuit_decorator.py
[2023-03-03T13:33:19.195+0000] {logging_mixin.py:137} INFO - [2023-03-03T13:33:19.195+0000] {dag.py:2690} INFO - Sync 1 DAGs
[2023-03-03T13:33:19.396+0000] {logging_mixin.py:137} INFO - [2023-03-03T13:33:19.395+0000] {dag.py:3441} INFO - Setting next_dagrun for example_short_circuit_decorator to 2023-03-02T13:33:19.395448+00:00, run_after=2023-03-03T13:33:19.395448+00:00
[2023-03-03T13:33:19.825+0000] {processor.py:175} INFO - Processing /home/airflow/.local/lib/python3.7/site-packages/airflow/example_dags/example_short_circuit_decorator.py took 5.801 seconds
