[2023-03-03T13:20:42.634+0000] {processor.py:153} INFO - Started process (PID=78) to work on /home/airflow/.local/lib/python3.7/site-packages/airflow/example_dags/example_branch_labels.py
[2023-03-03T13:20:42.636+0000] {processor.py:743} INFO - Processing file /home/airflow/.local/lib/python3.7/site-packages/airflow/example_dags/example_branch_labels.py for tasks to queue
[2023-03-03T13:20:42.637+0000] {logging_mixin.py:137} INFO - [2023-03-03T13:20:42.636+0000] {dagbag.py:538} INFO - Filling up the DagBag from /home/airflow/.local/lib/python3.7/site-packages/airflow/example_dags/example_branch_labels.py
[2023-03-03T13:20:42.665+0000] {processor.py:753} INFO - DAG(s) dict_keys(['example_branch_labels']) retrieved from /home/airflow/.local/lib/python3.7/site-packages/airflow/example_dags/example_branch_labels.py
[2023-03-03T13:20:42.800+0000] {logging_mixin.py:137} INFO - [2023-03-03T13:20:42.800+0000] {dag.py:2690} INFO - Sync 1 DAGs
[2023-03-03T13:20:42.867+0000] {logging_mixin.py:137} INFO - [2023-03-03T13:20:42.867+0000] {dag.py:3441} INFO - Setting next_dagrun for example_branch_labels to 2023-03-02T00:00:00+00:00, run_after=2023-03-03T00:00:00+00:00
[2023-03-03T13:20:42.895+0000] {processor.py:175} INFO - Processing /home/airflow/.local/lib/python3.7/site-packages/airflow/example_dags/example_branch_labels.py took 0.266 seconds
[2023-03-03T13:25:01.960+0000] {processor.py:153} INFO - Started process (PID=195) to work on /home/airflow/.local/lib/python3.7/site-packages/airflow/example_dags/example_branch_labels.py
[2023-03-03T13:25:02.093+0000] {processor.py:743} INFO - Processing file /home/airflow/.local/lib/python3.7/site-packages/airflow/example_dags/example_branch_labels.py for tasks to queue
[2023-03-03T13:25:02.134+0000] {logging_mixin.py:137} INFO - [2023-03-03T13:25:02.134+0000] {dagbag.py:538} INFO - Filling up the DagBag from /home/airflow/.local/lib/python3.7/site-packages/airflow/example_dags/example_branch_labels.py
[2023-03-03T13:25:03.346+0000] {processor.py:753} INFO - DAG(s) dict_keys(['example_branch_labels']) retrieved from /home/airflow/.local/lib/python3.7/site-packages/airflow/example_dags/example_branch_labels.py
[2023-03-03T13:25:06.389+0000] {logging_mixin.py:137} INFO - [2023-03-03T13:25:06.379+0000] {dag.py:2690} INFO - Sync 1 DAGs
[2023-03-03T13:25:07.206+0000] {logging_mixin.py:137} INFO - [2023-03-03T13:25:07.173+0000] {dag.py:3441} INFO - Setting next_dagrun for example_branch_labels to 2023-03-02T00:00:00+00:00, run_after=2023-03-03T00:00:00+00:00
[2023-03-03T13:25:11.228+0000] {processor.py:175} INFO - Processing /home/airflow/.local/lib/python3.7/site-packages/airflow/example_dags/example_branch_labels.py took 9.385 seconds
[2023-03-03T13:30:10.381+0000] {processor.py:153} INFO - Started process (PID=389) to work on /home/airflow/.local/lib/python3.7/site-packages/airflow/example_dags/example_branch_labels.py
[2023-03-03T13:30:10.383+0000] {processor.py:743} INFO - Processing file /home/airflow/.local/lib/python3.7/site-packages/airflow/example_dags/example_branch_labels.py for tasks to queue
[2023-03-03T13:30:10.384+0000] {logging_mixin.py:137} INFO - [2023-03-03T13:30:10.384+0000] {dagbag.py:538} INFO - Filling up the DagBag from /home/airflow/.local/lib/python3.7/site-packages/airflow/example_dags/example_branch_labels.py
[2023-03-03T13:30:10.614+0000] {processor.py:753} INFO - DAG(s) dict_keys(['example_branch_labels']) retrieved from /home/airflow/.local/lib/python3.7/site-packages/airflow/example_dags/example_branch_labels.py
[2023-03-03T13:30:11.134+0000] {logging_mixin.py:137} INFO - [2023-03-03T13:30:11.129+0000] {dag.py:2690} INFO - Sync 1 DAGs
[2023-03-03T13:30:11.651+0000] {logging_mixin.py:137} INFO - [2023-03-03T13:30:11.647+0000] {dag.py:3441} INFO - Setting next_dagrun for example_branch_labels to 2023-03-02T00:00:00+00:00, run_after=2023-03-03T00:00:00+00:00
[2023-03-03T13:30:11.871+0000] {processor.py:175} INFO - Processing /home/airflow/.local/lib/python3.7/site-packages/airflow/example_dags/example_branch_labels.py took 1.559 seconds
[2023-03-03T13:32:45.865+0000] {processor.py:153} INFO - Started process (PID=509) to work on /home/airflow/.local/lib/python3.7/site-packages/airflow/example_dags/example_branch_labels.py
[2023-03-03T13:32:45.894+0000] {processor.py:743} INFO - Processing file /home/airflow/.local/lib/python3.7/site-packages/airflow/example_dags/example_branch_labels.py for tasks to queue
[2023-03-03T13:32:45.916+0000] {logging_mixin.py:137} INFO - [2023-03-03T13:32:45.916+0000] {dagbag.py:538} INFO - Filling up the DagBag from /home/airflow/.local/lib/python3.7/site-packages/airflow/example_dags/example_branch_labels.py
[2023-03-03T13:32:47.059+0000] {processor.py:753} INFO - DAG(s) dict_keys(['example_branch_labels']) retrieved from /home/airflow/.local/lib/python3.7/site-packages/airflow/example_dags/example_branch_labels.py
[2023-03-03T13:32:47.496+0000] {logging_mixin.py:137} INFO - [2023-03-03T13:32:47.496+0000] {dag.py:2690} INFO - Sync 1 DAGs
[2023-03-03T13:32:47.790+0000] {logging_mixin.py:137} INFO - [2023-03-03T13:32:47.790+0000] {dag.py:3441} INFO - Setting next_dagrun for example_branch_labels to 2023-03-02T00:00:00+00:00, run_after=2023-03-03T00:00:00+00:00
[2023-03-03T13:32:48.376+0000] {processor.py:175} INFO - Processing /home/airflow/.local/lib/python3.7/site-packages/airflow/example_dags/example_branch_labels.py took 2.537 seconds
