[2023-03-03T13:20:39.871+0000] {processor.py:153} INFO - Started process (PID=57) to work on /home/airflow/.local/lib/python3.7/site-packages/airflow/example_dags/example_branch_python_dop_operator_3.py
[2023-03-03T13:20:39.872+0000] {processor.py:743} INFO - Processing file /home/airflow/.local/lib/python3.7/site-packages/airflow/example_dags/example_branch_python_dop_operator_3.py for tasks to queue
[2023-03-03T13:20:39.873+0000] {logging_mixin.py:137} INFO - [2023-03-03T13:20:39.873+0000] {dagbag.py:538} INFO - Filling up the DagBag from /home/airflow/.local/lib/python3.7/site-packages/airflow/example_dags/example_branch_python_dop_operator_3.py
[2023-03-03T13:20:39.963+0000] {processor.py:753} INFO - DAG(s) dict_keys(['example_branch_dop_operator_v3']) retrieved from /home/airflow/.local/lib/python3.7/site-packages/airflow/example_dags/example_branch_python_dop_operator_3.py
[2023-03-03T13:20:40.027+0000] {logging_mixin.py:137} INFO - [2023-03-03T13:20:40.027+0000] {dag.py:2690} INFO - Sync 1 DAGs
[2023-03-03T13:20:40.124+0000] {logging_mixin.py:137} INFO - [2023-03-03T13:20:40.124+0000] {dag.py:3441} INFO - Setting next_dagrun for example_branch_dop_operator_v3 to 2023-03-03T13:19:00+00:00, run_after=2023-03-03T13:20:00+00:00
[2023-03-03T13:20:40.154+0000] {processor.py:175} INFO - Processing /home/airflow/.local/lib/python3.7/site-packages/airflow/example_dags/example_branch_python_dop_operator_3.py took 0.288 seconds
[2023-03-03T13:21:45.925+0000] {processor.py:153} INFO - Started process (PID=126) to work on /home/airflow/.local/lib/python3.7/site-packages/airflow/example_dags/example_branch_python_dop_operator_3.py
[2023-03-03T13:21:45.989+0000] {processor.py:743} INFO - Processing file /home/airflow/.local/lib/python3.7/site-packages/airflow/example_dags/example_branch_python_dop_operator_3.py for tasks to queue
[2023-03-03T13:21:46.055+0000] {logging_mixin.py:137} INFO - [2023-03-03T13:21:46.049+0000] {dagbag.py:538} INFO - Filling up the DagBag from /home/airflow/.local/lib/python3.7/site-packages/airflow/example_dags/example_branch_python_dop_operator_3.py
[2023-03-03T13:21:50.210+0000] {processor.py:753} INFO - DAG(s) dict_keys(['example_branch_dop_operator_v3']) retrieved from /home/airflow/.local/lib/python3.7/site-packages/airflow/example_dags/example_branch_python_dop_operator_3.py
[2023-03-03T13:22:19.571+0000] {logging_mixin.py:137} INFO - [2023-03-03T13:22:19.566+0000] {dag.py:2690} INFO - Sync 1 DAGs
[2023-03-03T13:22:19.807+0000] {logging_mixin.py:137} INFO - [2023-03-03T13:22:19.798+0000] {dag.py:3441} INFO - Setting next_dagrun for example_branch_dop_operator_v3 to 2023-03-03T13:21:00+00:00, run_after=2023-03-03T13:22:00+00:00
[2023-03-03T13:22:20.787+0000] {processor.py:175} INFO - Processing /home/airflow/.local/lib/python3.7/site-packages/airflow/example_dags/example_branch_python_dop_operator_3.py took 34.927 seconds
[2023-03-03T13:26:20.274+0000] {processor.py:153} INFO - Started process (PID=247) to work on /home/airflow/.local/lib/python3.7/site-packages/airflow/example_dags/example_branch_python_dop_operator_3.py
[2023-03-03T13:26:20.310+0000] {processor.py:743} INFO - Processing file /home/airflow/.local/lib/python3.7/site-packages/airflow/example_dags/example_branch_python_dop_operator_3.py for tasks to queue
[2023-03-03T13:26:20.342+0000] {logging_mixin.py:137} INFO - [2023-03-03T13:26:20.331+0000] {dagbag.py:538} INFO - Filling up the DagBag from /home/airflow/.local/lib/python3.7/site-packages/airflow/example_dags/example_branch_python_dop_operator_3.py
[2023-03-03T13:26:29.475+0000] {processor.py:753} INFO - DAG(s) dict_keys(['example_branch_dop_operator_v3']) retrieved from /home/airflow/.local/lib/python3.7/site-packages/airflow/example_dags/example_branch_python_dop_operator_3.py
[2023-03-03T13:26:30.068+0000] {logging_mixin.py:137} INFO - [2023-03-03T13:26:30.055+0000] {dag.py:2690} INFO - Sync 1 DAGs
[2023-03-03T13:26:33.578+0000] {logging_mixin.py:137} INFO - [2023-03-03T13:26:33.578+0000] {dag.py:3441} INFO - Setting next_dagrun for example_branch_dop_operator_v3 to 2023-03-03T13:25:00+00:00, run_after=2023-03-03T13:26:00+00:00
[2023-03-03T13:26:34.011+0000] {processor.py:175} INFO - Processing /home/airflow/.local/lib/python3.7/site-packages/airflow/example_dags/example_branch_python_dop_operator_3.py took 13.847 seconds
[2023-03-03T13:29:16.738+0000] {processor.py:153} INFO - Started process (PID=355) to work on /home/airflow/.local/lib/python3.7/site-packages/airflow/example_dags/example_branch_python_dop_operator_3.py
[2023-03-03T13:29:16.760+0000] {processor.py:743} INFO - Processing file /home/airflow/.local/lib/python3.7/site-packages/airflow/example_dags/example_branch_python_dop_operator_3.py for tasks to queue
[2023-03-03T13:29:16.761+0000] {logging_mixin.py:137} INFO - [2023-03-03T13:29:16.761+0000] {dagbag.py:538} INFO - Filling up the DagBag from /home/airflow/.local/lib/python3.7/site-packages/airflow/example_dags/example_branch_python_dop_operator_3.py
[2023-03-03T13:29:17.252+0000] {processor.py:753} INFO - DAG(s) dict_keys(['example_branch_dop_operator_v3']) retrieved from /home/airflow/.local/lib/python3.7/site-packages/airflow/example_dags/example_branch_python_dop_operator_3.py
[2023-03-03T13:29:17.619+0000] {logging_mixin.py:137} INFO - [2023-03-03T13:29:17.619+0000] {dag.py:2690} INFO - Sync 1 DAGs
[2023-03-03T13:29:18.351+0000] {logging_mixin.py:137} INFO - [2023-03-03T13:29:18.351+0000] {dag.py:3441} INFO - Setting next_dagrun for example_branch_dop_operator_v3 to 2023-03-03T13:28:00+00:00, run_after=2023-03-03T13:29:00+00:00
[2023-03-03T13:29:18.862+0000] {processor.py:175} INFO - Processing /home/airflow/.local/lib/python3.7/site-packages/airflow/example_dags/example_branch_python_dop_operator_3.py took 2.134 seconds
[2023-03-03T13:30:19.873+0000] {processor.py:153} INFO - Started process (PID=422) to work on /home/airflow/.local/lib/python3.7/site-packages/airflow/example_dags/example_branch_python_dop_operator_3.py
[2023-03-03T13:30:19.914+0000] {processor.py:743} INFO - Processing file /home/airflow/.local/lib/python3.7/site-packages/airflow/example_dags/example_branch_python_dop_operator_3.py for tasks to queue
[2023-03-03T13:30:20.023+0000] {logging_mixin.py:137} INFO - [2023-03-03T13:30:19.987+0000] {dagbag.py:538} INFO - Filling up the DagBag from /home/airflow/.local/lib/python3.7/site-packages/airflow/example_dags/example_branch_python_dop_operator_3.py
[2023-03-03T13:30:36.539+0000] {processor.py:753} INFO - DAG(s) dict_keys(['example_branch_dop_operator_v3']) retrieved from /home/airflow/.local/lib/python3.7/site-packages/airflow/example_dags/example_branch_python_dop_operator_3.py
[2023-03-03T13:30:49.346+0000] {logging_mixin.py:137} INFO - [2023-03-03T13:30:49.346+0000] {dag.py:2690} INFO - Sync 1 DAGs
[2023-03-03T13:30:49.589+0000] {logging_mixin.py:137} INFO - [2023-03-03T13:30:49.589+0000] {dag.py:3441} INFO - Setting next_dagrun for example_branch_dop_operator_v3 to 2023-03-03T13:29:00+00:00, run_after=2023-03-03T13:30:00+00:00
[2023-03-03T13:30:49.781+0000] {processor.py:175} INFO - Processing /home/airflow/.local/lib/python3.7/site-packages/airflow/example_dags/example_branch_python_dop_operator_3.py took 30.018 seconds
[2023-03-03T13:32:00.827+0000] {processor.py:153} INFO - Started process (PID=473) to work on /home/airflow/.local/lib/python3.7/site-packages/airflow/example_dags/example_branch_python_dop_operator_3.py
[2023-03-03T13:32:00.839+0000] {processor.py:743} INFO - Processing file /home/airflow/.local/lib/python3.7/site-packages/airflow/example_dags/example_branch_python_dop_operator_3.py for tasks to queue
[2023-03-03T13:32:00.840+0000] {logging_mixin.py:137} INFO - [2023-03-03T13:32:00.840+0000] {dagbag.py:538} INFO - Filling up the DagBag from /home/airflow/.local/lib/python3.7/site-packages/airflow/example_dags/example_branch_python_dop_operator_3.py
[2023-03-03T13:32:01.993+0000] {processor.py:753} INFO - DAG(s) dict_keys(['example_branch_dop_operator_v3']) retrieved from /home/airflow/.local/lib/python3.7/site-packages/airflow/example_dags/example_branch_python_dop_operator_3.py
[2023-03-03T13:32:13.013+0000] {logging_mixin.py:137} INFO - [2023-03-03T13:32:13.012+0000] {dag.py:2690} INFO - Sync 1 DAGs
[2023-03-03T13:32:13.570+0000] {logging_mixin.py:137} INFO - [2023-03-03T13:32:13.568+0000] {dag.py:3441} INFO - Setting next_dagrun for example_branch_dop_operator_v3 to 2023-03-03T13:31:00+00:00, run_after=2023-03-03T13:32:00+00:00
[2023-03-03T13:32:13.839+0000] {processor.py:175} INFO - Processing /home/airflow/.local/lib/python3.7/site-packages/airflow/example_dags/example_branch_python_dop_operator_3.py took 13.047 seconds
[2023-03-03T13:33:46.163+0000] {processor.py:153} INFO - Started process (PID=551) to work on /home/airflow/.local/lib/python3.7/site-packages/airflow/example_dags/example_branch_python_dop_operator_3.py
[2023-03-03T13:33:46.236+0000] {processor.py:743} INFO - Processing file /home/airflow/.local/lib/python3.7/site-packages/airflow/example_dags/example_branch_python_dop_operator_3.py for tasks to queue
[2023-03-03T13:33:46.297+0000] {logging_mixin.py:137} INFO - [2023-03-03T13:33:46.286+0000] {dagbag.py:538} INFO - Filling up the DagBag from /home/airflow/.local/lib/python3.7/site-packages/airflow/example_dags/example_branch_python_dop_operator_3.py
[2023-03-03T13:33:58.207+0000] {processor.py:753} INFO - DAG(s) dict_keys(['example_branch_dop_operator_v3']) retrieved from /home/airflow/.local/lib/python3.7/site-packages/airflow/example_dags/example_branch_python_dop_operator_3.py
[2023-03-03T13:34:00.657+0000] {logging_mixin.py:137} INFO - [2023-03-03T13:34:00.636+0000] {dag.py:2690} INFO - Sync 1 DAGs
[2023-03-03T13:34:02.887+0000] {logging_mixin.py:137} INFO - [2023-03-03T13:34:02.810+0000] {dag.py:3441} INFO - Setting next_dagrun for example_branch_dop_operator_v3 to 2023-03-03T13:33:00+00:00, run_after=2023-03-03T13:34:00+00:00
[2023-03-03T13:34:08.065+0000] {processor.py:175} INFO - Processing /home/airflow/.local/lib/python3.7/site-packages/airflow/example_dags/example_branch_python_dop_operator_3.py took 21.980 seconds
