[2023-03-03T13:20:42.305+0000] {processor.py:153} INFO - Started process (PID=76) to work on /home/airflow/.local/lib/python3.7/site-packages/airflow/example_dags/example_skip_dag.py
[2023-03-03T13:20:42.306+0000] {processor.py:743} INFO - Processing file /home/airflow/.local/lib/python3.7/site-packages/airflow/example_dags/example_skip_dag.py for tasks to queue
[2023-03-03T13:20:42.306+0000] {logging_mixin.py:137} INFO - [2023-03-03T13:20:42.306+0000] {dagbag.py:538} INFO - Filling up the DagBag from /home/airflow/.local/lib/python3.7/site-packages/airflow/example_dags/example_skip_dag.py
[2023-03-03T13:20:42.331+0000] {processor.py:753} INFO - DAG(s) dict_keys(['example_skip_dag']) retrieved from /home/airflow/.local/lib/python3.7/site-packages/airflow/example_dags/example_skip_dag.py
[2023-03-03T13:20:42.370+0000] {logging_mixin.py:137} INFO - [2023-03-03T13:20:42.370+0000] {dag.py:2690} INFO - Sync 1 DAGs
[2023-03-03T13:20:42.422+0000] {logging_mixin.py:137} INFO - [2023-03-03T13:20:42.422+0000] {dag.py:3441} INFO - Setting next_dagrun for example_skip_dag to 2023-03-02T13:20:42.421827+00:00, run_after=2023-03-03T13:20:42.421827+00:00
[2023-03-03T13:20:42.448+0000] {processor.py:175} INFO - Processing /home/airflow/.local/lib/python3.7/site-packages/airflow/example_dags/example_skip_dag.py took 0.148 seconds
[2023-03-03T13:24:48.900+0000] {processor.py:153} INFO - Started process (PID=183) to work on /home/airflow/.local/lib/python3.7/site-packages/airflow/example_dags/example_skip_dag.py
[2023-03-03T13:24:48.911+0000] {processor.py:743} INFO - Processing file /home/airflow/.local/lib/python3.7/site-packages/airflow/example_dags/example_skip_dag.py for tasks to queue
[2023-03-03T13:24:48.912+0000] {logging_mixin.py:137} INFO - [2023-03-03T13:24:48.911+0000] {dagbag.py:538} INFO - Filling up the DagBag from /home/airflow/.local/lib/python3.7/site-packages/airflow/example_dags/example_skip_dag.py
[2023-03-03T13:24:49.238+0000] {processor.py:753} INFO - DAG(s) dict_keys(['example_skip_dag']) retrieved from /home/airflow/.local/lib/python3.7/site-packages/airflow/example_dags/example_skip_dag.py
[2023-03-03T13:24:51.465+0000] {logging_mixin.py:137} INFO - [2023-03-03T13:24:51.433+0000] {dag.py:2690} INFO - Sync 1 DAGs
[2023-03-03T13:24:53.008+0000] {logging_mixin.py:137} INFO - [2023-03-03T13:24:52.999+0000] {dag.py:3441} INFO - Setting next_dagrun for example_skip_dag to 2023-03-02T13:24:52.981391+00:00, run_after=2023-03-03T13:24:52.981391+00:00
[2023-03-03T13:25:00.782+0000] {processor.py:175} INFO - Processing /home/airflow/.local/lib/python3.7/site-packages/airflow/example_dags/example_skip_dag.py took 11.916 seconds
[2023-03-03T13:30:06.536+0000] {processor.py:153} INFO - Started process (PID=387) to work on /home/airflow/.local/lib/python3.7/site-packages/airflow/example_dags/example_skip_dag.py
[2023-03-03T13:30:06.579+0000] {processor.py:743} INFO - Processing file /home/airflow/.local/lib/python3.7/site-packages/airflow/example_dags/example_skip_dag.py for tasks to queue
[2023-03-03T13:30:06.580+0000] {logging_mixin.py:137} INFO - [2023-03-03T13:30:06.579+0000] {dagbag.py:538} INFO - Filling up the DagBag from /home/airflow/.local/lib/python3.7/site-packages/airflow/example_dags/example_skip_dag.py
[2023-03-03T13:30:08.984+0000] {processor.py:753} INFO - DAG(s) dict_keys(['example_skip_dag']) retrieved from /home/airflow/.local/lib/python3.7/site-packages/airflow/example_dags/example_skip_dag.py
[2023-03-03T13:30:09.346+0000] {logging_mixin.py:137} INFO - [2023-03-03T13:30:09.345+0000] {dag.py:2690} INFO - Sync 1 DAGs
[2023-03-03T13:30:09.958+0000] {logging_mixin.py:137} INFO - [2023-03-03T13:30:09.950+0000] {dag.py:3441} INFO - Setting next_dagrun for example_skip_dag to 2023-03-02T13:30:09.913613+00:00, run_after=2023-03-03T13:30:09.913613+00:00
[2023-03-03T13:30:10.158+0000] {processor.py:175} INFO - Processing /home/airflow/.local/lib/python3.7/site-packages/airflow/example_dags/example_skip_dag.py took 3.761 seconds
[2023-03-03T13:32:34.154+0000] {processor.py:153} INFO - Started process (PID=499) to work on /home/airflow/.local/lib/python3.7/site-packages/airflow/example_dags/example_skip_dag.py
[2023-03-03T13:32:34.175+0000] {processor.py:743} INFO - Processing file /home/airflow/.local/lib/python3.7/site-packages/airflow/example_dags/example_skip_dag.py for tasks to queue
[2023-03-03T13:32:34.176+0000] {logging_mixin.py:137} INFO - [2023-03-03T13:32:34.176+0000] {dagbag.py:538} INFO - Filling up the DagBag from /home/airflow/.local/lib/python3.7/site-packages/airflow/example_dags/example_skip_dag.py
[2023-03-03T13:32:34.413+0000] {processor.py:753} INFO - DAG(s) dict_keys(['example_skip_dag']) retrieved from /home/airflow/.local/lib/python3.7/site-packages/airflow/example_dags/example_skip_dag.py
[2023-03-03T13:32:35.391+0000] {logging_mixin.py:137} INFO - [2023-03-03T13:32:35.388+0000] {dag.py:2690} INFO - Sync 1 DAGs
[2023-03-03T13:32:45.136+0000] {logging_mixin.py:137} INFO - [2023-03-03T13:32:45.123+0000] {dag.py:3441} INFO - Setting next_dagrun for example_skip_dag to 2023-03-02T13:32:45.101698+00:00, run_after=2023-03-03T13:32:45.101698+00:00
[2023-03-03T13:32:45.650+0000] {processor.py:175} INFO - Processing /home/airflow/.local/lib/python3.7/site-packages/airflow/example_dags/example_skip_dag.py took 11.557 seconds
