[2023-03-03T13:20:39.531+0000] {processor.py:153} INFO - Started process (PID=55) to work on /home/airflow/.local/lib/python3.7/site-packages/airflow/example_dags/example_complex.py
[2023-03-03T13:20:39.531+0000] {processor.py:743} INFO - Processing file /home/airflow/.local/lib/python3.7/site-packages/airflow/example_dags/example_complex.py for tasks to queue
[2023-03-03T13:20:39.533+0000] {logging_mixin.py:137} INFO - [2023-03-03T13:20:39.533+0000] {dagbag.py:538} INFO - Filling up the DagBag from /home/airflow/.local/lib/python3.7/site-packages/airflow/example_dags/example_complex.py
[2023-03-03T13:20:39.574+0000] {logging_mixin.py:137} INFO - [2023-03-03T13:20:39.574+0000] {taskmixin.py:205} WARNING - Dependency <Task(BashOperator): create_entry_group>, delete_entry_group already registered for DAG: example_complex
[2023-03-03T13:20:39.575+0000] {logging_mixin.py:137} INFO - [2023-03-03T13:20:39.575+0000] {taskmixin.py:205} WARNING - Dependency <Task(BashOperator): delete_entry_group>, create_entry_group already registered for DAG: example_complex
[2023-03-03T13:20:39.575+0000] {logging_mixin.py:137} INFO - [2023-03-03T13:20:39.575+0000] {taskmixin.py:205} WARNING - Dependency <Task(BashOperator): create_entry_gcs>, delete_entry already registered for DAG: example_complex
[2023-03-03T13:20:39.575+0000] {logging_mixin.py:137} INFO - [2023-03-03T13:20:39.575+0000] {taskmixin.py:205} WARNING - Dependency <Task(BashOperator): delete_entry>, create_entry_gcs already registered for DAG: example_complex
[2023-03-03T13:20:39.576+0000] {logging_mixin.py:137} INFO - [2023-03-03T13:20:39.576+0000] {taskmixin.py:205} WARNING - Dependency <Task(BashOperator): create_tag>, delete_tag already registered for DAG: example_complex
[2023-03-03T13:20:39.576+0000] {logging_mixin.py:137} INFO - [2023-03-03T13:20:39.576+0000] {taskmixin.py:205} WARNING - Dependency <Task(BashOperator): delete_tag>, create_tag already registered for DAG: example_complex
[2023-03-03T13:20:39.589+0000] {processor.py:753} INFO - DAG(s) dict_keys(['example_complex']) retrieved from /home/airflow/.local/lib/python3.7/site-packages/airflow/example_dags/example_complex.py
[2023-03-03T13:20:39.687+0000] {logging_mixin.py:137} INFO - [2023-03-03T13:20:39.687+0000] {dag.py:2690} INFO - Sync 1 DAGs
[2023-03-03T13:20:39.773+0000] {logging_mixin.py:137} INFO - [2023-03-03T13:20:39.773+0000] {dag.py:3441} INFO - Setting next_dagrun for example_complex to None, run_after=None
[2023-03-03T13:20:39.837+0000] {processor.py:175} INFO - Processing /home/airflow/.local/lib/python3.7/site-packages/airflow/example_dags/example_complex.py took 0.311 seconds
[2023-03-03T13:21:44.200+0000] {processor.py:153} INFO - Started process (PID=122) to work on /home/airflow/.local/lib/python3.7/site-packages/airflow/example_dags/example_complex.py
[2023-03-03T13:21:44.206+0000] {processor.py:743} INFO - Processing file /home/airflow/.local/lib/python3.7/site-packages/airflow/example_dags/example_complex.py for tasks to queue
[2023-03-03T13:21:44.206+0000] {logging_mixin.py:137} INFO - [2023-03-03T13:21:44.206+0000] {dagbag.py:538} INFO - Filling up the DagBag from /home/airflow/.local/lib/python3.7/site-packages/airflow/example_dags/example_complex.py
[2023-03-03T13:21:44.295+0000] {logging_mixin.py:137} INFO - [2023-03-03T13:21:44.295+0000] {taskmixin.py:205} WARNING - Dependency <Task(BashOperator): create_entry_group>, delete_entry_group already registered for DAG: example_complex
[2023-03-03T13:21:44.298+0000] {logging_mixin.py:137} INFO - [2023-03-03T13:21:44.298+0000] {taskmixin.py:205} WARNING - Dependency <Task(BashOperator): delete_entry_group>, create_entry_group already registered for DAG: example_complex
[2023-03-03T13:21:44.299+0000] {logging_mixin.py:137} INFO - [2023-03-03T13:21:44.298+0000] {taskmixin.py:205} WARNING - Dependency <Task(BashOperator): create_entry_gcs>, delete_entry already registered for DAG: example_complex
[2023-03-03T13:21:44.299+0000] {logging_mixin.py:137} INFO - [2023-03-03T13:21:44.299+0000] {taskmixin.py:205} WARNING - Dependency <Task(BashOperator): delete_entry>, create_entry_gcs already registered for DAG: example_complex
[2023-03-03T13:21:44.300+0000] {logging_mixin.py:137} INFO - [2023-03-03T13:21:44.300+0000] {taskmixin.py:205} WARNING - Dependency <Task(BashOperator): create_tag>, delete_tag already registered for DAG: example_complex
[2023-03-03T13:21:44.300+0000] {logging_mixin.py:137} INFO - [2023-03-03T13:21:44.300+0000] {taskmixin.py:205} WARNING - Dependency <Task(BashOperator): delete_tag>, create_tag already registered for DAG: example_complex
[2023-03-03T13:21:44.371+0000] {processor.py:753} INFO - DAG(s) dict_keys(['example_complex']) retrieved from /home/airflow/.local/lib/python3.7/site-packages/airflow/example_dags/example_complex.py
[2023-03-03T13:21:44.845+0000] {logging_mixin.py:137} INFO - [2023-03-03T13:21:44.844+0000] {dag.py:2690} INFO - Sync 1 DAGs
[2023-03-03T13:21:45.094+0000] {logging_mixin.py:137} INFO - [2023-03-03T13:21:45.091+0000] {dag.py:3441} INFO - Setting next_dagrun for example_complex to None, run_after=None
[2023-03-03T13:21:45.683+0000] {processor.py:175} INFO - Processing /home/airflow/.local/lib/python3.7/site-packages/airflow/example_dags/example_complex.py took 1.529 seconds
[2023-03-03T13:26:14.607+0000] {processor.py:153} INFO - Started process (PID=245) to work on /home/airflow/.local/lib/python3.7/site-packages/airflow/example_dags/example_complex.py
[2023-03-03T13:26:14.683+0000] {processor.py:743} INFO - Processing file /home/airflow/.local/lib/python3.7/site-packages/airflow/example_dags/example_complex.py for tasks to queue
[2023-03-03T13:26:14.723+0000] {logging_mixin.py:137} INFO - [2023-03-03T13:26:14.722+0000] {dagbag.py:538} INFO - Filling up the DagBag from /home/airflow/.local/lib/python3.7/site-packages/airflow/example_dags/example_complex.py
[2023-03-03T13:26:15.409+0000] {logging_mixin.py:137} INFO - [2023-03-03T13:26:15.393+0000] {taskmixin.py:205} WARNING - Dependency <Task(BashOperator): create_entry_group>, delete_entry_group already registered for DAG: example_complex
[2023-03-03T13:26:15.411+0000] {logging_mixin.py:137} INFO - [2023-03-03T13:26:15.410+0000] {taskmixin.py:205} WARNING - Dependency <Task(BashOperator): delete_entry_group>, create_entry_group already registered for DAG: example_complex
[2023-03-03T13:26:15.411+0000] {logging_mixin.py:137} INFO - [2023-03-03T13:26:15.411+0000] {taskmixin.py:205} WARNING - Dependency <Task(BashOperator): create_entry_gcs>, delete_entry already registered for DAG: example_complex
[2023-03-03T13:26:15.412+0000] {logging_mixin.py:137} INFO - [2023-03-03T13:26:15.411+0000] {taskmixin.py:205} WARNING - Dependency <Task(BashOperator): delete_entry>, create_entry_gcs already registered for DAG: example_complex
[2023-03-03T13:26:15.412+0000] {logging_mixin.py:137} INFO - [2023-03-03T13:26:15.412+0000] {taskmixin.py:205} WARNING - Dependency <Task(BashOperator): create_tag>, delete_tag already registered for DAG: example_complex
[2023-03-03T13:26:15.413+0000] {logging_mixin.py:137} INFO - [2023-03-03T13:26:15.413+0000] {taskmixin.py:205} WARNING - Dependency <Task(BashOperator): delete_tag>, create_tag already registered for DAG: example_complex
[2023-03-03T13:26:18.335+0000] {processor.py:753} INFO - DAG(s) dict_keys(['example_complex']) retrieved from /home/airflow/.local/lib/python3.7/site-packages/airflow/example_dags/example_complex.py
[2023-03-03T13:26:18.965+0000] {logging_mixin.py:137} INFO - [2023-03-03T13:26:18.965+0000] {dag.py:2690} INFO - Sync 1 DAGs
[2023-03-03T13:26:19.933+0000] {logging_mixin.py:137} INFO - [2023-03-03T13:26:19.915+0000] {dag.py:3441} INFO - Setting next_dagrun for example_complex to None, run_after=None
[2023-03-03T13:26:20.473+0000] {processor.py:175} INFO - Processing /home/airflow/.local/lib/python3.7/site-packages/airflow/example_dags/example_complex.py took 5.949 seconds
[2023-03-03T13:29:08.207+0000] {processor.py:153} INFO - Started process (PID=344) to work on /home/airflow/.local/lib/python3.7/site-packages/airflow/example_dags/example_complex.py
[2023-03-03T13:29:08.211+0000] {processor.py:743} INFO - Processing file /home/airflow/.local/lib/python3.7/site-packages/airflow/example_dags/example_complex.py for tasks to queue
[2023-03-03T13:29:08.212+0000] {logging_mixin.py:137} INFO - [2023-03-03T13:29:08.211+0000] {dagbag.py:538} INFO - Filling up the DagBag from /home/airflow/.local/lib/python3.7/site-packages/airflow/example_dags/example_complex.py
[2023-03-03T13:29:08.513+0000] {logging_mixin.py:137} INFO - [2023-03-03T13:29:08.482+0000] {taskmixin.py:205} WARNING - Dependency <Task(BashOperator): create_entry_group>, delete_entry_group already registered for DAG: example_complex
[2023-03-03T13:29:08.514+0000] {logging_mixin.py:137} INFO - [2023-03-03T13:29:08.514+0000] {taskmixin.py:205} WARNING - Dependency <Task(BashOperator): delete_entry_group>, create_entry_group already registered for DAG: example_complex
[2023-03-03T13:29:08.515+0000] {logging_mixin.py:137} INFO - [2023-03-03T13:29:08.515+0000] {taskmixin.py:205} WARNING - Dependency <Task(BashOperator): create_entry_gcs>, delete_entry already registered for DAG: example_complex
[2023-03-03T13:29:08.517+0000] {logging_mixin.py:137} INFO - [2023-03-03T13:29:08.516+0000] {taskmixin.py:205} WARNING - Dependency <Task(BashOperator): delete_entry>, create_entry_gcs already registered for DAG: example_complex
[2023-03-03T13:29:08.523+0000] {logging_mixin.py:137} INFO - [2023-03-03T13:29:08.522+0000] {taskmixin.py:205} WARNING - Dependency <Task(BashOperator): create_tag>, delete_tag already registered for DAG: example_complex
[2023-03-03T13:29:08.526+0000] {logging_mixin.py:137} INFO - [2023-03-03T13:29:08.523+0000] {taskmixin.py:205} WARNING - Dependency <Task(BashOperator): delete_tag>, create_tag already registered for DAG: example_complex
[2023-03-03T13:29:08.809+0000] {processor.py:753} INFO - DAG(s) dict_keys(['example_complex']) retrieved from /home/airflow/.local/lib/python3.7/site-packages/airflow/example_dags/example_complex.py
[2023-03-03T13:29:09.653+0000] {logging_mixin.py:137} INFO - [2023-03-03T13:29:09.646+0000] {dag.py:2690} INFO - Sync 1 DAGs
[2023-03-03T13:29:13.339+0000] {logging_mixin.py:137} INFO - [2023-03-03T13:29:13.328+0000] {dag.py:3441} INFO - Setting next_dagrun for example_complex to None, run_after=None
[2023-03-03T13:29:14.641+0000] {processor.py:175} INFO - Processing /home/airflow/.local/lib/python3.7/site-packages/airflow/example_dags/example_complex.py took 6.493 seconds
[2023-03-03T13:30:18.498+0000] {processor.py:153} INFO - Started process (PID=420) to work on /home/airflow/.local/lib/python3.7/site-packages/airflow/example_dags/example_complex.py
[2023-03-03T13:30:18.512+0000] {processor.py:743} INFO - Processing file /home/airflow/.local/lib/python3.7/site-packages/airflow/example_dags/example_complex.py for tasks to queue
[2023-03-03T13:30:18.512+0000] {logging_mixin.py:137} INFO - [2023-03-03T13:30:18.512+0000] {dagbag.py:538} INFO - Filling up the DagBag from /home/airflow/.local/lib/python3.7/site-packages/airflow/example_dags/example_complex.py
[2023-03-03T13:30:18.574+0000] {logging_mixin.py:137} INFO - [2023-03-03T13:30:18.574+0000] {taskmixin.py:205} WARNING - Dependency <Task(BashOperator): create_entry_group>, delete_entry_group already registered for DAG: example_complex
[2023-03-03T13:30:18.587+0000] {logging_mixin.py:137} INFO - [2023-03-03T13:30:18.586+0000] {taskmixin.py:205} WARNING - Dependency <Task(BashOperator): delete_entry_group>, create_entry_group already registered for DAG: example_complex
[2023-03-03T13:30:18.587+0000] {logging_mixin.py:137} INFO - [2023-03-03T13:30:18.587+0000] {taskmixin.py:205} WARNING - Dependency <Task(BashOperator): create_entry_gcs>, delete_entry already registered for DAG: example_complex
[2023-03-03T13:30:18.587+0000] {logging_mixin.py:137} INFO - [2023-03-03T13:30:18.587+0000] {taskmixin.py:205} WARNING - Dependency <Task(BashOperator): delete_entry>, create_entry_gcs already registered for DAG: example_complex
[2023-03-03T13:30:18.588+0000] {logging_mixin.py:137} INFO - [2023-03-03T13:30:18.588+0000] {taskmixin.py:205} WARNING - Dependency <Task(BashOperator): create_tag>, delete_tag already registered for DAG: example_complex
[2023-03-03T13:30:18.588+0000] {logging_mixin.py:137} INFO - [2023-03-03T13:30:18.588+0000] {taskmixin.py:205} WARNING - Dependency <Task(BashOperator): delete_tag>, create_tag already registered for DAG: example_complex
[2023-03-03T13:30:18.628+0000] {processor.py:753} INFO - DAG(s) dict_keys(['example_complex']) retrieved from /home/airflow/.local/lib/python3.7/site-packages/airflow/example_dags/example_complex.py
[2023-03-03T13:30:18.810+0000] {logging_mixin.py:137} INFO - [2023-03-03T13:30:18.809+0000] {dag.py:2690} INFO - Sync 1 DAGs
[2023-03-03T13:30:18.925+0000] {logging_mixin.py:137} INFO - [2023-03-03T13:30:18.925+0000] {dag.py:3441} INFO - Setting next_dagrun for example_complex to None, run_after=None
[2023-03-03T13:30:19.014+0000] {processor.py:175} INFO - Processing /home/airflow/.local/lib/python3.7/site-packages/airflow/example_dags/example_complex.py took 0.522 seconds
[2023-03-03T13:31:54.799+0000] {processor.py:153} INFO - Started process (PID=471) to work on /home/airflow/.local/lib/python3.7/site-packages/airflow/example_dags/example_complex.py
[2023-03-03T13:31:54.811+0000] {processor.py:743} INFO - Processing file /home/airflow/.local/lib/python3.7/site-packages/airflow/example_dags/example_complex.py for tasks to queue
[2023-03-03T13:31:54.813+0000] {logging_mixin.py:137} INFO - [2023-03-03T13:31:54.813+0000] {dagbag.py:538} INFO - Filling up the DagBag from /home/airflow/.local/lib/python3.7/site-packages/airflow/example_dags/example_complex.py
[2023-03-03T13:31:55.733+0000] {logging_mixin.py:137} INFO - [2023-03-03T13:31:55.694+0000] {taskmixin.py:205} WARNING - Dependency <Task(BashOperator): create_entry_group>, delete_entry_group already registered for DAG: example_complex
[2023-03-03T13:31:55.746+0000] {logging_mixin.py:137} INFO - [2023-03-03T13:31:55.739+0000] {taskmixin.py:205} WARNING - Dependency <Task(BashOperator): delete_entry_group>, create_entry_group already registered for DAG: example_complex
[2023-03-03T13:31:55.752+0000] {logging_mixin.py:137} INFO - [2023-03-03T13:31:55.752+0000] {taskmixin.py:205} WARNING - Dependency <Task(BashOperator): create_entry_gcs>, delete_entry already registered for DAG: example_complex
[2023-03-03T13:31:55.752+0000] {logging_mixin.py:137} INFO - [2023-03-03T13:31:55.752+0000] {taskmixin.py:205} WARNING - Dependency <Task(BashOperator): delete_entry>, create_entry_gcs already registered for DAG: example_complex
[2023-03-03T13:31:55.753+0000] {logging_mixin.py:137} INFO - [2023-03-03T13:31:55.753+0000] {taskmixin.py:205} WARNING - Dependency <Task(BashOperator): create_tag>, delete_tag already registered for DAG: example_complex
[2023-03-03T13:31:55.753+0000] {logging_mixin.py:137} INFO - [2023-03-03T13:31:55.753+0000] {taskmixin.py:205} WARNING - Dependency <Task(BashOperator): delete_tag>, create_tag already registered for DAG: example_complex
[2023-03-03T13:31:56.026+0000] {processor.py:753} INFO - DAG(s) dict_keys(['example_complex']) retrieved from /home/airflow/.local/lib/python3.7/site-packages/airflow/example_dags/example_complex.py
[2023-03-03T13:31:57.481+0000] {logging_mixin.py:137} INFO - [2023-03-03T13:31:57.434+0000] {dag.py:2690} INFO - Sync 1 DAGs
[2023-03-03T13:31:59.852+0000] {logging_mixin.py:137} INFO - [2023-03-03T13:31:59.852+0000] {dag.py:3441} INFO - Setting next_dagrun for example_complex to None, run_after=None
[2023-03-03T13:32:00.536+0000] {processor.py:175} INFO - Processing /home/airflow/.local/lib/python3.7/site-packages/airflow/example_dags/example_complex.py took 5.792 seconds
[2023-03-03T13:33:36.577+0000] {processor.py:153} INFO - Started process (PID=546) to work on /home/airflow/.local/lib/python3.7/site-packages/airflow/example_dags/example_complex.py
[2023-03-03T13:33:36.589+0000] {processor.py:743} INFO - Processing file /home/airflow/.local/lib/python3.7/site-packages/airflow/example_dags/example_complex.py for tasks to queue
[2023-03-03T13:33:36.605+0000] {logging_mixin.py:137} INFO - [2023-03-03T13:33:36.605+0000] {dagbag.py:538} INFO - Filling up the DagBag from /home/airflow/.local/lib/python3.7/site-packages/airflow/example_dags/example_complex.py
[2023-03-03T13:33:36.774+0000] {logging_mixin.py:137} INFO - [2023-03-03T13:33:36.760+0000] {taskmixin.py:205} WARNING - Dependency <Task(BashOperator): create_entry_group>, delete_entry_group already registered for DAG: example_complex
[2023-03-03T13:33:36.774+0000] {logging_mixin.py:137} INFO - [2023-03-03T13:33:36.774+0000] {taskmixin.py:205} WARNING - Dependency <Task(BashOperator): delete_entry_group>, create_entry_group already registered for DAG: example_complex
[2023-03-03T13:33:36.775+0000] {logging_mixin.py:137} INFO - [2023-03-03T13:33:36.775+0000] {taskmixin.py:205} WARNING - Dependency <Task(BashOperator): create_entry_gcs>, delete_entry already registered for DAG: example_complex
[2023-03-03T13:33:36.775+0000] {logging_mixin.py:137} INFO - [2023-03-03T13:33:36.775+0000] {taskmixin.py:205} WARNING - Dependency <Task(BashOperator): delete_entry>, create_entry_gcs already registered for DAG: example_complex
[2023-03-03T13:33:36.775+0000] {logging_mixin.py:137} INFO - [2023-03-03T13:33:36.775+0000] {taskmixin.py:205} WARNING - Dependency <Task(BashOperator): create_tag>, delete_tag already registered for DAG: example_complex
[2023-03-03T13:33:36.776+0000] {logging_mixin.py:137} INFO - [2023-03-03T13:33:36.776+0000] {taskmixin.py:205} WARNING - Dependency <Task(BashOperator): delete_tag>, create_tag already registered for DAG: example_complex
[2023-03-03T13:33:37.055+0000] {processor.py:753} INFO - DAG(s) dict_keys(['example_complex']) retrieved from /home/airflow/.local/lib/python3.7/site-packages/airflow/example_dags/example_complex.py
[2023-03-03T13:33:41.140+0000] {logging_mixin.py:137} INFO - [2023-03-03T13:33:41.120+0000] {dag.py:2690} INFO - Sync 1 DAGs
[2023-03-03T13:33:43.260+0000] {logging_mixin.py:137} INFO - [2023-03-03T13:33:43.260+0000] {dag.py:3441} INFO - Setting next_dagrun for example_complex to None, run_after=None
[2023-03-03T13:33:44.896+0000] {processor.py:175} INFO - Processing /home/airflow/.local/lib/python3.7/site-packages/airflow/example_dags/example_complex.py took 8.366 seconds
