[2023-03-03T13:20:43.868+0000] {processor.py:153} INFO - Started process (PID=81) to work on /home/airflow/.local/lib/python3.7/site-packages/airflow/example_dags/example_latest_only.py
[2023-03-03T13:20:43.869+0000] {processor.py:743} INFO - Processing file /home/airflow/.local/lib/python3.7/site-packages/airflow/example_dags/example_latest_only.py for tasks to queue
[2023-03-03T13:20:43.870+0000] {logging_mixin.py:137} INFO - [2023-03-03T13:20:43.870+0000] {dagbag.py:538} INFO - Filling up the DagBag from /home/airflow/.local/lib/python3.7/site-packages/airflow/example_dags/example_latest_only.py
[2023-03-03T13:20:43.906+0000] {processor.py:753} INFO - DAG(s) dict_keys(['latest_only']) retrieved from /home/airflow/.local/lib/python3.7/site-packages/airflow/example_dags/example_latest_only.py
[2023-03-03T13:20:43.995+0000] {logging_mixin.py:137} INFO - [2023-03-03T13:20:43.995+0000] {dag.py:2690} INFO - Sync 1 DAGs
[2023-03-03T13:20:44.052+0000] {logging_mixin.py:137} INFO - [2023-03-03T13:20:44.052+0000] {dag.py:3441} INFO - Setting next_dagrun for latest_only to 2023-03-03T09:20:44.051942+00:00, run_after=2023-03-03T13:20:44.051942+00:00
[2023-03-03T13:20:44.084+0000] {processor.py:175} INFO - Processing /home/airflow/.local/lib/python3.7/site-packages/airflow/example_dags/example_latest_only.py took 0.223 seconds
[2023-03-03T13:25:13.899+0000] {processor.py:153} INFO - Started process (PID=201) to work on /home/airflow/.local/lib/python3.7/site-packages/airflow/example_dags/example_latest_only.py
[2023-03-03T13:25:13.911+0000] {processor.py:743} INFO - Processing file /home/airflow/.local/lib/python3.7/site-packages/airflow/example_dags/example_latest_only.py for tasks to queue
[2023-03-03T13:25:13.930+0000] {logging_mixin.py:137} INFO - [2023-03-03T13:25:13.929+0000] {dagbag.py:538} INFO - Filling up the DagBag from /home/airflow/.local/lib/python3.7/site-packages/airflow/example_dags/example_latest_only.py
[2023-03-03T13:25:14.525+0000] {processor.py:753} INFO - DAG(s) dict_keys(['latest_only']) retrieved from /home/airflow/.local/lib/python3.7/site-packages/airflow/example_dags/example_latest_only.py
[2023-03-03T13:25:19.168+0000] {logging_mixin.py:137} INFO - [2023-03-03T13:25:19.168+0000] {dag.py:2690} INFO - Sync 1 DAGs
[2023-03-03T13:25:19.913+0000] {logging_mixin.py:137} INFO - [2023-03-03T13:25:19.874+0000] {dag.py:3441} INFO - Setting next_dagrun for latest_only to 2023-03-03T09:25:19.849203+00:00, run_after=2023-03-03T13:25:19.849203+00:00
[2023-03-03T13:25:21.764+0000] {processor.py:175} INFO - Processing /home/airflow/.local/lib/python3.7/site-packages/airflow/example_dags/example_latest_only.py took 7.944 seconds
[2023-03-03T13:30:12.851+0000] {processor.py:153} INFO - Started process (PID=397) to work on /home/airflow/.local/lib/python3.7/site-packages/airflow/example_dags/example_latest_only.py
[2023-03-03T13:30:12.860+0000] {processor.py:743} INFO - Processing file /home/airflow/.local/lib/python3.7/site-packages/airflow/example_dags/example_latest_only.py for tasks to queue
[2023-03-03T13:30:12.862+0000] {logging_mixin.py:137} INFO - [2023-03-03T13:30:12.862+0000] {dagbag.py:538} INFO - Filling up the DagBag from /home/airflow/.local/lib/python3.7/site-packages/airflow/example_dags/example_latest_only.py
[2023-03-03T13:30:13.018+0000] {processor.py:753} INFO - DAG(s) dict_keys(['latest_only']) retrieved from /home/airflow/.local/lib/python3.7/site-packages/airflow/example_dags/example_latest_only.py
[2023-03-03T13:30:13.439+0000] {logging_mixin.py:137} INFO - [2023-03-03T13:30:13.436+0000] {dag.py:2690} INFO - Sync 1 DAGs
[2023-03-03T13:30:13.692+0000] {logging_mixin.py:137} INFO - [2023-03-03T13:30:13.691+0000] {dag.py:3441} INFO - Setting next_dagrun for latest_only to 2023-03-03T09:30:13.691592+00:00, run_after=2023-03-03T13:30:13.691592+00:00
[2023-03-03T13:30:13.856+0000] {processor.py:175} INFO - Processing /home/airflow/.local/lib/python3.7/site-packages/airflow/example_dags/example_latest_only.py took 1.015 seconds
[2023-03-03T13:32:50.192+0000] {processor.py:153} INFO - Started process (PID=512) to work on /home/airflow/.local/lib/python3.7/site-packages/airflow/example_dags/example_latest_only.py
[2023-03-03T13:32:50.197+0000] {processor.py:743} INFO - Processing file /home/airflow/.local/lib/python3.7/site-packages/airflow/example_dags/example_latest_only.py for tasks to queue
[2023-03-03T13:32:50.201+0000] {logging_mixin.py:137} INFO - [2023-03-03T13:32:50.201+0000] {dagbag.py:538} INFO - Filling up the DagBag from /home/airflow/.local/lib/python3.7/site-packages/airflow/example_dags/example_latest_only.py
[2023-03-03T13:32:53.083+0000] {processor.py:753} INFO - DAG(s) dict_keys(['latest_only']) retrieved from /home/airflow/.local/lib/python3.7/site-packages/airflow/example_dags/example_latest_only.py
[2023-03-03T13:32:53.755+0000] {logging_mixin.py:137} INFO - [2023-03-03T13:32:53.744+0000] {dag.py:2690} INFO - Sync 1 DAGs
[2023-03-03T13:32:54.799+0000] {logging_mixin.py:137} INFO - [2023-03-03T13:32:54.467+0000] {dag.py:3441} INFO - Setting next_dagrun for latest_only to 2023-03-03T09:32:54.456694+00:00, run_after=2023-03-03T13:32:54.456694+00:00
[2023-03-03T13:32:55.104+0000] {processor.py:175} INFO - Processing /home/airflow/.local/lib/python3.7/site-packages/airflow/example_dags/example_latest_only.py took 4.931 seconds
