[2023-03-03T13:20:41.065+0000] {processor.py:153} INFO - Started process (PID=66) to work on /home/airflow/.local/lib/python3.7/site-packages/airflow/example_dags/tutorial_dag.py
[2023-03-03T13:20:41.066+0000] {processor.py:743} INFO - Processing file /home/airflow/.local/lib/python3.7/site-packages/airflow/example_dags/tutorial_dag.py for tasks to queue
[2023-03-03T13:20:41.067+0000] {logging_mixin.py:137} INFO - [2023-03-03T13:20:41.067+0000] {dagbag.py:538} INFO - Filling up the DagBag from /home/airflow/.local/lib/python3.7/site-packages/airflow/example_dags/tutorial_dag.py
[2023-03-03T13:20:41.089+0000] {processor.py:753} INFO - DAG(s) dict_keys(['tutorial_dag']) retrieved from /home/airflow/.local/lib/python3.7/site-packages/airflow/example_dags/tutorial_dag.py
[2023-03-03T13:20:41.136+0000] {logging_mixin.py:137} INFO - [2023-03-03T13:20:41.134+0000] {dag.py:2690} INFO - Sync 1 DAGs
[2023-03-03T13:20:41.183+0000] {logging_mixin.py:137} INFO - [2023-03-03T13:20:41.183+0000] {dag.py:3441} INFO - Setting next_dagrun for tutorial_dag to None, run_after=None
[2023-03-03T13:20:41.219+0000] {processor.py:175} INFO - Processing /home/airflow/.local/lib/python3.7/site-packages/airflow/example_dags/tutorial_dag.py took 0.160 seconds
[2023-03-03T13:22:36.398+0000] {processor.py:153} INFO - Started process (PID=147) to work on /home/airflow/.local/lib/python3.7/site-packages/airflow/example_dags/tutorial_dag.py
[2023-03-03T13:22:36.404+0000] {processor.py:743} INFO - Processing file /home/airflow/.local/lib/python3.7/site-packages/airflow/example_dags/tutorial_dag.py for tasks to queue
[2023-03-03T13:22:36.405+0000] {logging_mixin.py:137} INFO - [2023-03-03T13:22:36.404+0000] {dagbag.py:538} INFO - Filling up the DagBag from /home/airflow/.local/lib/python3.7/site-packages/airflow/example_dags/tutorial_dag.py
[2023-03-03T13:22:36.576+0000] {processor.py:753} INFO - DAG(s) dict_keys(['tutorial_dag']) retrieved from /home/airflow/.local/lib/python3.7/site-packages/airflow/example_dags/tutorial_dag.py
[2023-03-03T13:22:36.831+0000] {logging_mixin.py:137} INFO - [2023-03-03T13:22:36.825+0000] {dag.py:2690} INFO - Sync 1 DAGs
[2023-03-03T13:22:37.141+0000] {logging_mixin.py:137} INFO - [2023-03-03T13:22:37.132+0000] {dag.py:3441} INFO - Setting next_dagrun for tutorial_dag to None, run_after=None
[2023-03-03T13:23:11.262+0000] {processor.py:175} INFO - Processing /home/airflow/.local/lib/python3.7/site-packages/airflow/example_dags/tutorial_dag.py took 33.647 seconds
[2023-03-03T13:26:59.096+0000] {processor.py:153} INFO - Started process (PID=279) to work on /home/airflow/.local/lib/python3.7/site-packages/airflow/example_dags/tutorial_dag.py
[2023-03-03T13:26:59.119+0000] {processor.py:743} INFO - Processing file /home/airflow/.local/lib/python3.7/site-packages/airflow/example_dags/tutorial_dag.py for tasks to queue
[2023-03-03T13:26:59.120+0000] {logging_mixin.py:137} INFO - [2023-03-03T13:26:59.120+0000] {dagbag.py:538} INFO - Filling up the DagBag from /home/airflow/.local/lib/python3.7/site-packages/airflow/example_dags/tutorial_dag.py
[2023-03-03T13:26:59.388+0000] {processor.py:753} INFO - DAG(s) dict_keys(['tutorial_dag']) retrieved from /home/airflow/.local/lib/python3.7/site-packages/airflow/example_dags/tutorial_dag.py
[2023-03-03T13:27:00.739+0000] {logging_mixin.py:137} INFO - [2023-03-03T13:27:00.599+0000] {dag.py:2690} INFO - Sync 1 DAGs
[2023-03-03T13:27:05.293+0000] {logging_mixin.py:137} INFO - [2023-03-03T13:27:05.286+0000] {dag.py:3441} INFO - Setting next_dagrun for tutorial_dag to None, run_after=None
[2023-03-03T13:27:05.702+0000] {processor.py:175} INFO - Processing /home/airflow/.local/lib/python3.7/site-packages/airflow/example_dags/tutorial_dag.py took 6.687 seconds
[2023-03-03T13:29:50.768+0000] {processor.py:153} INFO - Started process (PID=372) to work on /home/airflow/.local/lib/python3.7/site-packages/airflow/example_dags/tutorial_dag.py
[2023-03-03T13:29:50.776+0000] {processor.py:743} INFO - Processing file /home/airflow/.local/lib/python3.7/site-packages/airflow/example_dags/tutorial_dag.py for tasks to queue
[2023-03-03T13:29:50.816+0000] {logging_mixin.py:137} INFO - [2023-03-03T13:29:50.809+0000] {dagbag.py:538} INFO - Filling up the DagBag from /home/airflow/.local/lib/python3.7/site-packages/airflow/example_dags/tutorial_dag.py
[2023-03-03T13:29:52.182+0000] {processor.py:753} INFO - DAG(s) dict_keys(['tutorial_dag']) retrieved from /home/airflow/.local/lib/python3.7/site-packages/airflow/example_dags/tutorial_dag.py
[2023-03-03T13:29:52.823+0000] {logging_mixin.py:137} INFO - [2023-03-03T13:29:52.813+0000] {dag.py:2690} INFO - Sync 1 DAGs
[2023-03-03T13:29:53.127+0000] {logging_mixin.py:137} INFO - [2023-03-03T13:29:53.126+0000] {dag.py:3441} INFO - Setting next_dagrun for tutorial_dag to None, run_after=None
[2023-03-03T13:29:53.382+0000] {processor.py:175} INFO - Processing /home/airflow/.local/lib/python3.7/site-packages/airflow/example_dags/tutorial_dag.py took 2.642 seconds
[2023-03-03T13:32:21.453+0000] {processor.py:153} INFO - Started process (PID=483) to work on /home/airflow/.local/lib/python3.7/site-packages/airflow/example_dags/tutorial_dag.py
[2023-03-03T13:32:21.468+0000] {processor.py:743} INFO - Processing file /home/airflow/.local/lib/python3.7/site-packages/airflow/example_dags/tutorial_dag.py for tasks to queue
[2023-03-03T13:32:21.468+0000] {logging_mixin.py:137} INFO - [2023-03-03T13:32:21.468+0000] {dagbag.py:538} INFO - Filling up the DagBag from /home/airflow/.local/lib/python3.7/site-packages/airflow/example_dags/tutorial_dag.py
[2023-03-03T13:32:22.218+0000] {processor.py:753} INFO - DAG(s) dict_keys(['tutorial_dag']) retrieved from /home/airflow/.local/lib/python3.7/site-packages/airflow/example_dags/tutorial_dag.py
[2023-03-03T13:32:29.306+0000] {logging_mixin.py:137} INFO - [2023-03-03T13:32:29.297+0000] {dag.py:2690} INFO - Sync 1 DAGs
[2023-03-03T13:32:29.979+0000] {logging_mixin.py:137} INFO - [2023-03-03T13:32:29.957+0000] {dag.py:3441} INFO - Setting next_dagrun for tutorial_dag to None, run_after=None
[2023-03-03T13:32:30.767+0000] {processor.py:175} INFO - Processing /home/airflow/.local/lib/python3.7/site-packages/airflow/example_dags/tutorial_dag.py took 9.405 seconds
