[2023-03-03T13:20:38.910+0000] {processor.py:153} INFO - Started process (PID=49) to work on /home/airflow/.local/lib/python3.7/site-packages/airflow/example_dags/tutorial.py
[2023-03-03T13:20:38.911+0000] {processor.py:743} INFO - Processing file /home/airflow/.local/lib/python3.7/site-packages/airflow/example_dags/tutorial.py for tasks to queue
[2023-03-03T13:20:38.912+0000] {logging_mixin.py:137} INFO - [2023-03-03T13:20:38.912+0000] {dagbag.py:538} INFO - Filling up the DagBag from /home/airflow/.local/lib/python3.7/site-packages/airflow/example_dags/tutorial.py
[2023-03-03T13:20:38.935+0000] {processor.py:753} INFO - DAG(s) dict_keys(['tutorial']) retrieved from /home/airflow/.local/lib/python3.7/site-packages/airflow/example_dags/tutorial.py
[2023-03-03T13:20:38.991+0000] {logging_mixin.py:137} INFO - [2023-03-03T13:20:38.991+0000] {dag.py:2690} INFO - Sync 1 DAGs
[2023-03-03T13:20:39.033+0000] {logging_mixin.py:137} INFO - [2023-03-03T13:20:39.033+0000] {dag.py:3441} INFO - Setting next_dagrun for tutorial to 2023-03-02T13:20:39.033063+00:00, run_after=2023-03-03T13:20:39.033063+00:00
[2023-03-03T13:20:39.063+0000] {processor.py:175} INFO - Processing /home/airflow/.local/lib/python3.7/site-packages/airflow/example_dags/tutorial.py took 0.158 seconds
[2023-03-03T13:21:24.411+0000] {processor.py:153} INFO - Started process (PID=107) to work on /home/airflow/.local/lib/python3.7/site-packages/airflow/example_dags/tutorial.py
[2023-03-03T13:21:24.425+0000] {processor.py:743} INFO - Processing file /home/airflow/.local/lib/python3.7/site-packages/airflow/example_dags/tutorial.py for tasks to queue
[2023-03-03T13:21:24.426+0000] {logging_mixin.py:137} INFO - [2023-03-03T13:21:24.426+0000] {dagbag.py:538} INFO - Filling up the DagBag from /home/airflow/.local/lib/python3.7/site-packages/airflow/example_dags/tutorial.py
[2023-03-03T13:21:24.529+0000] {processor.py:753} INFO - DAG(s) dict_keys(['tutorial']) retrieved from /home/airflow/.local/lib/python3.7/site-packages/airflow/example_dags/tutorial.py
[2023-03-03T13:21:24.664+0000] {logging_mixin.py:137} INFO - [2023-03-03T13:21:24.664+0000] {dag.py:2690} INFO - Sync 1 DAGs
[2023-03-03T13:21:24.867+0000] {logging_mixin.py:137} INFO - [2023-03-03T13:21:24.866+0000] {dag.py:3441} INFO - Setting next_dagrun for tutorial to 2023-03-02T13:21:24.866545+00:00, run_after=2023-03-03T13:21:24.866545+00:00
[2023-03-03T13:21:24.974+0000] {processor.py:175} INFO - Processing /home/airflow/.local/lib/python3.7/site-packages/airflow/example_dags/tutorial.py took 0.595 seconds
[2023-03-03T13:25:30.191+0000] {processor.py:153} INFO - Started process (PID=218) to work on /home/airflow/.local/lib/python3.7/site-packages/airflow/example_dags/tutorial.py
[2023-03-03T13:25:30.252+0000] {processor.py:743} INFO - Processing file /home/airflow/.local/lib/python3.7/site-packages/airflow/example_dags/tutorial.py for tasks to queue
[2023-03-03T13:25:30.264+0000] {logging_mixin.py:137} INFO - [2023-03-03T13:25:30.264+0000] {dagbag.py:538} INFO - Filling up the DagBag from /home/airflow/.local/lib/python3.7/site-packages/airflow/example_dags/tutorial.py
[2023-03-03T13:25:35.655+0000] {processor.py:753} INFO - DAG(s) dict_keys(['tutorial']) retrieved from /home/airflow/.local/lib/python3.7/site-packages/airflow/example_dags/tutorial.py
[2023-03-03T13:25:42.562+0000] {logging_mixin.py:137} INFO - [2023-03-03T13:25:42.553+0000] {dag.py:2690} INFO - Sync 1 DAGs
[2023-03-03T13:25:47.139+0000] {logging_mixin.py:137} INFO - [2023-03-03T13:25:47.139+0000] {dag.py:3441} INFO - Setting next_dagrun for tutorial to 2023-03-02T13:25:47.129849+00:00, run_after=2023-03-03T13:25:47.129849+00:00
[2023-03-03T13:25:47.750+0000] {processor.py:175} INFO - Processing /home/airflow/.local/lib/python3.7/site-packages/airflow/example_dags/tutorial.py took 17.739 seconds
[2023-03-03T13:28:19.772+0000] {processor.py:153} INFO - Started process (PID=326) to work on /home/airflow/.local/lib/python3.7/site-packages/airflow/example_dags/tutorial.py
[2023-03-03T13:28:19.820+0000] {processor.py:743} INFO - Processing file /home/airflow/.local/lib/python3.7/site-packages/airflow/example_dags/tutorial.py for tasks to queue
[2023-03-03T13:28:19.830+0000] {logging_mixin.py:137} INFO - [2023-03-03T13:28:19.830+0000] {dagbag.py:538} INFO - Filling up the DagBag from /home/airflow/.local/lib/python3.7/site-packages/airflow/example_dags/tutorial.py
[2023-03-03T13:28:20.280+0000] {processor.py:753} INFO - DAG(s) dict_keys(['tutorial']) retrieved from /home/airflow/.local/lib/python3.7/site-packages/airflow/example_dags/tutorial.py
[2023-03-03T13:28:20.820+0000] {logging_mixin.py:137} INFO - [2023-03-03T13:28:20.820+0000] {dag.py:2690} INFO - Sync 1 DAGs
[2023-03-03T13:28:37.831+0000] {logging_mixin.py:137} INFO - [2023-03-03T13:28:37.831+0000] {dag.py:3441} INFO - Setting next_dagrun for tutorial to 2023-03-02T13:28:37.802779+00:00, run_after=2023-03-03T13:28:37.802779+00:00
[2023-03-03T13:28:39.075+0000] {processor.py:175} INFO - Processing /home/airflow/.local/lib/python3.7/site-packages/airflow/example_dags/tutorial.py took 19.309 seconds
[2023-03-03T13:30:16.045+0000] {processor.py:153} INFO - Started process (PID=412) to work on /home/airflow/.local/lib/python3.7/site-packages/airflow/example_dags/tutorial.py
[2023-03-03T13:30:16.074+0000] {processor.py:743} INFO - Processing file /home/airflow/.local/lib/python3.7/site-packages/airflow/example_dags/tutorial.py for tasks to queue
[2023-03-03T13:30:16.088+0000] {logging_mixin.py:137} INFO - [2023-03-03T13:30:16.088+0000] {dagbag.py:538} INFO - Filling up the DagBag from /home/airflow/.local/lib/python3.7/site-packages/airflow/example_dags/tutorial.py
[2023-03-03T13:30:16.284+0000] {processor.py:753} INFO - DAG(s) dict_keys(['tutorial']) retrieved from /home/airflow/.local/lib/python3.7/site-packages/airflow/example_dags/tutorial.py
[2023-03-03T13:30:16.546+0000] {logging_mixin.py:137} INFO - [2023-03-03T13:30:16.542+0000] {dag.py:2690} INFO - Sync 1 DAGs
[2023-03-03T13:30:16.742+0000] {logging_mixin.py:137} INFO - [2023-03-03T13:30:16.741+0000] {dag.py:3441} INFO - Setting next_dagrun for tutorial to 2023-03-02T13:30:16.741605+00:00, run_after=2023-03-03T13:30:16.741605+00:00
[2023-03-03T13:30:16.914+0000] {processor.py:175} INFO - Processing /home/airflow/.local/lib/python3.7/site-packages/airflow/example_dags/tutorial.py took 0.906 seconds
[2023-03-03T13:31:27.858+0000] {processor.py:153} INFO - Started process (PID=455) to work on /home/airflow/.local/lib/python3.7/site-packages/airflow/example_dags/tutorial.py
[2023-03-03T13:31:27.864+0000] {processor.py:743} INFO - Processing file /home/airflow/.local/lib/python3.7/site-packages/airflow/example_dags/tutorial.py for tasks to queue
[2023-03-03T13:31:27.870+0000] {logging_mixin.py:137} INFO - [2023-03-03T13:31:27.870+0000] {dagbag.py:538} INFO - Filling up the DagBag from /home/airflow/.local/lib/python3.7/site-packages/airflow/example_dags/tutorial.py
[2023-03-03T13:31:28.756+0000] {processor.py:753} INFO - DAG(s) dict_keys(['tutorial']) retrieved from /home/airflow/.local/lib/python3.7/site-packages/airflow/example_dags/tutorial.py
[2023-03-03T13:31:29.425+0000] {logging_mixin.py:137} INFO - [2023-03-03T13:31:29.416+0000] {dag.py:2690} INFO - Sync 1 DAGs
[2023-03-03T13:31:31.619+0000] {logging_mixin.py:137} INFO - [2023-03-03T13:31:31.612+0000] {dag.py:3441} INFO - Setting next_dagrun for tutorial to 2023-03-02T13:31:31.603809+00:00, run_after=2023-03-03T13:31:31.603809+00:00
[2023-03-03T13:31:32.698+0000] {processor.py:175} INFO - Processing /home/airflow/.local/lib/python3.7/site-packages/airflow/example_dags/tutorial.py took 4.856 seconds
[2023-03-03T13:33:18.300+0000] {processor.py:153} INFO - Started process (PID=531) to work on /home/airflow/.local/lib/python3.7/site-packages/airflow/example_dags/tutorial.py
[2023-03-03T13:33:18.320+0000] {processor.py:743} INFO - Processing file /home/airflow/.local/lib/python3.7/site-packages/airflow/example_dags/tutorial.py for tasks to queue
[2023-03-03T13:33:18.321+0000] {logging_mixin.py:137} INFO - [2023-03-03T13:33:18.321+0000] {dagbag.py:538} INFO - Filling up the DagBag from /home/airflow/.local/lib/python3.7/site-packages/airflow/example_dags/tutorial.py
[2023-03-03T13:33:18.565+0000] {processor.py:753} INFO - DAG(s) dict_keys(['tutorial']) retrieved from /home/airflow/.local/lib/python3.7/site-packages/airflow/example_dags/tutorial.py
[2023-03-03T13:33:19.140+0000] {logging_mixin.py:137} INFO - [2023-03-03T13:33:19.140+0000] {dag.py:2690} INFO - Sync 1 DAGs
[2023-03-03T13:33:19.585+0000] {logging_mixin.py:137} INFO - [2023-03-03T13:33:19.585+0000] {dag.py:3441} INFO - Setting next_dagrun for tutorial to 2023-03-02T13:33:19.584994+00:00, run_after=2023-03-03T13:33:19.584994+00:00
[2023-03-03T13:33:20.004+0000] {processor.py:175} INFO - Processing /home/airflow/.local/lib/python3.7/site-packages/airflow/example_dags/tutorial.py took 1.756 seconds
