[2023-03-03T13:20:41.474+0000] {processor.py:153} INFO - Started process (PID=70) to work on /home/airflow/.local/lib/python3.7/site-packages/airflow/example_dags/tutorial_taskflow_api_virtualenv.py
[2023-03-03T13:20:41.475+0000] {processor.py:743} INFO - Processing file /home/airflow/.local/lib/python3.7/site-packages/airflow/example_dags/tutorial_taskflow_api_virtualenv.py for tasks to queue
[2023-03-03T13:20:41.476+0000] {logging_mixin.py:137} INFO - [2023-03-03T13:20:41.476+0000] {dagbag.py:538} INFO - Filling up the DagBag from /home/airflow/.local/lib/python3.7/site-packages/airflow/example_dags/tutorial_taskflow_api_virtualenv.py
[2023-03-03T13:20:41.510+0000] {processor.py:753} INFO - DAG(s) dict_keys(['tutorial_taskflow_api_virtualenv']) retrieved from /home/airflow/.local/lib/python3.7/site-packages/airflow/example_dags/tutorial_taskflow_api_virtualenv.py
[2023-03-03T13:20:41.582+0000] {logging_mixin.py:137} INFO - [2023-03-03T13:20:41.582+0000] {dag.py:2690} INFO - Sync 1 DAGs
[2023-03-03T13:20:41.643+0000] {logging_mixin.py:137} INFO - [2023-03-03T13:20:41.643+0000] {dag.py:3441} INFO - Setting next_dagrun for tutorial_taskflow_api_virtualenv to None, run_after=None
[2023-03-03T13:20:41.700+0000] {processor.py:175} INFO - Processing /home/airflow/.local/lib/python3.7/site-packages/airflow/example_dags/tutorial_taskflow_api_virtualenv.py took 0.230 seconds
[2023-03-03T13:24:07.953+0000] {processor.py:153} INFO - Started process (PID=161) to work on /home/airflow/.local/lib/python3.7/site-packages/airflow/example_dags/tutorial_taskflow_api_virtualenv.py
[2023-03-03T13:24:07.986+0000] {processor.py:743} INFO - Processing file /home/airflow/.local/lib/python3.7/site-packages/airflow/example_dags/tutorial_taskflow_api_virtualenv.py for tasks to queue
[2023-03-03T13:24:07.988+0000] {logging_mixin.py:137} INFO - [2023-03-03T13:24:07.987+0000] {dagbag.py:538} INFO - Filling up the DagBag from /home/airflow/.local/lib/python3.7/site-packages/airflow/example_dags/tutorial_taskflow_api_virtualenv.py
[2023-03-03T13:24:08.394+0000] {processor.py:753} INFO - DAG(s) dict_keys(['tutorial_taskflow_api_virtualenv']) retrieved from /home/airflow/.local/lib/python3.7/site-packages/airflow/example_dags/tutorial_taskflow_api_virtualenv.py
[2023-03-03T13:24:10.878+0000] {logging_mixin.py:137} INFO - [2023-03-03T13:24:10.864+0000] {dag.py:2690} INFO - Sync 1 DAGs
[2023-03-03T13:24:11.311+0000] {logging_mixin.py:137} INFO - [2023-03-03T13:24:11.311+0000] {dag.py:3441} INFO - Setting next_dagrun for tutorial_taskflow_api_virtualenv to None, run_after=None
[2023-03-03T13:24:11.673+0000] {processor.py:175} INFO - Processing /home/airflow/.local/lib/python3.7/site-packages/airflow/example_dags/tutorial_taskflow_api_virtualenv.py took 3.730 seconds
[2023-03-03T13:27:20.382+0000] {processor.py:153} INFO - Started process (PID=295) to work on /home/airflow/.local/lib/python3.7/site-packages/airflow/example_dags/tutorial_taskflow_api_virtualenv.py
[2023-03-03T13:27:20.508+0000] {processor.py:743} INFO - Processing file /home/airflow/.local/lib/python3.7/site-packages/airflow/example_dags/tutorial_taskflow_api_virtualenv.py for tasks to queue
[2023-03-03T13:27:20.687+0000] {logging_mixin.py:137} INFO - [2023-03-03T13:27:20.563+0000] {dagbag.py:538} INFO - Filling up the DagBag from /home/airflow/.local/lib/python3.7/site-packages/airflow/example_dags/tutorial_taskflow_api_virtualenv.py
[2023-03-03T13:27:26.798+0000] {processor.py:753} INFO - DAG(s) dict_keys(['tutorial_taskflow_api_virtualenv']) retrieved from /home/airflow/.local/lib/python3.7/site-packages/airflow/example_dags/tutorial_taskflow_api_virtualenv.py
[2023-03-03T13:27:29.770+0000] {logging_mixin.py:137} INFO - [2023-03-03T13:27:29.729+0000] {dag.py:2690} INFO - Sync 1 DAGs
[2023-03-03T13:27:32.169+0000] {logging_mixin.py:137} INFO - [2023-03-03T13:27:31.342+0000] {dag.py:3441} INFO - Setting next_dagrun for tutorial_taskflow_api_virtualenv to None, run_after=None
[2023-03-03T13:27:35.117+0000] {processor.py:175} INFO - Processing /home/airflow/.local/lib/python3.7/site-packages/airflow/example_dags/tutorial_taskflow_api_virtualenv.py took 14.826 seconds
[2023-03-03T13:29:55.968+0000] {processor.py:153} INFO - Started process (PID=379) to work on /home/airflow/.local/lib/python3.7/site-packages/airflow/example_dags/tutorial_taskflow_api_virtualenv.py
[2023-03-03T13:29:55.970+0000] {processor.py:743} INFO - Processing file /home/airflow/.local/lib/python3.7/site-packages/airflow/example_dags/tutorial_taskflow_api_virtualenv.py for tasks to queue
[2023-03-03T13:29:55.971+0000] {logging_mixin.py:137} INFO - [2023-03-03T13:29:55.971+0000] {dagbag.py:538} INFO - Filling up the DagBag from /home/airflow/.local/lib/python3.7/site-packages/airflow/example_dags/tutorial_taskflow_api_virtualenv.py
[2023-03-03T13:29:58.191+0000] {processor.py:753} INFO - DAG(s) dict_keys(['tutorial_taskflow_api_virtualenv']) retrieved from /home/airflow/.local/lib/python3.7/site-packages/airflow/example_dags/tutorial_taskflow_api_virtualenv.py
[2023-03-03T13:30:05.514+0000] {logging_mixin.py:137} INFO - [2023-03-03T13:30:05.511+0000] {dag.py:2690} INFO - Sync 1 DAGs
[2023-03-03T13:30:05.946+0000] {logging_mixin.py:137} INFO - [2023-03-03T13:30:05.930+0000] {dag.py:3441} INFO - Setting next_dagrun for tutorial_taskflow_api_virtualenv to None, run_after=None
[2023-03-03T13:30:06.196+0000] {processor.py:175} INFO - Processing /home/airflow/.local/lib/python3.7/site-packages/airflow/example_dags/tutorial_taskflow_api_virtualenv.py took 10.234 seconds
[2023-03-03T13:32:33.210+0000] {processor.py:153} INFO - Started process (PID=497) to work on /home/airflow/.local/lib/python3.7/site-packages/airflow/example_dags/tutorial_taskflow_api_virtualenv.py
[2023-03-03T13:32:33.220+0000] {processor.py:743} INFO - Processing file /home/airflow/.local/lib/python3.7/site-packages/airflow/example_dags/tutorial_taskflow_api_virtualenv.py for tasks to queue
[2023-03-03T13:32:33.221+0000] {logging_mixin.py:137} INFO - [2023-03-03T13:32:33.221+0000] {dagbag.py:538} INFO - Filling up the DagBag from /home/airflow/.local/lib/python3.7/site-packages/airflow/example_dags/tutorial_taskflow_api_virtualenv.py
[2023-03-03T13:32:33.448+0000] {processor.py:753} INFO - DAG(s) dict_keys(['tutorial_taskflow_api_virtualenv']) retrieved from /home/airflow/.local/lib/python3.7/site-packages/airflow/example_dags/tutorial_taskflow_api_virtualenv.py
[2023-03-03T13:32:33.625+0000] {logging_mixin.py:137} INFO - [2023-03-03T13:32:33.624+0000] {dag.py:2690} INFO - Sync 1 DAGs
[2023-03-03T13:32:33.785+0000] {logging_mixin.py:137} INFO - [2023-03-03T13:32:33.785+0000] {dag.py:3441} INFO - Setting next_dagrun for tutorial_taskflow_api_virtualenv to None, run_after=None
[2023-03-03T13:32:33.986+0000] {processor.py:175} INFO - Processing /home/airflow/.local/lib/python3.7/site-packages/airflow/example_dags/tutorial_taskflow_api_virtualenv.py took 0.799 seconds
