[2023-03-03T15:56:25.036+0000] {taskinstance.py:1083} INFO - Dependencies all met for <TaskInstance: python_operator.hello_with_python manual__2023-03-03T15:56:24.214509+00:00 [queued]>
[2023-03-03T15:56:25.047+0000] {taskinstance.py:1083} INFO - Dependencies all met for <TaskInstance: python_operator.hello_with_python manual__2023-03-03T15:56:24.214509+00:00 [queued]>
[2023-03-03T15:56:25.047+0000] {taskinstance.py:1279} INFO - 
--------------------------------------------------------------------------------
[2023-03-03T15:56:25.047+0000] {taskinstance.py:1280} INFO - Starting attempt 1 of 1
[2023-03-03T15:56:25.047+0000] {taskinstance.py:1281} INFO - 
--------------------------------------------------------------------------------
[2023-03-03T15:56:25.063+0000] {taskinstance.py:1300} INFO - Executing <Task(PythonOperator): hello_with_python> on 2023-03-03 15:56:24.214509+00:00
[2023-03-03T15:56:25.067+0000] {standard_task_runner.py:55} INFO - Started process 6975 to run task
[2023-03-03T15:56:25.070+0000] {standard_task_runner.py:82} INFO - Running: ['***', 'tasks', 'run', 'python_operator', 'hello_with_python', 'manual__2023-03-03T15:56:24.214509+00:00', '--job-id', '43', '--raw', '--subdir', 'DAGS_FOLDER/watch_tfp_services.py', '--cfg-path', '/tmp/tmp50ghmuhu']
[2023-03-03T15:56:25.071+0000] {standard_task_runner.py:83} INFO - Job 43: Subtask hello_with_python
[2023-03-03T15:56:25.164+0000] {task_command.py:388} INFO - Running <TaskInstance: python_operator.hello_with_python manual__2023-03-03T15:56:24.214509+00:00 [running]> on host b5a34fc27f57
[2023-03-03T15:56:25.248+0000] {taskinstance.py:1509} INFO - Exporting the following env vars:
AIRFLOW_CTX_DAG_OWNER=***
AIRFLOW_CTX_DAG_ID=python_operator
AIRFLOW_CTX_TASK_ID=hello_with_python
AIRFLOW_CTX_EXECUTION_DATE=2023-03-03T15:56:24.214509+00:00
AIRFLOW_CTX_TRY_NUMBER=1
AIRFLOW_CTX_DAG_RUN_ID=manual__2023-03-03T15:56:24.214509+00:00
[2023-03-03T15:56:25.248+0000] {logging_mixin.py:137} INFO - Hello people from python funtion
[2023-03-03T15:56:25.911+0000] {logging_mixin.py:137} INFO - 401
[2023-03-03T15:56:25.912+0000] {python.py:177} INFO - Done. Returned value was: None
[2023-03-03T15:56:25.922+0000] {taskinstance.py:1323} INFO - Marking task as SUCCESS. dag_id=python_operator, task_id=hello_with_python, execution_date=20230303T155624, start_date=20230303T155625, end_date=20230303T155625
[2023-03-03T15:56:25.965+0000] {local_task_job.py:208} INFO - Task exited with return code 0
[2023-03-03T15:56:25.983+0000] {taskinstance.py:2578} INFO - 0 downstream tasks scheduled from follow-on schedule check
