[2023-03-04T15:46:11.291+0000] {taskinstance.py:1083} INFO - Dependencies all met for <TaskInstance: python_operator.hello_with_python manual__2023-03-04T15:46:08.808720+00:00 [queued]>
[2023-03-04T15:46:11.369+0000] {taskinstance.py:1083} INFO - Dependencies all met for <TaskInstance: python_operator.hello_with_python manual__2023-03-04T15:46:08.808720+00:00 [queued]>
[2023-03-04T15:46:11.369+0000] {taskinstance.py:1279} INFO - 
--------------------------------------------------------------------------------
[2023-03-04T15:46:11.369+0000] {taskinstance.py:1280} INFO - Starting attempt 1 of 1
[2023-03-04T15:46:11.370+0000] {taskinstance.py:1281} INFO - 
--------------------------------------------------------------------------------
[2023-03-04T15:46:11.444+0000] {taskinstance.py:1300} INFO - Executing <Task(PythonOperator): hello_with_python> on 2023-03-04 15:46:08.808720+00:00
[2023-03-04T15:46:11.462+0000] {standard_task_runner.py:82} INFO - Running: ['***', 'tasks', 'run', 'python_operator', 'hello_with_python', 'manual__2023-03-04T15:46:08.808720+00:00', '--job-id', '62', '--raw', '--subdir', 'DAGS_FOLDER/watch_tfp_services.py', '--cfg-path', '/tmp/tmpcb265nam']
[2023-03-04T15:46:11.472+0000] {standard_task_runner.py:83} INFO - Job 62: Subtask hello_with_python
[2023-03-04T15:46:11.455+0000] {standard_task_runner.py:55} INFO - Started process 1145 to run task
[2023-03-04T15:46:11.896+0000] {task_command.py:388} INFO - Running <TaskInstance: python_operator.hello_with_python manual__2023-03-04T15:46:08.808720+00:00 [running]> on host 20bced9624b3
[2023-03-04T15:46:12.310+0000] {taskinstance.py:1509} INFO - Exporting the following env vars:
AIRFLOW_CTX_DAG_OWNER=***
AIRFLOW_CTX_DAG_ID=python_operator
AIRFLOW_CTX_TASK_ID=hello_with_python
AIRFLOW_CTX_EXECUTION_DATE=2023-03-04T15:46:08.808720+00:00
AIRFLOW_CTX_TRY_NUMBER=1
AIRFLOW_CTX_DAG_RUN_ID=manual__2023-03-04T15:46:08.808720+00:00
[2023-03-04T15:46:12.920+0000] {logging_mixin.py:137} INFO - Email Sent
[2023-03-04T15:46:12.940+0000] {logging_mixin.py:137} INFO - Hello people from python funtion
[2023-03-04T15:46:13.767+0000] {logging_mixin.py:137} INFO - 200
[2023-03-04T15:46:13.774+0000] {python.py:177} INFO - Done. Returned value was: None
[2023-03-04T15:46:13.840+0000] {taskinstance.py:1323} INFO - Marking task as SUCCESS. dag_id=python_operator, task_id=hello_with_python, execution_date=20230304T154608, start_date=20230304T154611, end_date=20230304T154613
[2023-03-04T15:46:13.969+0000] {local_task_job.py:208} INFO - Task exited with return code 0
[2023-03-04T15:46:14.033+0000] {taskinstance.py:2578} INFO - 0 downstream tasks scheduled from follow-on schedule check
